
=== FINE_TUNE_EPOCHS=1-FIT_ONE_CYCLE_EPOCHS=1-MODEL=mobilenet_v3_small-NUM_SAMPLES=206-FILE_SIZE=50-LOSS=ELSE-retries=0 | attempt 1 | start: 2026-01-25 14:48:01.789788 ===
TACO Extraction: samples=206 size=50 out_dir=/Users/hariomnarang/.mtrain_synth_cache/extract_all_taco_935e50d1288c5840
existing samples: 0
remaining (will generate): 206
loading annotations into memory...
Done (t=0.03s)
creating index...
index created!
total cycles: 1
copied files: 206
DDG Dumping: samples=206 size=50 out_dir=/Users/hariomnarang/.mtrain_synth_cache/dump_ddg_images_8e3358608d0f4a4f
copied files: 158
[0, 1.185394048690796, 0.5194047093391418, '00:02']
[0, 0.9605992436408997, 0.5640853047370911, '00:00']
[0, 0.9645929932594299, 0.5745169520378113, '00:00']

Generating samples:   0%|          | 0/206 [00:00<?, ?iteration/s]
Generating samples:   6%|▌         | 12/206 [00:00<00:02, 94.43iteration/s]
Generating samples:  14%|█▎        | 28/206 [00:00<00:01, 125.29iteration/s]
Generating samples:  20%|██        | 42/206 [00:00<00:01, 93.05iteration/s] 
Generating samples:  30%|███       | 62/206 [00:00<00:01, 92.13iteration/s]
Generating samples:  37%|███▋      | 76/206 [00:00<00:01, 92.28iteration/s]
Generating samples:  43%|████▎     | 88/206 [00:00<00:01, 96.71iteration/s]
Generating samples:  50%|████▉     | 102/206 [00:01<00:01, 102.13iteration/s]
Generating samples:  55%|█████▌    | 114/206 [00:01<00:01, 87.33iteration/s] 
Generating samples:  60%|██████    | 124/206 [00:01<00:01, 81.21iteration/s]
Generating samples:  65%|██████▌   | 134/206 [00:01<00:00, 78.87iteration/s]
Generating samples:  73%|███████▎  | 150/206 [00:01<00:00, 83.93iteration/s]
Generating samples:  78%|███████▊  | 160/206 [00:01<00:00, 79.15iteration/s]
Generating samples:  93%|█████████▎| 192/206 [00:01<00:00, 123.48iteration/s]
Generating samples: 100%|██████████| 206/206 [00:02<00:00, 107.72iteration/s]
Generating samples: 100%|██████████| 206/206 [00:02<00:00, 96.08iteration/s] 

  0%|          | 0/158 [00:00<?, ?it/s]
  8%|▊         | 12/158 [00:00<00:01, 111.83it/s]
 15%|█▌        | 24/158 [00:00<00:01, 104.89it/s]
 22%|██▏       | 35/158 [00:00<00:01, 67.19it/s] 
 30%|███       | 48/158 [00:00<00:01, 79.76it/s]
 36%|███▌      | 57/158 [00:00<00:01, 80.92it/s]
 42%|████▏     | 66/158 [00:00<00:01, 83.06it/s]
 49%|████▊     | 77/158 [00:00<00:00, 88.99it/s]
 56%|█████▋    | 89/158 [00:01<00:00, 96.48it/s]
 63%|██████▎   | 99/158 [00:01<00:00, 92.60it/s]
 69%|██████▉   | 109/158 [00:01<00:00, 84.20it/s]
 77%|███████▋  | 121/158 [00:01<00:00, 92.13it/s]
 83%|████████▎ | 131/158 [00:01<00:00, 92.89it/s]
 91%|█████████ | 143/158 [00:01<00:00, 98.76it/s]
 97%|█████████▋| 154/158 [00:01<00:00, 88.46it/s]
100%|██████████| 158/158 [00:01<00:00, 88.60it/s]
/Users/hariomnarang/Desktop/personal/roads/mtrain/.venv/lib/python3.12/site-packages/torchvision/models/_utils.py:208: UserWarning: The parameter 'pretrained' is deprecated since 0.13 and may be removed in the future, please use 'weights' instead.
  warnings.warn(
/Users/hariomnarang/Desktop/personal/roads/mtrain/.venv/lib/python3.12/site-packages/torchvision/models/_utils.py:223: UserWarning: Arguments other than a weight enum or `None` for 'weights' are deprecated since 0.13 and may be removed in the future. The current behavior is equivalent to passing `weights=MobileNet_V3_Small_Weights.IMAGENET1K_V1`. You can also use `weights=MobileNet_V3_Small_Weights.DEFAULT` to get the most up-to-date weights.
  warnings.warn(msg)

  0%|          | 0/336 [00:00<?, ?it/s]
  0%|          | 1/336 [00:00<01:32,  3.64it/s]
  3%|▎         | 9/336 [00:00<00:11, 28.93it/s]
  5%|▌         | 17/336 [00:00<00:07, 44.37it/s]
  7%|▋         | 25/336 [00:00<00:05, 54.20it/s]
 10%|▉         | 33/336 [00:00<00:04, 60.83it/s]
 12%|█▏        | 41/336 [00:00<00:04, 65.23it/s]
 15%|█▍        | 49/336 [00:00<00:04, 68.36it/s]
 17%|█▋        | 57/336 [00:01<00:03, 70.29it/s]
 19%|█▉        | 65/336 [00:01<00:03, 71.53it/s]
 22%|██▏       | 73/336 [00:01<00:03, 72.14it/s]
 24%|██▍       | 81/336 [00:01<00:03, 71.25it/s]
 26%|██▋       | 89/336 [00:01<00:03, 72.02it/s]
 29%|██▉       | 97/336 [00:01<00:03, 72.21it/s]
 31%|███▏      | 105/336 [00:01<00:03, 73.11it/s]
 34%|███▎      | 113/336 [00:01<00:02, 74.64it/s]
 36%|███▌      | 121/336 [00:01<00:02, 75.31it/s]
 38%|███▊      | 129/336 [00:01<00:02, 75.35it/s]
 41%|████      | 137/336 [00:02<00:02, 75.15it/s]
 43%|████▎     | 145/336 [00:02<00:02, 74.70it/s]
 46%|████▌     | 153/336 [00:02<00:02, 74.67it/s]
 48%|████▊     | 161/336 [00:02<00:02, 74.83it/s]
 50%|█████     | 169/336 [00:02<00:02, 75.00it/s]
 53%|█████▎    | 177/336 [00:02<00:02, 75.16it/s]
 55%|█████▌    | 185/336 [00:02<00:02, 74.87it/s]
 57%|█████▋    | 193/336 [00:02<00:01, 74.46it/s]
 60%|█████▉    | 201/336 [00:02<00:01, 74.99it/s]
 62%|██████▏   | 209/336 [00:03<00:01, 75.56it/s]
 65%|██████▍   | 217/336 [00:03<00:01, 75.20it/s]
 67%|██████▋   | 225/336 [00:03<00:01, 74.88it/s]
 69%|██████▉   | 233/336 [00:03<00:01, 73.75it/s]
 72%|███████▏  | 241/336 [00:03<00:01, 73.85it/s]
 74%|███████▍  | 249/336 [00:03<00:01, 73.89it/s]
 76%|███████▋  | 257/336 [00:03<00:01, 73.12it/s]
 79%|███████▉  | 265/336 [00:03<00:00, 73.77it/s]
 81%|████████▏ | 273/336 [00:03<00:00, 74.21it/s]
 84%|████████▎ | 281/336 [00:04<00:00, 73.49it/s]
 86%|████████▌ | 289/336 [00:04<00:00, 71.93it/s]
 88%|████████▊ | 297/336 [00:04<00:00, 67.88it/s]
 90%|█████████ | 304/336 [00:04<00:00, 68.21it/s]
 93%|█████████▎| 312/336 [00:04<00:00, 70.88it/s]
 95%|█████████▌| 320/336 [00:04<00:00, 71.43it/s]
 98%|█████████▊| 328/336 [00:04<00:00, 70.88it/s]
100%|██████████| 336/336 [00:04<00:00, 71.72it/s]
100%|██████████| 336/336 [00:04<00:00, 69.61it/s]

=== SUCCESS | attempt_time: 0:00:18.585440 ===
