
=== FINE_TUNE_EPOCHS=20-FIT_ONE_CYCLE_EPOCHS=10-MODEL=mobilenet_v3_small-NUM_SAMPLES=5000-FILE_SIZE=50-LOSS=ELSE-retries=0 | attempt 1 | start: 2026-01-25 15:33:50.665192 ===
CACHE: finding existing file count
CACHE: existing count: 0
TACO Extraction: samples=5000 size=50 out_dir=/Users/hariomnarang/.mtrain_synth_cache/extract_all_taco_935e50d1288c5840
existing samples: 0
remaining (will generate): 5000
loading annotations into memory...
Done (t=0.02s)
creating index...
index created!
90% done
total cycles: 2
copied files: 5000
DDG Dumping: samples=5000 size=50 out_dir=../../datasets/T005-with-taco-and-ddg/FINE_TUNE_EPOCHS=20-FIT_ONE_CYCLE_EPOCHS=10-MODEL=mobilenet_v3_small-NUM_SAMPLES=5000-FILE_SIZE=50-LOSS=ELSE-retries=0/synth/pos
shuffled set size 158
after samples size 158
10% done
20% done
30% done
40% done
50% done
60% done
70% done
80% done
90% done
100% done
[0, 0.7758362293243408, 0.6362976431846619, '00:10']
[0, 0.6170458197593689, 0.9356299042701721, '00:09']
[1, 0.5930278301239014, 0.7072334289550781, '00:09']
[2, 0.5347759127616882, 0.5388646125793457, '00:09']
[3, 0.5025048851966858, 0.4801085293292999, '00:11']
[4, 0.45773473381996155, 0.3988456428050995, '00:14']
[5, 0.4207715690135956, 0.3507760167121887, '00:10']
[6, 0.41464799642562866, 0.344332754611969, '00:09']
[7, 0.40268072485923767, 0.333139568567276, '00:10']
[8, 0.3759864568710327, 0.32246315479278564, '00:11']
[9, 0.35722845792770386, 0.2985265851020813, '00:10']
[10, 0.3572917878627777, 0.2937462627887726, '00:10']
[11, 0.3371732532978058, 0.29494762420654297, '00:11']
[12, 0.3267548978328705, 0.2850678861141205, '00:11']
[13, 0.323225200176239, 0.2829907238483429, '00:10']
[14, 0.32086777687072754, 0.2710059583187103, '00:11']
[15, 0.32112377882003784, 0.27097147703170776, '00:10']
[16, 0.31700795888900757, 0.2712634205818176, '00:10']
[17, 0.31448838114738464, 0.2672824561595917, '00:10']
[18, 0.3181284964084625, 0.26852935552597046, '00:10']
[19, 0.32096973061561584, 0.26924028992652893, '00:11']
[0, 0.3090398907661438, 0.26882404088974, '00:11']
[1, 0.3095581531524658, 0.26763999462127686, '00:09']
[2, 0.3238714635372162, 0.26983267068862915, '00:09']
[3, 0.31139257550239563, 0.26917171478271484, '00:09']
[4, 0.31608209013938904, 0.26878654956817627, '00:09']
[5, 0.31496426463127136, 0.2681407630443573, '00:09']
[6, 0.308256596326828, 0.2685285210609436, '00:09']
[7, 0.3055265545845032, 0.26874446868896484, '00:09']
[8, 0.30206039547920227, 0.26901593804359436, '00:09']
[9, 0.32129591703414917, 0.26857665181159973, '00:09']
/Users/hariomnarang/Desktop/personal/roads/mtrain/.venv/lib/python3.12/site-packages/torchvision/models/_utils.py:208: UserWarning: The parameter 'pretrained' is deprecated since 0.13 and may be removed in the future, please use 'weights' instead.
  warnings.warn(
/Users/hariomnarang/Desktop/personal/roads/mtrain/.venv/lib/python3.12/site-packages/torchvision/models/_utils.py:223: UserWarning: Arguments other than a weight enum or `None` for 'weights' are deprecated since 0.13 and may be removed in the future. The current behavior is equivalent to passing `weights=MobileNet_V3_Small_Weights.IMAGENET1K_V1`. You can also use `weights=MobileNet_V3_Small_Weights.DEFAULT` to get the most up-to-date weights.
  warnings.warn(msg)

  0%|          | 0/336 [00:00<?, ?it/s]
  0%|          | 1/336 [00:00<03:04,  1.81it/s]
  2%|▏         | 6/336 [00:00<00:28, 11.47it/s]
  3%|▎         | 11/336 [00:00<00:16, 19.87it/s]
  5%|▍         | 16/336 [00:00<00:11, 26.88it/s]
  6%|▋         | 21/336 [00:00<00:09, 32.53it/s]
  8%|▊         | 26/336 [00:01<00:08, 36.69it/s]
  9%|▉         | 31/336 [00:01<00:07, 39.88it/s]
 11%|█         | 36/336 [00:01<00:07, 42.64it/s]
 12%|█▏        | 41/336 [00:01<00:06, 44.46it/s]
 14%|█▎        | 46/336 [00:01<00:06, 45.57it/s]
 15%|█▌        | 51/336 [00:01<00:06, 44.46it/s]
 17%|█▋        | 56/336 [00:01<00:06, 43.35it/s]
 18%|█▊        | 61/336 [00:01<00:06, 43.23it/s]
 20%|█▉        | 66/336 [00:01<00:06, 44.73it/s]
 21%|██        | 71/336 [00:02<00:05, 45.83it/s]
 23%|██▎       | 76/336 [00:02<00:05, 46.39it/s]
 24%|██▍       | 81/336 [00:02<00:05, 46.72it/s]
 26%|██▌       | 86/336 [00:02<00:05, 47.04it/s]
 27%|██▋       | 91/336 [00:02<00:05, 47.35it/s]
 29%|██▊       | 96/336 [00:02<00:05, 47.67it/s]
 30%|███       | 101/336 [00:02<00:04, 47.75it/s]
 32%|███▏      | 106/336 [00:02<00:04, 47.33it/s]
 33%|███▎      | 111/336 [00:02<00:04, 47.52it/s]
 35%|███▍      | 116/336 [00:02<00:04, 47.84it/s]
 36%|███▌      | 121/336 [00:03<00:04, 47.85it/s]
 38%|███▊      | 126/336 [00:03<00:04, 47.51it/s]
 39%|███▉      | 131/336 [00:03<00:04, 47.72it/s]
 40%|████      | 136/336 [00:03<00:04, 47.97it/s]
 42%|████▏     | 141/336 [00:03<00:04, 48.51it/s]
 43%|████▎     | 146/336 [00:03<00:03, 48.58it/s]
 45%|████▍     | 151/336 [00:03<00:03, 48.30it/s]
 46%|████▋     | 156/336 [00:03<00:03, 48.33it/s]
 48%|████▊     | 161/336 [00:03<00:03, 48.18it/s]
 49%|████▉     | 166/336 [00:04<00:03, 48.43it/s]
 51%|█████     | 171/336 [00:04<00:03, 48.50it/s]
 52%|█████▏    | 176/336 [00:04<00:03, 48.55it/s]
 54%|█████▍    | 181/336 [00:04<00:03, 48.43it/s]
 55%|█████▌    | 186/336 [00:04<00:03, 48.49it/s]
 57%|█████▋    | 191/336 [00:04<00:02, 48.62it/s]
 58%|█████▊    | 196/336 [00:04<00:02, 48.61it/s]
 60%|█████▉    | 201/336 [00:04<00:02, 48.91it/s]
 61%|██████▏   | 206/336 [00:04<00:02, 48.75it/s]
 63%|██████▎   | 211/336 [00:04<00:02, 48.62it/s]
 64%|██████▍   | 216/336 [00:05<00:02, 48.43it/s]
 66%|██████▌   | 221/336 [00:05<00:02, 48.29it/s]
 67%|██████▋   | 226/336 [00:05<00:02, 48.45it/s]
 69%|██████▉   | 231/336 [00:05<00:02, 48.33it/s]
 70%|███████   | 236/336 [00:05<00:02, 48.34it/s]
 72%|███████▏  | 241/336 [00:05<00:01, 48.36it/s]
 73%|███████▎  | 246/336 [00:05<00:01, 48.16it/s]
 75%|███████▍  | 251/336 [00:05<00:01, 48.27it/s]
 76%|███████▌  | 256/336 [00:05<00:01, 48.25it/s]
 78%|███████▊  | 261/336 [00:05<00:01, 48.45it/s]
 79%|███████▉  | 266/336 [00:06<00:01, 48.14it/s]
 81%|████████  | 271/336 [00:06<00:01, 48.06it/s]
 82%|████████▏ | 277/336 [00:06<00:01, 48.85it/s]
 84%|████████▍ | 282/336 [00:06<00:01, 48.89it/s]
 85%|████████▌ | 287/336 [00:06<00:01, 48.98it/s]
 87%|████████▋ | 292/336 [00:06<00:00, 48.86it/s]
 88%|████████▊ | 297/336 [00:06<00:00, 48.66it/s]
 90%|████████▉ | 302/336 [00:06<00:00, 48.60it/s]
 91%|█████████▏| 307/336 [00:06<00:00, 48.63it/s]
 93%|█████████▎| 312/336 [00:07<00:00, 48.60it/s]
 94%|█████████▍| 317/336 [00:07<00:00, 48.34it/s]
 96%|█████████▌| 322/336 [00:07<00:00, 48.46it/s]
 97%|█████████▋| 327/336 [00:07<00:00, 48.42it/s]
 99%|█████████▉| 332/336 [00:07<00:00, 48.53it/s]
100%|██████████| 336/336 [00:07<00:00, 44.61it/s]

=== SUCCESS | attempt_time: 0:06:55.088543 ===
