
=== FINE_TUNE_EPOCHS=20-FIT_ONE_CYCLE_EPOCHS=10-MODEL=mobilenet_v3_small-NUM_SAMPLES=5000-FILE_SIZE=35-LOSS=ELSE-retries=0 | attempt 1 | start: 2026-01-25 15:20:01.771349 ===
CACHE: finding existing file count
CACHE: existing count: 0
TACO Extraction: samples=5000 size=35 out_dir=/Users/hariomnarang/.mtrain_synth_cache/extract_all_taco_ca57f852052e6772
existing samples: 0
remaining (will generate): 5000
loading annotations into memory...
Done (t=0.03s)
creating index...
index created!
total cycles: 2
copied files: 5000
DDG Dumping: samples=5000 size=35 out_dir=../../datasets/T005-with-taco-and-ddg/FINE_TUNE_EPOCHS=20-FIT_ONE_CYCLE_EPOCHS=10-MODEL=mobilenet_v3_small-NUM_SAMPLES=5000-FILE_SIZE=35-LOSS=ELSE-retries=0/synth/pos
shuffled set size 158
after samples size 158
10% done
20% done
30% done
40% done
50% done
60% done
70% done
80% done
90% done
100% done
[0, 0.8182345628738403, 0.677184522151947, '00:08']
[0, 0.6039034128189087, 0.5886172652244568, '00:07']
[1, 0.570224940776825, 0.4232714772224426, '00:06']
[2, 0.5500718951225281, 0.3911917209625244, '00:06']
[3, 0.5087646245956421, 0.3894464671611786, '00:06']
[4, 0.47277116775512695, 0.3740416169166565, '00:06']
[5, 0.44874852895736694, 0.35825881361961365, '00:06']
[6, 0.42401596903800964, 0.3357168436050415, '00:06']
[7, 0.4052829146385193, 0.3190493881702423, '00:06']
[8, 0.3811165392398834, 0.33637329936027527, '00:06']
[9, 0.38709402084350586, 0.3298608958721161, '00:06']
[10, 0.3743574917316437, 0.31837591528892517, '00:06']
[11, 0.3690798282623291, 0.3179357051849365, '00:06']
[12, 0.3636057376861572, 0.3090689480304718, '00:06']
[13, 0.3484708070755005, 0.30624282360076904, '00:06']
[14, 0.346127450466156, 0.3077952265739441, '00:06']
[15, 0.3474888205528259, 0.30592867732048035, '00:06']
[16, 0.33547747135162354, 0.3030956983566284, '00:06']
[17, 0.3445800840854645, 0.3032795488834381, '00:06']
[18, 0.3477379083633423, 0.30230098962783813, '00:06']
[19, 0.3302712142467499, 0.30171719193458557, '00:06']
[0, 0.33449146151542664, 0.3041565418243408, '00:06']
[1, 0.3325667381286621, 0.30020520091056824, '00:06']
[2, 0.32969576120376587, 0.2992524206638336, '00:06']
[3, 0.33518993854522705, 0.2935284376144409, '00:06']
[4, 0.331338107585907, 0.2917296588420868, '00:06']
[5, 0.34043246507644653, 0.29063889384269714, '00:06']
[6, 0.33905529975891113, 0.2929993271827698, '00:06']
[7, 0.33537033200263977, 0.2925645112991333, '00:06']
[8, 0.32774218916893005, 0.2917754650115967, '00:06']
[9, 0.3355245292186737, 0.29437610507011414, '00:06']
/Users/hariomnarang/Desktop/personal/roads/mtrain/.venv/lib/python3.12/site-packages/torchvision/models/_utils.py:208: UserWarning: The parameter 'pretrained' is deprecated since 0.13 and may be removed in the future, please use 'weights' instead.
  warnings.warn(
/Users/hariomnarang/Desktop/personal/roads/mtrain/.venv/lib/python3.12/site-packages/torchvision/models/_utils.py:223: UserWarning: Arguments other than a weight enum or `None` for 'weights' are deprecated since 0.13 and may be removed in the future. The current behavior is equivalent to passing `weights=MobileNet_V3_Small_Weights.IMAGENET1K_V1`. You can also use `weights=MobileNet_V3_Small_Weights.DEFAULT` to get the most up-to-date weights.
  warnings.warn(msg)

  0%|          | 0/660 [00:00<?, ?it/s]
  0%|          | 1/660 [00:00<03:30,  3.13it/s]
  1%|▏         | 9/660 [00:00<00:24, 26.16it/s]
  3%|▎         | 17/660 [00:00<00:15, 40.94it/s]
  4%|▍         | 25/660 [00:00<00:12, 50.73it/s]
  5%|▌         | 33/660 [00:00<00:10, 57.32it/s]
  6%|▌         | 41/660 [00:00<00:10, 61.87it/s]
  7%|▋         | 49/660 [00:00<00:09, 64.80it/s]
  9%|▊         | 57/660 [00:01<00:09, 66.61it/s]
 10%|▉         | 65/660 [00:01<00:08, 68.09it/s]
 11%|█         | 73/660 [00:01<00:08, 68.49it/s]
 12%|█▏        | 80/660 [00:01<00:08, 68.78it/s]
 13%|█▎        | 88/660 [00:01<00:08, 69.31it/s]
 15%|█▍        | 96/660 [00:01<00:08, 69.93it/s]
 16%|█▌        | 104/660 [00:01<00:07, 70.41it/s]
 17%|█▋        | 112/660 [00:01<00:07, 70.48it/s]
 18%|█▊        | 120/660 [00:01<00:07, 70.88it/s]
 19%|█▉        | 128/660 [00:02<00:07, 71.36it/s]
 21%|██        | 136/660 [00:02<00:07, 71.55it/s]
 22%|██▏       | 144/660 [00:02<00:07, 71.26it/s]
 23%|██▎       | 152/660 [00:02<00:07, 71.24it/s]
 24%|██▍       | 160/660 [00:02<00:07, 71.26it/s]
 25%|██▌       | 168/660 [00:02<00:06, 71.32it/s]
 27%|██▋       | 176/660 [00:02<00:06, 71.15it/s]
 28%|██▊       | 184/660 [00:02<00:06, 71.28it/s]
 29%|██▉       | 192/660 [00:02<00:06, 71.23it/s]
 30%|███       | 200/660 [00:03<00:06, 71.52it/s]
 32%|███▏      | 208/660 [00:03<00:06, 72.23it/s]
 33%|███▎      | 216/660 [00:03<00:06, 71.81it/s]
 34%|███▍      | 224/660 [00:03<00:06, 71.69it/s]
 35%|███▌      | 232/660 [00:03<00:05, 71.79it/s]
 36%|███▋      | 240/660 [00:03<00:05, 71.81it/s]
 38%|███▊      | 248/660 [00:03<00:05, 71.73it/s]
 39%|███▉      | 256/660 [00:03<00:05, 71.74it/s]
 40%|████      | 264/660 [00:03<00:05, 71.95it/s]
 41%|████      | 272/660 [00:04<00:05, 72.34it/s]
 42%|████▏     | 280/660 [00:04<00:05, 72.42it/s]
 44%|████▎     | 288/660 [00:04<00:05, 72.25it/s]
 45%|████▍     | 296/660 [00:04<00:05, 72.10it/s]
 46%|████▌     | 304/660 [00:04<00:04, 72.09it/s]
 47%|████▋     | 312/660 [00:04<00:04, 72.05it/s]
 48%|████▊     | 320/660 [00:04<00:04, 72.00it/s]
 50%|████▉     | 328/660 [00:04<00:04, 71.94it/s]
 51%|█████     | 336/660 [00:04<00:04, 71.78it/s]
 52%|█████▏    | 344/660 [00:05<00:04, 71.76it/s]
 53%|█████▎    | 352/660 [00:05<00:04, 71.85it/s]
 55%|█████▍    | 360/660 [00:05<00:04, 71.91it/s]
 56%|█████▌    | 368/660 [00:05<00:04, 72.04it/s]
 57%|█████▋    | 376/660 [00:05<00:03, 72.05it/s]
 58%|█████▊    | 384/660 [00:05<00:03, 71.52it/s]
 59%|█████▉    | 392/660 [00:05<00:03, 71.41it/s]
 61%|██████    | 400/660 [00:05<00:03, 71.39it/s]
 62%|██████▏   | 408/660 [00:06<00:03, 71.48it/s]
 63%|██████▎   | 416/660 [00:06<00:03, 71.25it/s]
 64%|██████▍   | 424/660 [00:06<00:03, 71.63it/s]
 65%|██████▌   | 432/660 [00:06<00:03, 71.81it/s]
 67%|██████▋   | 440/660 [00:06<00:03, 71.96it/s]
 68%|██████▊   | 448/660 [00:06<00:02, 72.12it/s]
 69%|██████▉   | 456/660 [00:06<00:02, 72.14it/s]
 70%|███████   | 464/660 [00:06<00:02, 72.15it/s]
 72%|███████▏  | 472/660 [00:06<00:02, 72.34it/s]
 73%|███████▎  | 480/660 [00:06<00:02, 72.55it/s]
 74%|███████▍  | 488/660 [00:07<00:02, 72.60it/s]
 75%|███████▌  | 496/660 [00:07<00:02, 72.58it/s]
 76%|███████▋  | 504/660 [00:07<00:02, 72.46it/s]
 78%|███████▊  | 512/660 [00:07<00:02, 72.47it/s]
 79%|███████▉  | 520/660 [00:07<00:01, 72.39it/s]
 80%|████████  | 528/660 [00:07<00:01, 72.41it/s]
 81%|████████  | 536/660 [00:07<00:01, 72.37it/s]
 82%|████████▏ | 544/660 [00:07<00:01, 72.25it/s]
 84%|████████▎ | 552/660 [00:07<00:01, 72.25it/s]
 85%|████████▍ | 560/660 [00:08<00:01, 72.40it/s]
 86%|████████▌ | 568/660 [00:08<00:01, 72.41it/s]
 87%|████████▋ | 576/660 [00:08<00:01, 72.37it/s]
 88%|████████▊ | 584/660 [00:08<00:01, 72.38it/s]
 90%|████████▉ | 592/660 [00:08<00:00, 73.03it/s]
 91%|█████████ | 600/660 [00:08<00:00, 72.71it/s]
 92%|█████████▏| 608/660 [00:08<00:00, 72.68it/s]
 93%|█████████▎| 616/660 [00:08<00:00, 72.54it/s]
 95%|█████████▍| 624/660 [00:08<00:00, 72.53it/s]
 96%|█████████▌| 632/660 [00:09<00:00, 72.48it/s]
 97%|█████████▋| 640/660 [00:09<00:00, 72.37it/s]
 98%|█████████▊| 648/660 [00:09<00:00, 72.01it/s]
 99%|█████████▉| 656/660 [00:09<00:00, 71.91it/s]
100%|██████████| 660/660 [00:09<00:00, 69.58it/s]

=== SUCCESS | attempt_time: 0:04:33.887506 ===
