
=== FINE_TUNE_EPOCHS=20-FIT_ONE_CYCLE_EPOCHS=10-MODEL=mobilenet_v3_small-NUM_SAMPLES=5000-FILE_SIZE=45-LOSS=ELSE-retries=0 | attempt 1 | start: 2026-01-25 13:04:06.193641 ===
existing samples: 5001
remaining (will generate): 0
loading annotations into memory...
Done (t=0.04s)
creating index...
index created!
total cycles: 0
[0, 0.7847132682800293, 0.6069093346595764, '00:11']
[0, 0.5985384583473206, 0.7136099338531494, '00:11']
[1, 0.5551159381866455, 0.5058526396751404, '00:10']
[2, 0.5169724225997925, 0.39639654755592346, '00:09']
[3, 0.4998400807380676, 0.33070632815361023, '00:11']
[4, 0.4834129810333252, 0.3258872330188751, '00:08']
[5, 0.4507254362106323, 0.3226347863674164, '00:08']
[6, 0.41909804940223694, 0.3033105134963989, '00:08']
[7, 0.3828001022338867, 0.31092411279678345, '00:09']
[8, 0.3732700049877167, 0.29145675897598267, '00:08']
[9, 0.3730504512786865, 0.29877179861068726, '00:12']
[10, 0.3579696714878082, 0.28773462772369385, '00:13']
[11, 0.3581201434135437, 0.29265058040618896, '00:11']
[12, 0.34424903988838196, 0.27224382758140564, '00:19']
[13, 0.3452725410461426, 0.26769834756851196, '00:26']
[14, 0.330257385969162, 0.2673487663269043, '00:13']
[15, 0.3224256932735443, 0.2557460069656372, '00:09']
[16, 0.32892733812332153, 0.2547031044960022, '00:14']
[17, 0.3383578956127167, 0.2546331584453583, '00:14']
[18, 0.32942691445350647, 0.25639089941978455, '00:18']
[19, 0.3251904547214508, 0.2580104172229767, '00:12']
[0, 0.31864890456199646, 0.2542717158794403, '00:26']
[1, 0.32932084798812866, 0.25532951951026917, '00:26']
[2, 0.3243514597415924, 0.2573430836200714, '00:08']
[3, 0.3354506194591522, 0.25817275047302246, '00:08']
[4, 0.3304932415485382, 0.25697246193885803, '00:08']
[5, 0.331672728061676, 0.25842002034187317, '00:08']
[6, 0.33012276887893677, 0.2558531165122986, '00:08']
[7, 0.31423377990722656, 0.2548244893550873, '00:07']
[8, 0.3084392547607422, 0.2533964514732361, '00:08']
[9, 0.3191853165626526, 0.25480911135673523, '00:08']

Generating samples: 0iteration [00:00, ?iteration/s]
Generating samples: 0iteration [00:00, ?iteration/s]
/Users/hariomnarang/Desktop/personal/roads/mtrain/.venv/lib/python3.12/site-packages/torchvision/models/_utils.py:208: UserWarning: The parameter 'pretrained' is deprecated since 0.13 and may be removed in the future, please use 'weights' instead.
  warnings.warn(
/Users/hariomnarang/Desktop/personal/roads/mtrain/.venv/lib/python3.12/site-packages/torchvision/models/_utils.py:223: UserWarning: Arguments other than a weight enum or `None` for 'weights' are deprecated since 0.13 and may be removed in the future. The current behavior is equivalent to passing `weights=MobileNet_V3_Small_Weights.IMAGENET1K_V1`. You can also use `weights=MobileNet_V3_Small_Weights.DEFAULT` to get the most up-to-date weights.
  warnings.warn(msg)

  0%|          | 0/414 [00:00<?, ?it/s]
  0%|          | 1/414 [00:01<07:55,  1.15s/it]
  1%|▏         | 6/414 [00:01<01:05,  6.21it/s]
  3%|▎         | 11/414 [00:01<00:33, 12.09it/s]
  4%|▍         | 16/414 [00:01<00:22, 18.00it/s]
  5%|▌         | 21/414 [00:01<00:16, 23.83it/s]
  6%|▋         | 26/414 [00:01<00:13, 29.19it/s]
  8%|▊         | 32/414 [00:01<00:10, 34.75it/s]
  9%|▉         | 38/414 [00:01<00:09, 39.21it/s]
 11%|█         | 44/414 [00:02<00:08, 42.63it/s]
 12%|█▏        | 50/414 [00:02<00:08, 44.96it/s]
 14%|█▎        | 56/414 [00:02<00:07, 46.70it/s]
 15%|█▍        | 62/414 [00:02<00:07, 48.01it/s]
 16%|█▋        | 68/414 [00:02<00:07, 49.06it/s]
 18%|█▊        | 74/414 [00:02<00:06, 49.48it/s]
 19%|█▉        | 80/414 [00:02<00:06, 50.06it/s]
 21%|██        | 86/414 [00:02<00:06, 50.06it/s]
 22%|██▏       | 92/414 [00:02<00:06, 50.34it/s]
 24%|██▎       | 98/414 [00:03<00:06, 50.84it/s]
 25%|██▌       | 104/414 [00:03<00:06, 50.98it/s]
 27%|██▋       | 110/414 [00:03<00:05, 51.24it/s]
 28%|██▊       | 116/414 [00:03<00:05, 49.75it/s]
 29%|██▉       | 122/414 [00:03<00:05, 50.00it/s]
 31%|███       | 128/414 [00:03<00:05, 49.95it/s]
 32%|███▏      | 134/414 [00:03<00:05, 50.37it/s]
 34%|███▍      | 140/414 [00:03<00:05, 50.65it/s]
 35%|███▌      | 146/414 [00:04<00:05, 50.82it/s]
 37%|███▋      | 152/414 [00:04<00:05, 51.02it/s]
 38%|███▊      | 158/414 [00:04<00:05, 51.05it/s]
 40%|███▉      | 164/414 [00:04<00:04, 50.91it/s]
 41%|████      | 170/414 [00:04<00:04, 51.04it/s]
 43%|████▎     | 176/414 [00:04<00:04, 51.08it/s]
 44%|████▍     | 182/414 [00:04<00:04, 51.16it/s]
 45%|████▌     | 188/414 [00:04<00:04, 51.24it/s]
 47%|████▋     | 194/414 [00:04<00:04, 51.30it/s]
 48%|████▊     | 200/414 [00:05<00:04, 51.18it/s]
 50%|████▉     | 206/414 [00:05<00:04, 51.56it/s]
 51%|█████     | 212/414 [00:05<00:03, 51.70it/s]
 53%|█████▎    | 218/414 [00:05<00:03, 51.53it/s]
 54%|█████▍    | 224/414 [00:05<00:03, 51.46it/s]
 56%|█████▌    | 230/414 [00:05<00:03, 51.39it/s]
 57%|█████▋    | 236/414 [00:05<00:03, 51.53it/s]
 58%|█████▊    | 242/414 [00:05<00:03, 51.33it/s]
 60%|█████▉    | 248/414 [00:06<00:03, 51.13it/s]
 61%|██████▏   | 254/414 [00:06<00:03, 50.70it/s]
 63%|██████▎   | 260/414 [00:06<00:03, 50.81it/s]
 64%|██████▍   | 266/414 [00:06<00:02, 50.84it/s]
 66%|██████▌   | 272/414 [00:06<00:02, 51.13it/s]
 67%|██████▋   | 278/414 [00:06<00:02, 51.04it/s]
 69%|██████▊   | 284/414 [00:06<00:02, 51.03it/s]
 70%|███████   | 290/414 [00:06<00:02, 51.20it/s]
 71%|███████▏  | 296/414 [00:06<00:02, 51.23it/s]
 73%|███████▎  | 302/414 [00:07<00:02, 51.32it/s]
 74%|███████▍  | 308/414 [00:07<00:02, 51.51it/s]
 76%|███████▌  | 314/414 [00:07<00:01, 51.60it/s]
 77%|███████▋  | 320/414 [00:07<00:01, 51.49it/s]
 79%|███████▊  | 326/414 [00:07<00:01, 51.52it/s]
 80%|████████  | 332/414 [00:07<00:01, 51.60it/s]
 82%|████████▏ | 338/414 [00:07<00:01, 51.45it/s]
 83%|████████▎ | 344/414 [00:07<00:01, 51.54it/s]
 85%|████████▍ | 350/414 [00:08<00:01, 51.75it/s]
 86%|████████▌ | 356/414 [00:08<00:01, 51.65it/s]
 87%|████████▋ | 362/414 [00:08<00:01, 51.75it/s]
 89%|████████▉ | 368/414 [00:08<00:00, 51.63it/s]
 90%|█████████ | 374/414 [00:08<00:00, 51.58it/s]
 92%|█████████▏| 380/414 [00:08<00:00, 51.84it/s]
 93%|█████████▎| 386/414 [00:08<00:00, 51.86it/s]
 95%|█████████▍| 392/414 [00:08<00:00, 51.95it/s]
 96%|█████████▌| 398/414 [00:08<00:00, 51.67it/s]
 98%|█████████▊| 404/414 [00:09<00:00, 51.46it/s]
 99%|█████████▉| 410/414 [00:09<00:00, 51.47it/s]
100%|██████████| 414/414 [00:09<00:00, 44.76it/s]

=== SUCCESS | attempt_time: 0:06:42.713756 ===
