
=== FINE_TUNE_EPOCHS=10-FIT_ONE_CYCLE_EPOCHS=10-MODEL=mobilenet_v3_small-NUM_SAMPLES=5000-FILE_SIZE=65-LOSS=ELSE-retries=0 | attempt 1 | start: 2026-01-25 12:29:11.151587 ===
existing samples: 5001
remaining (will generate): 0
loading annotations into memory...
Done (t=0.02s)
creating index...
index created!
total cycles: 0
[0, 0.6191844940185547, 0.714264988899231, '00:09']
[0, 0.47834545373916626, 0.7091674208641052, '00:09']
[1, 0.4197568893432617, 0.30291253328323364, '00:08']
[2, 0.3846813440322876, 0.22648249566555023, '00:08']
[3, 0.36400362849235535, 0.18841616809368134, '00:08']
[4, 0.32859307527542114, 0.18482504785060883, '00:08']
[5, 0.2986542284488678, 0.17262591421604156, '00:08']
[6, 0.2817569673061371, 0.16723451018333435, '00:08']
[7, 0.27492135763168335, 0.16085763275623322, '00:08']
[8, 0.2654574513435364, 0.15216730535030365, '00:08']
[9, 0.26338523626327515, 0.14948809146881104, '00:08']
[0, 0.2811196744441986, 0.14873714745044708, '00:08']
[1, 0.2644227147102356, 0.14498776197433472, '00:08']
[2, 0.26787832379341125, 0.1419222056865692, '00:08']
[3, 0.2614395022392273, 0.1428048014640808, '00:08']
[4, 0.2627021372318268, 0.14444731175899506, '00:08']
[5, 0.2538554072380066, 0.1439151018857956, '00:08']
[6, 0.26407769322395325, 0.14467372000217438, '00:08']
[7, 0.2629825472831726, 0.1435476690530777, '00:08']
[8, 0.25890129804611206, 0.14520199596881866, '00:08']
[9, 0.26301196217536926, 0.1435663104057312, '00:08']

Generating samples: 0iteration [00:00, ?iteration/s]
Generating samples: 0iteration [00:00, ?iteration/s]
/Users/hariomnarang/Desktop/personal/roads/mtrain/.venv/lib/python3.12/site-packages/torchvision/models/_utils.py:208: UserWarning: The parameter 'pretrained' is deprecated since 0.13 and may be removed in the future, please use 'weights' instead.
  warnings.warn(
/Users/hariomnarang/Desktop/personal/roads/mtrain/.venv/lib/python3.12/site-packages/torchvision/models/_utils.py:223: UserWarning: Arguments other than a weight enum or `None` for 'weights' are deprecated since 0.13 and may be removed in the future. The current behavior is equivalent to passing `weights=MobileNet_V3_Small_Weights.IMAGENET1K_V1`. You can also use `weights=MobileNet_V3_Small_Weights.DEFAULT` to get the most up-to-date weights.
  warnings.warn(msg)

  0%|          | 0/192 [00:00<?, ?it/s]
  1%|          | 1/192 [00:00<02:01,  1.57it/s]
  4%|▍         | 8/192 [00:00<00:13, 14.11it/s]
  8%|▊         | 15/192 [00:00<00:06, 25.69it/s]
 11%|█▏        | 22/192 [00:00<00:04, 35.77it/s]
 15%|█▌        | 29/192 [00:01<00:03, 44.07it/s]
 19%|█▉        | 36/192 [00:01<00:03, 49.96it/s]
 23%|██▎       | 44/192 [00:01<00:02, 56.05it/s]
 27%|██▋       | 52/192 [00:01<00:02, 60.59it/s]
 31%|███       | 59/192 [00:01<00:02, 62.73it/s]
 34%|███▍      | 66/192 [00:01<00:01, 64.41it/s]
 39%|███▊      | 74/192 [00:01<00:01, 66.26it/s]
 43%|████▎     | 82/192 [00:01<00:01, 67.40it/s]
 47%|████▋     | 90/192 [00:01<00:01, 68.94it/s]
 51%|█████     | 98/192 [00:02<00:01, 69.16it/s]
 55%|█████▌    | 106/192 [00:02<00:01, 69.60it/s]
 59%|█████▉    | 114/192 [00:02<00:01, 69.95it/s]
 64%|██████▎   | 122/192 [00:02<00:01, 70.00it/s]
 68%|██████▊   | 130/192 [00:02<00:00, 70.28it/s]
 72%|███████▏  | 138/192 [00:02<00:00, 70.31it/s]
 76%|███████▌  | 146/192 [00:02<00:00, 70.47it/s]
 80%|████████  | 154/192 [00:02<00:00, 70.57it/s]
 84%|████████▍ | 162/192 [00:02<00:00, 70.37it/s]
 89%|████████▊ | 170/192 [00:03<00:00, 70.64it/s]
 93%|█████████▎| 178/192 [00:03<00:00, 70.56it/s]
 97%|█████████▋| 186/192 [00:03<00:00, 70.58it/s]
100%|██████████| 192/192 [00:03<00:00, 57.17it/s]

=== SUCCESS | attempt_time: 0:03:11.223547 ===
