
=== FINE_TUNE_EPOCHS=20-FIT_ONE_CYCLE_EPOCHS=10-MODEL=mobilenet_v3_small-NUM_SAMPLES=5000-FILE_SIZE=60-LOSS=ELSE-retries=0 | attempt 1 | start: 2026-01-25 15:48:16.542002 ===
CACHE: finding existing file count
CACHE: existing count: 0
TACO Extraction: samples=5000 size=60 out_dir=/Users/hariomnarang/.mtrain_synth_cache/extract_all_taco_0ae5fd6b26c3bad9
existing samples: 0
remaining (will generate): 5000
loading annotations into memory...
Done (t=0.04s)
creating index...
index created!
40% done
100% done
total cycles: 2
copied files: 5000
DDG Dumping: samples=5000 size=60 out_dir=../../datasets/T005-with-taco-and-ddg/FINE_TUNE_EPOCHS=20-FIT_ONE_CYCLE_EPOCHS=10-MODEL=mobilenet_v3_small-NUM_SAMPLES=5000-FILE_SIZE=60-LOSS=ELSE-retries=0/synth/pos
shuffled set size 158
after samples size 158
10% done
20% done
30% done
40% done
50% done
60% done
70% done
80% done
90% done
100% done
[0, 0.7749914526939392, 1.1039408445358276, '00:13']
[0, 0.5940982103347778, 0.6481480598449707, '00:12']
[1, 0.5594227313995361, 0.5669437646865845, '00:10']
[2, 0.5014672875404358, 0.4297059178352356, '00:09']
[3, 0.4701026380062103, 0.3432157039642334, '00:10']
[4, 0.44001305103302, 0.33777153491973877, '00:10']
[5, 0.42484405636787415, 0.3486628830432892, '00:10']
[6, 0.3706367015838623, 0.31071335077285767, '00:09']
[7, 0.37133902311325073, 0.3119422197341919, '00:10']
[8, 0.352753609418869, 0.28231099247932434, '00:10']
[9, 0.34363359212875366, 0.2775672376155853, '00:11']
[10, 0.3358272612094879, 0.2742386758327484, '00:10']
[11, 0.3191501498222351, 0.2543097734451294, '00:10']
[12, 0.32417523860931396, 0.2506890296936035, '00:11']
[13, 0.30977410078048706, 0.2518042027950287, '00:10']
[14, 0.30657759308815, 0.24456731975078583, '00:10']
[15, 0.31200551986694336, 0.2396872341632843, '00:13']
[16, 0.3037157952785492, 0.23777146637439728, '00:14']
[17, 0.2962600588798523, 0.23725208640098572, '00:14']
[18, 0.2848403751850128, 0.23551762104034424, '00:11']
[19, 0.29453516006469727, 0.23461969196796417, '00:11']
[0, 0.3026159405708313, 0.2333812266588211, '00:12']
[1, 0.28513485193252563, 0.23313672840595245, '00:13']
[2, 0.2704419195652008, 0.22887352108955383, '00:12']
[3, 0.28886884450912476, 0.22704054415225983, '00:11']
[4, 0.2971533238887787, 0.2308390587568283, '00:13']
[5, 0.30132776498794556, 0.22890517115592957, '00:13']
[6, 0.2899598479270935, 0.23072956502437592, '00:12']
[7, 0.2847142219543457, 0.22947481274604797, '00:11']
[8, 0.2786340117454529, 0.22896438837051392, '00:12']
[9, 0.2933126986026764, 0.22865036129951477, '00:10']
/Users/hariomnarang/Desktop/personal/roads/mtrain/.venv/lib/python3.12/site-packages/torchvision/models/_utils.py:208: UserWarning: The parameter 'pretrained' is deprecated since 0.13 and may be removed in the future, please use 'weights' instead.
  warnings.warn(
/Users/hariomnarang/Desktop/personal/roads/mtrain/.venv/lib/python3.12/site-packages/torchvision/models/_utils.py:223: UserWarning: Arguments other than a weight enum or `None` for 'weights' are deprecated since 0.13 and may be removed in the future. The current behavior is equivalent to passing `weights=MobileNet_V3_Small_Weights.IMAGENET1K_V1`. You can also use `weights=MobileNet_V3_Small_Weights.DEFAULT` to get the most up-to-date weights.
  warnings.warn(msg)

  0%|          | 0/234 [00:00<?, ?it/s]
  0%|          | 1/234 [00:00<02:58,  1.30it/s]
  3%|▎         | 6/234 [00:00<00:25,  8.80it/s]
  5%|▍         | 11/234 [00:00<00:13, 16.03it/s]
  7%|▋         | 16/234 [00:01<00:09, 22.45it/s]
  9%|▉         | 21/234 [00:01<00:07, 28.08it/s]
 11%|█         | 26/234 [00:01<00:06, 32.73it/s]
 13%|█▎        | 31/234 [00:01<00:05, 35.91it/s]
 15%|█▌        | 36/234 [00:01<00:05, 38.66it/s]
 18%|█▊        | 41/234 [00:01<00:04, 40.04it/s]
 20%|█▉        | 46/234 [00:01<00:04, 40.23it/s]
 22%|██▏       | 51/234 [00:01<00:04, 41.91it/s]
 24%|██▍       | 56/234 [00:01<00:04, 43.19it/s]
 26%|██▌       | 61/234 [00:02<00:04, 42.30it/s]
 28%|██▊       | 66/234 [00:02<00:04, 37.12it/s]
 30%|███       | 71/234 [00:02<00:04, 38.95it/s]
 32%|███▏      | 76/234 [00:02<00:03, 40.86it/s]
 35%|███▍      | 81/234 [00:02<00:03, 42.44it/s]
 37%|███▋      | 86/234 [00:02<00:03, 43.68it/s]
 39%|███▉      | 91/234 [00:02<00:03, 44.56it/s]
 41%|████      | 96/234 [00:02<00:03, 44.25it/s]
 43%|████▎     | 101/234 [00:03<00:02, 45.48it/s]
 45%|████▌     | 106/234 [00:03<00:02, 46.07it/s]
 47%|████▋     | 111/234 [00:03<00:02, 46.50it/s]
 50%|████▉     | 116/234 [00:03<00:02, 46.88it/s]
 52%|█████▏    | 121/234 [00:03<00:02, 46.90it/s]
 54%|█████▍    | 126/234 [00:03<00:02, 45.32it/s]
 56%|█████▌    | 131/234 [00:03<00:02, 45.73it/s]
 58%|█████▊    | 136/234 [00:03<00:02, 45.91it/s]
 60%|██████    | 141/234 [00:03<00:02, 46.13it/s]
 62%|██████▏   | 146/234 [00:04<00:01, 46.18it/s]
 65%|██████▍   | 151/234 [00:04<00:01, 46.25it/s]
 67%|██████▋   | 156/234 [00:04<00:01, 46.36it/s]
 69%|██████▉   | 161/234 [00:04<00:01, 46.22it/s]
 71%|███████   | 166/234 [00:04<00:01, 46.58it/s]
 73%|███████▎  | 171/234 [00:04<00:01, 46.57it/s]
 75%|███████▌  | 176/234 [00:04<00:01, 46.30it/s]
 77%|███████▋  | 181/234 [00:04<00:01, 46.43it/s]
 79%|███████▉  | 186/234 [00:04<00:01, 46.67it/s]
 82%|████████▏ | 191/234 [00:04<00:00, 46.54it/s]
 84%|████████▍ | 196/234 [00:05<00:00, 46.54it/s]
 86%|████████▌ | 201/234 [00:05<00:00, 46.61it/s]
 88%|████████▊ | 206/234 [00:05<00:00, 46.55it/s]
 90%|█████████ | 211/234 [00:05<00:00, 44.38it/s]
 92%|█████████▏| 216/234 [00:05<00:00, 39.02it/s]
 94%|█████████▍| 221/234 [00:05<00:00, 37.63it/s]
 97%|█████████▋| 226/234 [00:05<00:00, 37.77it/s]
 99%|█████████▊| 231/234 [00:05<00:00, 38.92it/s]
100%|██████████| 234/234 [00:06<00:00, 38.65it/s]

=== SUCCESS | attempt_time: 0:07:50.167846 ===
