
=== FINE_TUNE_EPOCHS=20-FIT_ONE_CYCLE_EPOCHS=10-MODEL=mobilenet_v3_small-NUM_SAMPLES=5000-FILE_SIZE=55-LOSS=ELSE-retries=0 | attempt 1 | start: 2026-01-25 15:40:45.754580 ===
CACHE: finding existing file count
CACHE: existing count: 0
TACO Extraction: samples=5000 size=55 out_dir=/Users/hariomnarang/.mtrain_synth_cache/extract_all_taco_72f90fe6e4e80116
existing samples: 0
remaining (will generate): 5000
loading annotations into memory...
Done (t=0.04s)
creating index...
index created!
20% done
30% done
40% done
80% done
90% done
100% done
total cycles: 2
copied files: 5000
DDG Dumping: samples=5000 size=55 out_dir=../../datasets/T005-with-taco-and-ddg/FINE_TUNE_EPOCHS=20-FIT_ONE_CYCLE_EPOCHS=10-MODEL=mobilenet_v3_small-NUM_SAMPLES=5000-FILE_SIZE=55-LOSS=ELSE-retries=0/synth/pos
shuffled set size 158
after samples size 158
10% done
20% done
30% done
40% done
50% done
60% done
70% done
80% done
90% done
100% done
[0, 0.78522789478302, 0.6401185989379883, '00:10']
[0, 0.5565947890281677, 0.5540515184402466, '00:12']
[1, 0.5458313822746277, 0.4478835463523865, '00:11']
[2, 0.49918365478515625, 0.42931702733039856, '00:11']
[3, 0.478579044342041, 0.3344634771347046, '00:10']
[4, 0.44722115993499756, 0.3124517798423767, '00:11']
[5, 0.4113702178001404, 0.34176570177078247, '00:10']
[6, 0.3985538184642792, 0.3103146255016327, '00:11']
[7, 0.38382136821746826, 0.31789788603782654, '00:10']
[8, 0.36637625098228455, 0.29735326766967773, '00:11']
[9, 0.35353711247444153, 0.28671297430992126, '00:09']
[10, 0.34296077489852905, 0.2756977379322052, '00:10']
[11, 0.33581316471099854, 0.2779982089996338, '00:10']
[12, 0.33154067397117615, 0.26390451192855835, '00:10']
[13, 0.3187117576599121, 0.2605791389942169, '00:11']
[14, 0.3183711767196655, 0.2554698586463928, '00:10']
[15, 0.3062502443790436, 0.2592361569404602, '00:12']
[16, 0.3014392554759979, 0.2532717287540436, '00:11']
[17, 0.3045334815979004, 0.25404518842697144, '00:12']
[18, 0.2940184473991394, 0.2531962990760803, '00:12']
[19, 0.2900802493095398, 0.25399455428123474, '00:11']
[0, 0.2823338210582733, 0.2539905607700348, '00:11']
[1, 0.2995239496231079, 0.2509790062904358, '00:11']
[2, 0.2961255609989166, 0.24958586692810059, '00:10']
[3, 0.3006128668785095, 0.24916936457157135, '00:10']
[4, 0.30288955569267273, 0.247348353266716, '00:10']
[5, 0.2946562170982361, 0.2475331574678421, '00:10']
[6, 0.2911413013935089, 0.24746955931186676, '00:10']
[7, 0.2904933989048004, 0.24762575328350067, '00:12']
[8, 0.2948438823223114, 0.24729101359844208, '00:11']
[9, 0.3092692196369171, 0.24686026573181152, '00:09']
/Users/hariomnarang/Desktop/personal/roads/mtrain/.venv/lib/python3.12/site-packages/torchvision/models/_utils.py:208: UserWarning: The parameter 'pretrained' is deprecated since 0.13 and may be removed in the future, please use 'weights' instead.
  warnings.warn(
/Users/hariomnarang/Desktop/personal/roads/mtrain/.venv/lib/python3.12/site-packages/torchvision/models/_utils.py:223: UserWarning: Arguments other than a weight enum or `None` for 'weights' are deprecated since 0.13 and may be removed in the future. The current behavior is equivalent to passing `weights=MobileNet_V3_Small_Weights.IMAGENET1K_V1`. You can also use `weights=MobileNet_V3_Small_Weights.DEFAULT` to get the most up-to-date weights.
  warnings.warn(msg)

  0%|          | 0/266 [00:00<?, ?it/s]
  0%|          | 1/266 [00:00<02:20,  1.89it/s]
  2%|▏         | 6/266 [00:00<00:21, 11.88it/s]
  4%|▍         | 11/266 [00:00<00:12, 20.31it/s]
  6%|▌         | 16/266 [00:00<00:09, 27.17it/s]
  8%|▊         | 21/266 [00:00<00:07, 32.41it/s]
 10%|▉         | 26/266 [00:01<00:06, 36.47it/s]
 12%|█▏        | 31/266 [00:01<00:05, 39.87it/s]
 14%|█▎        | 36/266 [00:01<00:05, 42.18it/s]
 15%|█▌        | 41/266 [00:01<00:05, 43.72it/s]
 17%|█▋        | 46/266 [00:01<00:04, 44.79it/s]
 19%|█▉        | 51/266 [00:01<00:04, 45.65it/s]
 21%|██        | 56/266 [00:01<00:04, 46.11it/s]
 23%|██▎       | 61/266 [00:01<00:04, 46.53it/s]
 25%|██▍       | 66/266 [00:01<00:04, 46.76it/s]
 27%|██▋       | 71/266 [00:02<00:04, 47.05it/s]
 29%|██▊       | 76/266 [00:02<00:04, 47.08it/s]
 30%|███       | 81/266 [00:02<00:03, 46.87it/s]
 32%|███▏      | 86/266 [00:02<00:03, 47.05it/s]
 34%|███▍      | 91/266 [00:02<00:03, 47.28it/s]
 36%|███▌      | 96/266 [00:02<00:03, 47.94it/s]
 38%|███▊      | 101/266 [00:02<00:03, 47.92it/s]
 40%|███▉      | 106/266 [00:02<00:03, 47.69it/s]
 42%|████▏     | 111/266 [00:02<00:03, 47.77it/s]
 44%|████▎     | 116/266 [00:02<00:03, 47.83it/s]
 45%|████▌     | 121/266 [00:03<00:03, 47.87it/s]
 47%|████▋     | 126/266 [00:03<00:02, 47.99it/s]
 49%|████▉     | 131/266 [00:03<00:02, 48.14it/s]
 51%|█████     | 136/266 [00:03<00:02, 48.39it/s]
 53%|█████▎    | 141/266 [00:03<00:02, 48.21it/s]
 55%|█████▍    | 146/266 [00:03<00:02, 48.32it/s]
 57%|█████▋    | 151/266 [00:03<00:02, 48.35it/s]
 59%|█████▊    | 156/266 [00:03<00:02, 48.05it/s]
 61%|██████    | 161/266 [00:03<00:02, 48.01it/s]
 62%|██████▏   | 166/266 [00:03<00:02, 48.24it/s]
 64%|██████▍   | 171/266 [00:04<00:01, 48.40it/s]
 66%|██████▌   | 176/266 [00:04<00:01, 48.14it/s]
 68%|██████▊   | 181/266 [00:04<00:01, 47.76it/s]
 70%|██████▉   | 186/266 [00:04<00:01, 47.79it/s]
 72%|███████▏  | 191/266 [00:04<00:01, 47.99it/s]
 74%|███████▎  | 196/266 [00:04<00:01, 48.08it/s]
 76%|███████▌  | 201/266 [00:04<00:01, 48.12it/s]
 77%|███████▋  | 206/266 [00:04<00:01, 48.01it/s]
 79%|███████▉  | 211/266 [00:04<00:01, 47.97it/s]
 81%|████████  | 216/266 [00:05<00:01, 47.81it/s]
 83%|████████▎ | 221/266 [00:05<00:00, 47.58it/s]
 85%|████████▍ | 226/266 [00:05<00:00, 47.51it/s]
 87%|████████▋ | 231/266 [00:05<00:00, 47.41it/s]
 89%|████████▊ | 236/266 [00:05<00:00, 47.47it/s]
 91%|█████████ | 241/266 [00:05<00:00, 47.55it/s]
 92%|█████████▏| 246/266 [00:05<00:00, 47.49it/s]
 94%|█████████▍| 251/266 [00:05<00:00, 47.57it/s]
 96%|█████████▌| 256/266 [00:05<00:00, 47.78it/s]
 98%|█████████▊| 261/266 [00:05<00:00, 47.67it/s]
100%|██████████| 266/266 [00:06<00:00, 47.44it/s]
100%|██████████| 266/266 [00:06<00:00, 43.71it/s]

=== SUCCESS | attempt_time: 0:07:30.786615 ===
