
=== FINE_TUNE_EPOCHS=20-FIT_ONE_CYCLE_EPOCHS=10-MODEL=mobilenet_v3_small-NUM_SAMPLES=5000-FILE_SIZE=50-LOSS=ELSE-retries=0 | attempt 1 | start: 2026-01-25 13:10:48.911598 ===
existing samples: 5001
remaining (will generate): 0
loading annotations into memory...
Done (t=0.04s)
creating index...
index created!
total cycles: 0
[0, 0.824723482131958, 1.1043775081634521, '00:10']
[0, 0.5442094206809998, 0.7667588591575623, '00:09']
[1, 0.5411796569824219, 0.47974732518196106, '00:08']
[2, 0.5041524767875671, 0.40123769640922546, '00:08']
[3, 0.4758566915988922, 0.36212748289108276, '00:08']
[4, 0.44795456528663635, 0.3045714199542999, '00:06']
[5, 0.4164901375770569, 0.2856171727180481, '00:06']
[6, 0.38213080167770386, 0.2863520085811615, '00:06']
[7, 0.3727777600288391, 0.2674199640750885, '00:06']
[8, 0.35099926590919495, 0.23271852731704712, '00:06']
[9, 0.34458127617836, 0.2422337830066681, '00:06']
[10, 0.34289950132369995, 0.2384507805109024, '00:06']
[11, 0.33081531524658203, 0.2282472401857376, '00:06']
[12, 0.33081987500190735, 0.22214332222938538, '00:06']
[13, 0.3205452859401703, 0.21385908126831055, '00:06']
[14, 0.30349719524383545, 0.205425426363945, '00:06']
[15, 0.29907354712486267, 0.20848961174488068, '00:06']
[16, 0.3066599667072296, 0.20747418701648712, '00:06']
[17, 0.28894880414009094, 0.20799092948436737, '00:06']
[18, 0.28949737548828125, 0.20780186355113983, '00:06']
[19, 0.29834479093551636, 0.20680184662342072, '00:06']
[0, 0.30091631412506104, 0.20824716985225677, '00:06']
[1, 0.3043036162853241, 0.20707713067531586, '00:06']
[2, 0.2938685417175293, 0.2083710879087448, '00:06']
[3, 0.2881917953491211, 0.2049652636051178, '00:06']
[4, 0.30112239718437195, 0.20614822208881378, '00:06']
[5, 0.29848921298980713, 0.2040482461452484, '00:06']
[6, 0.28486648201942444, 0.2028733342885971, '00:06']
[7, 0.2778375744819641, 0.2020343840122223, '00:06']
[8, 0.28996774554252625, 0.20191578567028046, '00:06']
[9, 0.28380513191223145, 0.20302051305770874, '00:06']

Generating samples: 0iteration [00:00, ?iteration/s]
Generating samples: 0iteration [00:00, ?iteration/s]
/Users/hariomnarang/Desktop/personal/roads/mtrain/.venv/lib/python3.12/site-packages/torchvision/models/_utils.py:208: UserWarning: The parameter 'pretrained' is deprecated since 0.13 and may be removed in the future, please use 'weights' instead.
  warnings.warn(
/Users/hariomnarang/Desktop/personal/roads/mtrain/.venv/lib/python3.12/site-packages/torchvision/models/_utils.py:223: UserWarning: Arguments other than a weight enum or `None` for 'weights' are deprecated since 0.13 and may be removed in the future. The current behavior is equivalent to passing `weights=MobileNet_V3_Small_Weights.IMAGENET1K_V1`. You can also use `weights=MobileNet_V3_Small_Weights.DEFAULT` to get the most up-to-date weights.
  warnings.warn(msg)

  0%|          | 0/336 [00:00<?, ?it/s]
  0%|          | 1/336 [00:00<02:03,  2.70it/s]
  3%|▎         | 9/336 [00:00<00:13, 23.66it/s]
  5%|▌         | 17/336 [00:00<00:08, 38.33it/s]
  7%|▋         | 25/336 [00:00<00:06, 48.85it/s]
 10%|▉         | 33/336 [00:00<00:05, 56.25it/s]
 12%|█▏        | 41/336 [00:00<00:04, 61.67it/s]
 15%|█▍        | 49/336 [00:01<00:04, 65.39it/s]
 17%|█▋        | 57/336 [00:01<00:04, 66.91it/s]
 19%|█▉        | 65/336 [00:01<00:03, 68.99it/s]
 22%|██▏       | 73/336 [00:01<00:03, 71.08it/s]
 24%|██▍       | 81/336 [00:01<00:03, 70.29it/s]
 26%|██▋       | 89/336 [00:01<00:03, 71.49it/s]
 29%|██▉       | 97/336 [00:01<00:03, 72.47it/s]
 31%|███▏      | 105/336 [00:01<00:03, 72.75it/s]
 34%|███▎      | 113/336 [00:01<00:03, 73.08it/s]
 36%|███▌      | 121/336 [00:02<00:02, 73.28it/s]
 38%|███▊      | 129/336 [00:02<00:02, 72.93it/s]
 41%|████      | 137/336 [00:02<00:02, 72.99it/s]
 43%|████▎     | 145/336 [00:02<00:02, 73.26it/s]
 46%|████▌     | 153/336 [00:02<00:02, 73.45it/s]
 48%|████▊     | 161/336 [00:02<00:02, 73.70it/s]
 50%|█████     | 169/336 [00:02<00:02, 73.93it/s]
 53%|█████▎    | 177/336 [00:02<00:02, 72.46it/s]
 55%|█████▌    | 185/336 [00:02<00:02, 72.99it/s]
 57%|█████▋    | 193/336 [00:02<00:01, 73.24it/s]
 60%|█████▉    | 201/336 [00:03<00:01, 73.41it/s]
 62%|██████▏   | 209/336 [00:03<00:01, 73.73it/s]
 65%|██████▍   | 217/336 [00:03<00:01, 73.62it/s]
 67%|██████▋   | 225/336 [00:03<00:01, 73.46it/s]
 69%|██████▉   | 233/336 [00:03<00:01, 73.98it/s]
 72%|███████▏  | 241/336 [00:03<00:01, 73.80it/s]
 74%|███████▍  | 249/336 [00:03<00:01, 73.76it/s]
 76%|███████▋  | 257/336 [00:03<00:01, 74.03it/s]
 79%|███████▉  | 265/336 [00:03<00:00, 74.13it/s]
 81%|████████▏ | 273/336 [00:04<00:00, 73.95it/s]
 84%|████████▎ | 281/336 [00:04<00:00, 74.13it/s]
 86%|████████▌ | 289/336 [00:04<00:00, 74.02it/s]
 88%|████████▊ | 297/336 [00:04<00:00, 74.00it/s]
 91%|█████████ | 305/336 [00:04<00:00, 73.92it/s]
 93%|█████████▎| 313/336 [00:04<00:00, 73.83it/s]
 96%|█████████▌| 321/336 [00:04<00:00, 73.89it/s]
 98%|█████████▊| 329/336 [00:04<00:00, 73.93it/s]
100%|██████████| 336/336 [00:04<00:00, 68.23it/s]

=== SUCCESS | attempt_time: 0:03:45.937452 ===
