
=== FINE_TUNE_EPOCHS=20-FIT_ONE_CYCLE_EPOCHS=10-MODEL=mobilenet_v3_small-NUM_SAMPLES=5000-FILE_SIZE=35-LOSS=ELSE-retries=0 | attempt 1 | start: 2026-01-25 12:51:09.894880 ===
existing samples: 5001
remaining (will generate): 0
loading annotations into memory...
Done (t=0.04s)
creating index...
index created!
total cycles: 0
[0, 0.8166531324386597, 0.5724155306816101, '00:12']
[0, 0.6207085251808167, 0.4614849388599396, '00:10']
[1, 0.5993860363960266, 0.33501359820365906, '00:08']
[2, 0.559131383895874, 0.2990557551383972, '00:08']
[3, 0.5211907029151917, 0.2829928398132324, '00:09']
[4, 0.4958077073097229, 0.28519049286842346, '00:09']
[5, 0.4553256928920746, 0.2790738046169281, '00:08']
[6, 0.42559942603111267, 0.2759770154953003, '00:08']
[7, 0.4037421941757202, 0.2740578353404999, '00:10']
[8, 0.39977940917015076, 0.287268728017807, '00:08']
[9, 0.3965524435043335, 0.28583768010139465, '00:07']
[10, 0.3789593279361725, 0.2758978307247162, '00:07']
[11, 0.3747117817401886, 0.26932719349861145, '00:09']
[12, 0.3725185990333557, 0.25407907366752625, '00:09']
[13, 0.37657806277275085, 0.2553752660751343, '00:09']
[14, 0.35253551602363586, 0.24425385892391205, '00:11']
[15, 0.35932236909866333, 0.24715323746204376, '00:09']
[16, 0.347869873046875, 0.23893319070339203, '00:16']
[17, 0.34108754992485046, 0.24474617838859558, '00:11']
[18, 0.3411121368408203, 0.24379883706569672, '00:10']
[19, 0.34153977036476135, 0.24258089065551758, '00:08']
[0, 0.3435623049736023, 0.24125634133815765, '00:09']
[1, 0.33540698885917664, 0.2435622215270996, '00:09']
[2, 0.3378531038761139, 0.2458273023366928, '00:13']
[3, 0.34578943252563477, 0.24489207565784454, '00:11']
[4, 0.3274399936199188, 0.24030344188213348, '00:10']
[5, 0.3226854205131531, 0.23790417611598969, '00:13']
[6, 0.3263982832431793, 0.23527097702026367, '00:10']
[7, 0.32239753007888794, 0.23565316200256348, '00:11']
[8, 0.3408273756504059, 0.2372906357049942, '00:11']
[9, 0.3346450924873352, 0.2361614853143692, '00:11']

Generating samples: 0iteration [00:00, ?iteration/s]
Generating samples: 0iteration [00:00, ?iteration/s]
/Users/hariomnarang/Desktop/personal/roads/mtrain/.venv/lib/python3.12/site-packages/torchvision/models/_utils.py:208: UserWarning: The parameter 'pretrained' is deprecated since 0.13 and may be removed in the future, please use 'weights' instead.
  warnings.warn(
/Users/hariomnarang/Desktop/personal/roads/mtrain/.venv/lib/python3.12/site-packages/torchvision/models/_utils.py:223: UserWarning: Arguments other than a weight enum or `None` for 'weights' are deprecated since 0.13 and may be removed in the future. The current behavior is equivalent to passing `weights=MobileNet_V3_Small_Weights.IMAGENET1K_V1`. You can also use `weights=MobileNet_V3_Small_Weights.DEFAULT` to get the most up-to-date weights.
  warnings.warn(msg)

  0%|          | 0/660 [00:00<?, ?it/s]
  0%|          | 1/660 [00:00<07:02,  1.56it/s]
  1%|          | 6/660 [00:00<01:06,  9.89it/s]
  2%|▏         | 11/660 [00:00<00:36, 17.74it/s]
  3%|▎         | 17/660 [00:00<00:24, 25.95it/s]
  3%|▎         | 22/660 [00:01<00:20, 31.47it/s]
  4%|▍         | 27/660 [00:01<00:17, 35.84it/s]
  5%|▌         | 33/660 [00:01<00:15, 40.42it/s]
  6%|▌         | 39/660 [00:01<00:14, 43.83it/s]
  7%|▋         | 45/660 [00:01<00:13, 46.05it/s]
  8%|▊         | 51/660 [00:01<00:12, 47.67it/s]
  9%|▊         | 57/660 [00:01<00:12, 48.79it/s]
 10%|▉         | 63/660 [00:01<00:11, 49.77it/s]
 10%|█         | 69/660 [00:02<00:12, 48.37it/s]
 11%|█         | 74/660 [00:02<00:12, 47.89it/s]
 12%|█▏        | 79/660 [00:02<00:13, 42.15it/s]
 13%|█▎        | 84/660 [00:02<00:13, 42.02it/s]
 13%|█▎        | 89/660 [00:02<00:13, 41.95it/s]
 14%|█▍        | 94/660 [00:02<00:13, 43.49it/s]
 15%|█▌        | 99/660 [00:02<00:12, 44.88it/s]
 16%|█▌        | 104/660 [00:02<00:12, 46.08it/s]
 17%|█▋        | 110/660 [00:02<00:11, 47.68it/s]
 18%|█▊        | 116/660 [00:03<00:11, 48.53it/s]
 18%|█▊        | 121/660 [00:03<00:11, 48.33it/s]
 19%|█▉        | 126/660 [00:03<00:11, 47.77it/s]
 20%|█▉        | 131/660 [00:03<00:11, 45.96it/s]
 21%|██        | 136/660 [00:03<00:11, 46.74it/s]
 22%|██▏       | 142/660 [00:03<00:10, 47.87it/s]
 22%|██▏       | 148/660 [00:03<00:10, 48.86it/s]
 23%|██▎       | 154/660 [00:03<00:10, 49.54it/s]
 24%|██▍       | 159/660 [00:03<00:10, 49.55it/s]
 25%|██▌       | 165/660 [00:04<00:09, 49.76it/s]
 26%|██▌       | 170/660 [00:04<00:09, 49.15it/s]
 27%|██▋       | 175/660 [00:04<00:09, 49.07it/s]
 27%|██▋       | 180/660 [00:04<00:09, 48.63it/s]
 28%|██▊       | 186/660 [00:04<00:09, 49.24it/s]
 29%|██▉       | 191/660 [00:04<00:09, 48.60it/s]
 30%|██▉       | 196/660 [00:04<00:09, 46.85it/s]
 30%|███       | 201/660 [00:04<00:09, 47.04it/s]
 31%|███       | 206/660 [00:04<00:09, 47.43it/s]
 32%|███▏      | 211/660 [00:05<00:09, 45.97it/s]
 33%|███▎      | 216/660 [00:05<00:10, 43.78it/s]
 33%|███▎      | 221/660 [00:05<00:09, 45.27it/s]
 34%|███▍      | 226/660 [00:05<00:09, 46.12it/s]
 35%|███▌      | 231/660 [00:05<00:09, 46.36it/s]
 36%|███▌      | 236/660 [00:05<00:09, 46.21it/s]
 37%|███▋      | 241/660 [00:05<00:09, 45.49it/s]
 37%|███▋      | 246/660 [00:05<00:09, 45.71it/s]
 38%|███▊      | 251/660 [00:05<00:09, 44.24it/s]
 39%|███▉      | 256/660 [00:06<00:09, 43.14it/s]
 40%|███▉      | 261/660 [00:06<00:10, 36.86it/s]
 40%|████      | 265/660 [00:06<00:11, 33.09it/s]
 41%|████      | 269/660 [00:06<00:11, 33.80it/s]
 41%|████▏     | 273/660 [00:06<00:11, 34.97it/s]
 42%|████▏     | 277/660 [00:06<00:10, 35.75it/s]
 43%|████▎     | 282/660 [00:06<00:10, 37.73it/s]
 43%|████▎     | 287/660 [00:06<00:09, 39.66it/s]
 44%|████▍     | 292/660 [00:07<00:08, 42.28it/s]
 45%|████▌     | 297/660 [00:07<00:08, 43.39it/s]
 46%|████▌     | 302/660 [00:07<00:08, 44.01it/s]
 47%|████▋     | 307/660 [00:07<00:07, 44.49it/s]
 47%|████▋     | 312/660 [00:07<00:07, 45.35it/s]
 48%|████▊     | 317/660 [00:07<00:07, 46.52it/s]
 49%|████▉     | 323/660 [00:07<00:07, 47.82it/s]
 50%|████▉     | 328/660 [00:07<00:06, 48.34it/s]
 51%|█████     | 334/660 [00:07<00:06, 49.14it/s]
 52%|█████▏    | 340/660 [00:08<00:06, 49.58it/s]
 52%|█████▏    | 346/660 [00:08<00:06, 49.96it/s]
 53%|█████▎    | 352/660 [00:08<00:06, 50.07it/s]
 54%|█████▍    | 358/660 [00:08<00:06, 50.05it/s]
 55%|█████▌    | 364/660 [00:08<00:06, 48.93it/s]
 56%|█████▌    | 369/660 [00:08<00:06, 48.25it/s]
 57%|█████▋    | 374/660 [00:08<00:05, 48.49it/s]
 57%|█████▋    | 379/660 [00:08<00:05, 48.22it/s]
 58%|█████▊    | 384/660 [00:08<00:05, 48.32it/s]
 59%|█████▉    | 390/660 [00:09<00:05, 49.22it/s]
 60%|██████    | 396/660 [00:09<00:05, 49.67it/s]
 61%|██████    | 402/660 [00:09<00:05, 50.09it/s]
 62%|██████▏   | 408/660 [00:09<00:04, 50.51it/s]
 63%|██████▎   | 414/660 [00:09<00:04, 50.69it/s]
 64%|██████▎   | 420/660 [00:09<00:04, 50.85it/s]
 65%|██████▍   | 426/660 [00:09<00:04, 50.49it/s]
 65%|██████▌   | 432/660 [00:09<00:04, 50.16it/s]
 66%|██████▋   | 438/660 [00:10<00:04, 48.38it/s]
 67%|██████▋   | 444/660 [00:10<00:04, 49.17it/s]
 68%|██████▊   | 450/660 [00:10<00:04, 49.54it/s]
 69%|██████▉   | 456/660 [00:10<00:04, 49.93it/s]
 70%|███████   | 462/660 [00:10<00:03, 50.11it/s]
 71%|███████   | 468/660 [00:10<00:03, 50.37it/s]
 72%|███████▏  | 474/660 [00:10<00:03, 50.55it/s]
 73%|███████▎  | 480/660 [00:10<00:03, 50.61it/s]
 74%|███████▎  | 486/660 [00:10<00:03, 50.76it/s]
 75%|███████▍  | 492/660 [00:11<00:03, 50.85it/s]
 75%|███████▌  | 498/660 [00:11<00:03, 50.88it/s]
 76%|███████▋  | 504/660 [00:11<00:03, 50.91it/s]
 77%|███████▋  | 510/660 [00:11<00:02, 51.16it/s]
 78%|███████▊  | 516/660 [00:11<00:02, 51.22it/s]
 79%|███████▉  | 522/660 [00:11<00:02, 50.01it/s]
 80%|████████  | 528/660 [00:11<00:02, 49.84it/s]
 81%|████████  | 534/660 [00:11<00:02, 49.96it/s]
 82%|████████▏ | 540/660 [00:12<00:02, 50.49it/s]
 83%|████████▎ | 546/660 [00:12<00:02, 50.85it/s]
 84%|████████▎ | 552/660 [00:12<00:02, 50.63it/s]
 85%|████████▍ | 558/660 [00:12<00:02, 50.71it/s]
 85%|████████▌ | 564/660 [00:12<00:01, 51.00it/s]
 86%|████████▋ | 570/660 [00:12<00:01, 51.10it/s]
 87%|████████▋ | 576/660 [00:12<00:01, 51.27it/s]
 88%|████████▊ | 582/660 [00:12<00:01, 50.46it/s]
 89%|████████▉ | 588/660 [00:13<00:01, 49.28it/s]
 90%|████████▉ | 593/660 [00:13<00:01, 47.30it/s]
 91%|█████████ | 598/660 [00:13<00:01, 46.53it/s]
 91%|█████████▏| 603/660 [00:13<00:01, 46.16it/s]
 92%|█████████▏| 608/660 [00:13<00:01, 47.04it/s]
 93%|█████████▎| 613/660 [00:13<00:00, 47.44it/s]
 94%|█████████▎| 618/660 [00:13<00:00, 48.04it/s]
 94%|█████████▍| 623/660 [00:13<00:00, 47.84it/s]
 95%|█████████▌| 628/660 [00:13<00:00, 47.09it/s]
 96%|█████████▌| 633/660 [00:13<00:00, 46.77it/s]
 97%|█████████▋| 638/660 [00:14<00:00, 42.46it/s]
 97%|█████████▋| 643/660 [00:14<00:00, 43.53it/s]
 98%|█████████▊| 648/660 [00:14<00:00, 44.44it/s]
 99%|█████████▉| 653/660 [00:14<00:00, 45.18it/s]
100%|█████████▉| 658/660 [00:14<00:00, 45.80it/s]
100%|██████████| 660/660 [00:14<00:00, 45.24it/s]

=== SUCCESS | attempt_time: 0:05:45.192130 ===
