
=== FINE_TUNE_EPOCHS=20-FIT_ONE_CYCLE_EPOCHS=10-MODEL=mobilenet_v3_small-NUM_SAMPLES=5000-FILE_SIZE=40-LOSS=ELSE-retries=0 | attempt 1 | start: 2026-01-25 15:24:35.659439 ===
CACHE: finding existing file count
CACHE: existing count: 0
TACO Extraction: samples=5000 size=40 out_dir=/Users/hariomnarang/.mtrain_synth_cache/extract_all_taco_83777cef1339ab5a
existing samples: 0
remaining (will generate): 5000
loading annotations into memory...
Done (t=0.02s)
creating index...
index created!
total cycles: 2
copied files: 5000
DDG Dumping: samples=5000 size=40 out_dir=../../datasets/T005-with-taco-and-ddg/FINE_TUNE_EPOCHS=20-FIT_ONE_CYCLE_EPOCHS=10-MODEL=mobilenet_v3_small-NUM_SAMPLES=5000-FILE_SIZE=40-LOSS=ELSE-retries=0/synth/pos
shuffled set size 158
after samples size 158
10% done
20% done
30% done
40% done
50% done
60% done
70% done
80% done
90% done
100% done
[0, 0.7720203995704651, 0.9206975698471069, '00:07']
[0, 0.6066486239433289, 0.6050010323524475, '00:07']
[1, 0.5756528973579407, 0.517327070236206, '00:06']
[2, 0.542892575263977, 0.44337138533592224, '00:06']
[3, 0.5096371173858643, 0.4133699834346771, '00:06']
[4, 0.47127920389175415, 0.402558296918869, '00:06']
[5, 0.43706056475639343, 0.3837103247642517, '00:06']
[6, 0.4160914421081543, 0.35223567485809326, '00:06']
[7, 0.3968031406402588, 0.348071426153183, '00:06']
[8, 0.3991198241710663, 0.33304697275161743, '00:06']
[9, 0.38565120100975037, 0.3299715220928192, '00:06']
[10, 0.3810676336288452, 0.32158249616622925, '00:06']
[11, 0.36644697189331055, 0.31398388743400574, '00:06']
[12, 0.35502195358276367, 0.30092617869377136, '00:06']
[13, 0.35884788632392883, 0.30231139063835144, '00:06']
[14, 0.34314513206481934, 0.29835352301597595, '00:06']
[15, 0.33877792954444885, 0.29781514406204224, '00:06']
[16, 0.3410295844078064, 0.29439491033554077, '00:06']
[17, 0.3284803330898285, 0.2973541021347046, '00:07']
[18, 0.3239576518535614, 0.29674744606018066, '00:07']
[19, 0.3334324061870575, 0.2968907356262207, '00:07']
[0, 0.32175207138061523, 0.29727745056152344, '00:07']
[1, 0.3384952247142792, 0.2975222170352936, '00:06']
[2, 0.3378698229789734, 0.2929605543613434, '00:06']
[3, 0.33012521266937256, 0.29773446917533875, '00:06']
[4, 0.3286372125148773, 0.29373234510421753, '00:06']
[5, 0.32967159152030945, 0.2939440608024597, '00:06']
[6, 0.3180587589740753, 0.29393044114112854, '00:06']
[7, 0.3171027898788452, 0.2936735451221466, '00:06']
[8, 0.32201719284057617, 0.29265549778938293, '00:06']
[9, 0.32619762420654297, 0.2926774322986603, '00:06']
/Users/hariomnarang/Desktop/personal/roads/mtrain/.venv/lib/python3.12/site-packages/torchvision/models/_utils.py:208: UserWarning: The parameter 'pretrained' is deprecated since 0.13 and may be removed in the future, please use 'weights' instead.
  warnings.warn(
/Users/hariomnarang/Desktop/personal/roads/mtrain/.venv/lib/python3.12/site-packages/torchvision/models/_utils.py:223: UserWarning: Arguments other than a weight enum or `None` for 'weights' are deprecated since 0.13 and may be removed in the future. The current behavior is equivalent to passing `weights=MobileNet_V3_Small_Weights.IMAGENET1K_V1`. You can also use `weights=MobileNet_V3_Small_Weights.DEFAULT` to get the most up-to-date weights.
  warnings.warn(msg)

  0%|          | 0/520 [00:00<?, ?it/s]
  0%|          | 1/520 [00:00<03:31,  2.45it/s]
  2%|▏         | 9/520 [00:00<00:23, 22.00it/s]
  3%|▎         | 17/520 [00:00<00:13, 36.37it/s]
  5%|▍         | 25/520 [00:00<00:10, 47.02it/s]
  6%|▋         | 33/520 [00:00<00:08, 54.52it/s]
  8%|▊         | 41/520 [00:00<00:08, 59.79it/s]
  9%|▉         | 49/520 [00:01<00:07, 63.12it/s]
 11%|█         | 57/520 [00:01<00:06, 66.51it/s]
 12%|█▎        | 65/520 [00:01<00:06, 68.75it/s]
 14%|█▍        | 73/520 [00:01<00:06, 70.11it/s]
 16%|█▌        | 81/520 [00:01<00:06, 71.17it/s]
 17%|█▋        | 89/520 [00:01<00:05, 72.06it/s]
 19%|█▊        | 97/520 [00:01<00:05, 72.77it/s]
 20%|██        | 105/520 [00:01<00:05, 73.13it/s]
 22%|██▏       | 113/520 [00:01<00:05, 73.17it/s]
 23%|██▎       | 121/520 [00:02<00:05, 73.17it/s]
 25%|██▍       | 129/520 [00:02<00:05, 73.52it/s]
 26%|██▋       | 137/520 [00:02<00:05, 73.75it/s]
 28%|██▊       | 145/520 [00:02<00:05, 73.51it/s]
 29%|██▉       | 153/520 [00:02<00:04, 73.64it/s]
 31%|███       | 161/520 [00:02<00:04, 73.87it/s]
 32%|███▎      | 169/520 [00:02<00:04, 73.97it/s]
 34%|███▍      | 177/520 [00:02<00:04, 73.72it/s]
 36%|███▌      | 185/520 [00:02<00:04, 73.78it/s]
 37%|███▋      | 193/520 [00:03<00:04, 73.72it/s]
 39%|███▊      | 201/520 [00:03<00:04, 73.90it/s]
 40%|████      | 209/520 [00:03<00:04, 73.99it/s]
 42%|████▏     | 217/520 [00:03<00:04, 73.84it/s]
 43%|████▎     | 225/520 [00:03<00:03, 73.87it/s]
 45%|████▍     | 233/520 [00:03<00:03, 74.12it/s]
 46%|████▋     | 241/520 [00:03<00:03, 74.05it/s]
 48%|████▊     | 249/520 [00:03<00:03, 73.85it/s]
 49%|████▉     | 257/520 [00:03<00:03, 73.69it/s]
 51%|█████     | 265/520 [00:03<00:03, 73.77it/s]
 52%|█████▎    | 273/520 [00:04<00:03, 73.70it/s]
 54%|█████▍    | 281/520 [00:04<00:03, 73.93it/s]
 56%|█████▌    | 289/520 [00:04<00:03, 74.40it/s]
 57%|█████▋    | 297/520 [00:04<00:03, 74.08it/s]
 59%|█████▊    | 305/520 [00:04<00:02, 74.03it/s]
 60%|██████    | 313/520 [00:04<00:02, 73.94it/s]
 62%|██████▏   | 321/520 [00:04<00:02, 73.77it/s]
 63%|██████▎   | 329/520 [00:04<00:02, 73.57it/s]
 65%|██████▍   | 337/520 [00:04<00:02, 73.81it/s]
 66%|██████▋   | 345/520 [00:05<00:02, 73.72it/s]
 68%|██████▊   | 353/520 [00:05<00:02, 73.34it/s]
 69%|██████▉   | 361/520 [00:05<00:02, 73.14it/s]
 71%|███████   | 369/520 [00:05<00:02, 73.17it/s]
 72%|███████▎  | 377/520 [00:05<00:01, 73.32it/s]
 74%|███████▍  | 385/520 [00:05<00:01, 73.59it/s]
 76%|███████▌  | 393/520 [00:05<00:01, 73.70it/s]
 77%|███████▋  | 401/520 [00:05<00:01, 73.39it/s]
 79%|███████▊  | 409/520 [00:05<00:01, 73.48it/s]
 80%|████████  | 417/520 [00:06<00:01, 73.36it/s]
 82%|████████▏ | 425/520 [00:06<00:01, 73.66it/s]
 83%|████████▎ | 433/520 [00:06<00:01, 73.84it/s]
 85%|████████▍ | 441/520 [00:06<00:01, 73.84it/s]
 86%|████████▋ | 449/520 [00:06<00:00, 73.93it/s]
 88%|████████▊ | 457/520 [00:06<00:00, 74.04it/s]
 89%|████████▉ | 465/520 [00:06<00:00, 73.59it/s]
 91%|█████████ | 473/520 [00:06<00:00, 73.21it/s]
 92%|█████████▎| 481/520 [00:06<00:00, 73.49it/s]
 94%|█████████▍| 489/520 [00:07<00:00, 73.67it/s]
 96%|█████████▌| 497/520 [00:07<00:00, 73.74it/s]
 97%|█████████▋| 505/520 [00:07<00:00, 73.88it/s]
 99%|█████████▊| 513/520 [00:07<00:00, 73.56it/s]
100%|██████████| 520/520 [00:07<00:00, 69.74it/s]

=== SUCCESS | attempt_time: 0:04:34.469399 ===
