
=== FINE_TUNE_EPOCHS=20-FIT_ONE_CYCLE_EPOCHS=10-MODEL=mobilenet_v3_small-NUM_SAMPLES=5000-FILE_SIZE=55-LOSS=ELSE-retries=0 | attempt 1 | start: 2026-01-25 13:14:34.849796 ===
existing samples: 5001
remaining (will generate): 0
loading annotations into memory...
Done (t=0.03s)
creating index...
index created!
total cycles: 0
[0, 0.7679639458656311, 0.7616192698478699, '00:07']
[0, 0.5779475569725037, 0.8153055310249329, '00:07']
[1, 0.5091354250907898, 0.47777822613716125, '00:06']
[2, 0.48845210671424866, 0.3976099193096161, '00:06']
[3, 0.4477002024650574, 0.2994769811630249, '00:06']
[4, 0.4243082106113434, 0.28961366415023804, '00:06']
[5, 0.3968137502670288, 0.26745185256004333, '00:06']
[6, 0.37985697388648987, 0.28458482027053833, '00:06']
[7, 0.3659581243991852, 0.2629038989543915, '00:06']
[8, 0.3467908501625061, 0.2565229833126068, '00:06']
[9, 0.32614749670028687, 0.2513410151004791, '00:06']
[10, 0.31651970744132996, 0.2561803460121155, '00:06']
[11, 0.31556642055511475, 0.25330784916877747, '00:06']
[12, 0.3065026104450226, 0.245222806930542, '00:06']
[13, 0.2882639765739441, 0.23602469265460968, '00:06']
[14, 0.290152907371521, 0.22972401976585388, '00:06']
[15, 0.29502183198928833, 0.22969529032707214, '00:06']
[16, 0.2917475402355194, 0.22791948914527893, '00:06']
[17, 0.28692010045051575, 0.22833342850208282, '00:06']
[18, 0.28373241424560547, 0.22941143810749054, '00:06']
[19, 0.2940959632396698, 0.2292419970035553, '00:06']
[0, 0.28625181317329407, 0.2275509536266327, '00:06']
[1, 0.28697526454925537, 0.22886492311954498, '00:06']
[2, 0.28902900218963623, 0.22920788824558258, '00:06']
[3, 0.29492148756980896, 0.22544631361961365, '00:06']
[4, 0.2798324227333069, 0.22670584917068481, '00:06']
[5, 0.27031341195106506, 0.22473274171352386, '00:06']
[6, 0.27187585830688477, 0.22209732234477997, '00:06']
[7, 0.2716595530509949, 0.22299690544605255, '00:06']
[8, 0.27289265394210815, 0.22266964614391327, '00:06']
[9, 0.26495540142059326, 0.22168567776679993, '00:06']

Generating samples: 0iteration [00:00, ?iteration/s]
Generating samples: 0iteration [00:00, ?iteration/s]
/Users/hariomnarang/Desktop/personal/roads/mtrain/.venv/lib/python3.12/site-packages/torchvision/models/_utils.py:208: UserWarning: The parameter 'pretrained' is deprecated since 0.13 and may be removed in the future, please use 'weights' instead.
  warnings.warn(
/Users/hariomnarang/Desktop/personal/roads/mtrain/.venv/lib/python3.12/site-packages/torchvision/models/_utils.py:223: UserWarning: Arguments other than a weight enum or `None` for 'weights' are deprecated since 0.13 and may be removed in the future. The current behavior is equivalent to passing `weights=MobileNet_V3_Small_Weights.IMAGENET1K_V1`. You can also use `weights=MobileNet_V3_Small_Weights.DEFAULT` to get the most up-to-date weights.
  warnings.warn(msg)

  0%|          | 0/266 [00:00<?, ?it/s]
  0%|          | 1/266 [00:00<02:47,  1.58it/s]
  3%|▎         | 9/266 [00:00<00:16, 15.80it/s]
  6%|▋         | 17/266 [00:00<00:08, 28.50it/s]
  9%|▉         | 25/266 [00:00<00:06, 39.32it/s]
 12%|█▏        | 33/266 [00:01<00:04, 47.65it/s]
 15%|█▌        | 40/266 [00:01<00:04, 53.15it/s]
 18%|█▊        | 48/266 [00:01<00:03, 59.12it/s]
 21%|██        | 56/266 [00:01<00:03, 63.08it/s]
 24%|██▍       | 64/266 [00:01<00:03, 65.02it/s]
 27%|██▋       | 72/266 [00:01<00:02, 66.10it/s]
 30%|███       | 80/266 [00:01<00:02, 68.28it/s]
 33%|███▎      | 88/266 [00:01<00:02, 69.91it/s]
 36%|███▌      | 96/266 [00:01<00:02, 71.50it/s]
 39%|███▉      | 104/266 [00:02<00:02, 72.13it/s]
 42%|████▏     | 112/266 [00:02<00:02, 72.73it/s]
 45%|████▌     | 120/266 [00:02<00:02, 72.95it/s]
 48%|████▊     | 128/266 [00:02<00:01, 72.66it/s]
 51%|█████     | 136/266 [00:02<00:01, 72.17it/s]
 54%|█████▍    | 144/266 [00:02<00:01, 70.61it/s]
 57%|█████▋    | 152/266 [00:02<00:01, 69.94it/s]
 60%|██████    | 160/266 [00:02<00:01, 69.66it/s]
 63%|██████▎   | 167/266 [00:02<00:01, 68.40it/s]
 66%|██████▌   | 175/266 [00:03<00:01, 69.86it/s]
 69%|██████▉   | 183/266 [00:03<00:01, 71.13it/s]
 72%|███████▏  | 191/266 [00:03<00:01, 71.96it/s]
 75%|███████▍  | 199/266 [00:03<00:00, 72.50it/s]
 78%|███████▊  | 207/266 [00:03<00:00, 72.97it/s]
 81%|████████  | 215/266 [00:03<00:00, 73.48it/s]
 84%|████████▍ | 223/266 [00:03<00:00, 73.41it/s]
 87%|████████▋ | 231/266 [00:03<00:00, 73.71it/s]
 90%|████████▉ | 239/266 [00:03<00:00, 73.85it/s]
 93%|█████████▎| 247/266 [00:04<00:00, 73.87it/s]
 96%|█████████▌| 255/266 [00:04<00:00, 73.90it/s]
 99%|█████████▉| 263/266 [00:04<00:00, 73.87it/s]
100%|██████████| 266/266 [00:04<00:00, 62.03it/s]

=== SUCCESS | attempt_time: 0:03:33.088652 ===
