
=== FINE_TUNE_EPOCHS=20-FIT_ONE_CYCLE_EPOCHS=10-MODEL=mobilenet_v3_small-NUM_SAMPLES=5000-FILE_SIZE=65-LOSS=ELSE-retries=0 | attempt 1 | start: 2026-01-25 15:56:06.711200 ===
CACHE: finding existing file count
CACHE: existing count: 0
TACO Extraction: samples=5000 size=65 out_dir=/Users/hariomnarang/.mtrain_synth_cache/extract_all_taco_78cc8d85a420489b
existing samples: 0
remaining (will generate): 5000
loading annotations into memory...
Done (t=0.04s)
creating index...
index created!
total cycles: 2
copied files: 5000
DDG Dumping: samples=5000 size=65 out_dir=../../datasets/T005-with-taco-and-ddg/FINE_TUNE_EPOCHS=20-FIT_ONE_CYCLE_EPOCHS=10-MODEL=mobilenet_v3_small-NUM_SAMPLES=5000-FILE_SIZE=65-LOSS=ELSE-retries=0/synth/pos
shuffled set size 158
after samples size 158
10% done
20% done
30% done
40% done
50% done
60% done
70% done
80% done
90% done
100% done
[0, 0.6640294790267944, 0.5754787921905518, '00:13']
[0, 0.46242597699165344, 0.7931569814682007, '00:17']
[1, 0.43079107999801636, 0.668818473815918, '00:15']
[2, 0.4083964228630066, 0.38648128509521484, '00:16']
[3, 0.3719649910926819, 0.2667490541934967, '00:14']
[4, 0.3551163673400879, 0.21294784545898438, '00:16']
[5, 0.3360327482223511, 0.2069721668958664, '00:17']
[6, 0.3052985668182373, 0.18321986496448517, '00:14']
[7, 0.2880747318267822, 0.1839061677455902, '00:15']
[8, 0.2848953902721405, 0.1873672902584076, '00:13']
[9, 0.27376458048820496, 0.1723145693540573, '00:17']
[10, 0.26872920989990234, 0.17457808554172516, '00:13']
[11, 0.25803646445274353, 0.1696392446756363, '00:12']
[12, 0.24450825154781342, 0.16931945085525513, '00:14']
[13, 0.24302497506141663, 0.15109509229660034, '00:16']
[14, 0.24327580630779266, 0.16195420920848846, '00:13']
[15, 0.2400694340467453, 0.15661676228046417, '00:13']
[16, 0.22702696919441223, 0.15458552539348602, '00:12']
[17, 0.22347217798233032, 0.15570341050624847, '00:12']
[18, 0.23702459037303925, 0.15566937625408173, '00:13']
[19, 0.22796981036663055, 0.15366990864276886, '00:15']
[0, 0.21619772911071777, 0.15326260030269623, '00:15']
[1, 0.22041793167591095, 0.15115751326084137, '00:12']
[2, 0.22946645319461823, 0.15209262073040009, '00:11']
[3, 0.23135453462600708, 0.15271800756454468, '00:12']
[4, 0.23478710651397705, 0.15413358807563782, '00:12']
[5, 0.2243526428937912, 0.15010039508342743, '00:11']
[6, 0.22850601375102997, 0.14980775117874146, '00:12']
[7, 0.21721681952476501, 0.14825491607189178, '00:12']
[8, 0.21742302179336548, 0.14920637011528015, '00:12']
[9, 0.22269128262996674, 0.14751788973808289, '00:12']
/Users/hariomnarang/Desktop/personal/roads/mtrain/.venv/lib/python3.12/site-packages/torchvision/models/_utils.py:208: UserWarning: The parameter 'pretrained' is deprecated since 0.13 and may be removed in the future, please use 'weights' instead.
  warnings.warn(
/Users/hariomnarang/Desktop/personal/roads/mtrain/.venv/lib/python3.12/site-packages/torchvision/models/_utils.py:223: UserWarning: Arguments other than a weight enum or `None` for 'weights' are deprecated since 0.13 and may be removed in the future. The current behavior is equivalent to passing `weights=MobileNet_V3_Small_Weights.IMAGENET1K_V1`. You can also use `weights=MobileNet_V3_Small_Weights.DEFAULT` to get the most up-to-date weights.
  warnings.warn(msg)

  0%|          | 0/192 [00:00<?, ?it/s]
  1%|          | 1/192 [00:00<02:27,  1.30it/s]
  2%|▏         | 3/192 [00:00<00:47,  4.00it/s]
  3%|▎         | 6/192 [00:01<00:23,  7.95it/s]
  5%|▍         | 9/192 [00:01<00:15, 11.70it/s]
  6%|▋         | 12/192 [00:01<00:12, 14.32it/s]
  8%|▊         | 15/192 [00:01<00:11, 15.99it/s]
  9%|▉         | 18/192 [00:01<00:09, 18.41it/s]
 11%|█▏        | 22/192 [00:01<00:07, 22.97it/s]
 14%|█▍        | 27/192 [00:01<00:05, 28.60it/s]
 17%|█▋        | 32/192 [00:01<00:04, 32.52it/s]
 19%|█▉        | 37/192 [00:02<00:04, 35.06it/s]
 22%|██▏       | 42/192 [00:02<00:04, 37.09it/s]
 24%|██▍       | 47/192 [00:02<00:03, 38.72it/s]
 27%|██▋       | 51/192 [00:02<00:03, 37.62it/s]
 29%|██▉       | 56/192 [00:02<00:03, 39.41it/s]
 32%|███▏      | 61/192 [00:02<00:03, 41.13it/s]
 34%|███▍      | 66/192 [00:02<00:02, 42.03it/s]
 37%|███▋      | 71/192 [00:02<00:02, 43.15it/s]
 40%|███▉      | 76/192 [00:02<00:02, 43.51it/s]
 42%|████▏     | 81/192 [00:03<00:02, 44.10it/s]
 45%|████▍     | 86/192 [00:03<00:02, 44.88it/s]
 47%|████▋     | 91/192 [00:03<00:02, 44.27it/s]
 50%|█████     | 96/192 [00:03<00:02, 44.88it/s]
 53%|█████▎    | 101/192 [00:03<00:02, 45.26it/s]
 55%|█████▌    | 106/192 [00:03<00:01, 45.16it/s]
 58%|█████▊    | 111/192 [00:03<00:01, 45.55it/s]
 60%|██████    | 116/192 [00:03<00:01, 45.26it/s]
 63%|██████▎   | 121/192 [00:03<00:01, 45.56it/s]
 66%|██████▌   | 126/192 [00:04<00:01, 46.05it/s]
 68%|██████▊   | 131/192 [00:04<00:01, 45.52it/s]
 71%|███████   | 136/192 [00:04<00:01, 45.65it/s]
 73%|███████▎  | 141/192 [00:04<00:01, 45.94it/s]
 76%|███████▌  | 146/192 [00:04<00:01, 45.63it/s]
 79%|███████▊  | 151/192 [00:04<00:00, 45.93it/s]
 81%|████████▏ | 156/192 [00:04<00:00, 45.05it/s]
 84%|████████▍ | 161/192 [00:04<00:00, 44.20it/s]
 86%|████████▋ | 166/192 [00:04<00:00, 43.89it/s]
 89%|████████▉ | 171/192 [00:05<00:00, 43.79it/s]
 92%|█████████▏| 176/192 [00:05<00:00, 43.70it/s]
 94%|█████████▍| 181/192 [00:05<00:00, 44.38it/s]
 97%|█████████▋| 186/192 [00:05<00:00, 45.08it/s]
 99%|█████████▉| 191/192 [00:05<00:00, 45.29it/s]
100%|██████████| 192/192 [00:05<00:00, 34.83it/s]

=== SUCCESS | attempt_time: 0:09:12.545091 ===
