
=== FINE_TUNE_EPOCHS=20-FIT_ONE_CYCLE_EPOCHS=10-MODEL=mobilenet_v3_small-NUM_SAMPLES=5000-FILE_SIZE=25-LOSS=ELSE-retries=0 | attempt 1 | start: 2026-01-25 17:33:26.583928 ===
CACHE: finding existing file count
CACHE: existing count: 0
TACO Extraction: samples=5000 size=25 out_dir=/Users/hariomnarang/.mtrain_synth_cache/extract_all_taco_fd240b6db46f15a6
existing samples: 0
remaining (will generate): 5000
loading annotations into memory...
Done (t=0.04s)
creating index...
index created!
20% done
40% done
50% done
60% done
70% done
80% done
total cycles: 2
copied files: 5000
DDG Dumping: samples=5000 size=25 out_dir=../../datasets/T005-with-taco-and-ddg/FINE_TUNE_EPOCHS=20-FIT_ONE_CYCLE_EPOCHS=10-MODEL=mobilenet_v3_small-NUM_SAMPLES=5000-FILE_SIZE=25-LOSS=ELSE-retries=0/synth/pos
shuffled set size 158
after samples size 158
10% done
20% done
30% done
40% done
50% done
60% done
70% done
80% done
90% done
100% done
[0, 0.9094191193580627, 0.7504702806472778, '00:09']
[0, 0.7488839030265808, 0.7721835970878601, '00:09']
[1, 0.7074288725852966, 0.5707376003265381, '00:08']
[2, 0.6628993153572083, 0.49326518177986145, '00:08']
[3, 0.609998345375061, 0.44724413752555847, '00:08']
[4, 0.5906748175621033, 0.4516735374927521, '00:08']
[5, 0.5504840612411499, 0.4276239275932312, '00:08']
[6, 0.5288320779800415, 0.4464331269264221, '00:08']
[7, 0.5181017518043518, 0.43086889386177063, '00:08']
[8, 0.5032100081443787, 0.4218047857284546, '00:08']
[9, 0.49437084794044495, 0.42342424392700195, '00:08']
[10, 0.47757023572921753, 0.3958483040332794, '00:08']
[11, 0.4758247137069702, 0.3996421694755554, '00:08']
[12, 0.47179460525512695, 0.38430407643318176, '00:08']
[13, 0.46888166666030884, 0.3930378258228302, '00:08']
[14, 0.45677077770233154, 0.39196106791496277, '00:08']
[15, 0.4584738314151764, 0.390390008687973, '00:08']
[16, 0.4536513090133667, 0.3917979300022125, '00:08']
[17, 0.45812901854515076, 0.3931174576282501, '00:08']
[18, 0.4461279511451721, 0.389905720949173, '00:08']
[19, 0.4495025873184204, 0.3901204764842987, '00:08']
[0, 0.44596242904663086, 0.3918340504169464, '00:09']
[1, 0.4481143057346344, 0.38838985562324524, '00:08']
[2, 0.45727089047431946, 0.38883131742477417, '00:08']
[3, 0.4606354534626007, 0.38923171162605286, '00:08']
[4, 0.4591561257839203, 0.3885131776332855, '00:08']
[5, 0.4460750222206116, 0.3837500512599945, '00:08']
[6, 0.44908806681632996, 0.3842434287071228, '00:08']
[7, 0.44738638401031494, 0.38443565368652344, '00:08']
[8, 0.44604697823524475, 0.38256126642227173, '00:08']
[9, 0.4521271586418152, 0.38343676924705505, '00:08']
/Users/hariomnarang/Desktop/personal/roads/mtrain/.venv/lib/python3.12/site-packages/torchvision/models/_utils.py:208: UserWarning: The parameter 'pretrained' is deprecated since 0.13 and may be removed in the future, please use 'weights' instead.
  warnings.warn(
/Users/hariomnarang/Desktop/personal/roads/mtrain/.venv/lib/python3.12/site-packages/torchvision/models/_utils.py:223: UserWarning: Arguments other than a weight enum or `None` for 'weights' are deprecated since 0.13 and may be removed in the future. The current behavior is equivalent to passing `weights=MobileNet_V3_Small_Weights.IMAGENET1K_V1`. You can also use `weights=MobileNet_V3_Small_Weights.DEFAULT` to get the most up-to-date weights.
  warnings.warn(msg)

  0%|          | 0/1271 [00:00<?, ?it/s]
  0%|          | 1/1271 [00:00<11:32,  1.83it/s]
  0%|          | 6/1271 [00:00<01:48, 11.67it/s]
  1%|          | 11/1271 [00:00<01:02, 20.11it/s]
  1%|▏         | 16/1271 [00:00<00:46, 27.06it/s]
  2%|▏         | 21/1271 [00:00<00:38, 32.53it/s]
  2%|▏         | 26/1271 [00:01<00:33, 36.70it/s]
  2%|▏         | 31/1271 [00:01<00:30, 40.05it/s]
  3%|▎         | 36/1271 [00:01<00:28, 42.71it/s]
  3%|▎         | 41/1271 [00:01<00:27, 44.55it/s]
  4%|▎         | 46/1271 [00:01<00:26, 46.00it/s]
  4%|▍         | 51/1271 [00:01<00:25, 47.15it/s]
  4%|▍         | 56/1271 [00:01<00:25, 47.93it/s]
  5%|▍         | 61/1271 [00:01<00:24, 48.51it/s]
  5%|▌         | 66/1271 [00:01<00:24, 48.93it/s]
  6%|▌         | 72/1271 [00:01<00:24, 49.35it/s]
  6%|▌         | 77/1271 [00:02<00:24, 49.45it/s]
  7%|▋         | 83/1271 [00:02<00:23, 49.67it/s]
  7%|▋         | 89/1271 [00:02<00:23, 49.81it/s]
  7%|▋         | 95/1271 [00:02<00:23, 49.97it/s]
  8%|▊         | 101/1271 [00:02<00:23, 50.04it/s]
  8%|▊         | 107/1271 [00:02<00:23, 50.07it/s]
  9%|▉         | 113/1271 [00:02<00:23, 50.02it/s]
  9%|▉         | 119/1271 [00:02<00:23, 50.01it/s]
 10%|▉         | 125/1271 [00:03<00:22, 50.03it/s]
 10%|█         | 131/1271 [00:03<00:22, 50.00it/s]
 11%|█         | 137/1271 [00:03<00:22, 49.83it/s]
 11%|█▏        | 143/1271 [00:03<00:22, 50.11it/s]
 12%|█▏        | 149/1271 [00:03<00:22, 50.14it/s]
 12%|█▏        | 155/1271 [00:03<00:22, 50.19it/s]
 13%|█▎        | 161/1271 [00:03<00:22, 50.16it/s]
 13%|█▎        | 167/1271 [00:03<00:22, 50.06it/s]
 14%|█▎        | 173/1271 [00:04<00:21, 50.12it/s]
 14%|█▍        | 179/1271 [00:04<00:21, 50.23it/s]
 15%|█▍        | 185/1271 [00:04<00:21, 50.12it/s]
 15%|█▌        | 191/1271 [00:04<00:21, 50.10it/s]
 15%|█▌        | 197/1271 [00:04<00:21, 50.15it/s]
 16%|█▌        | 203/1271 [00:04<00:21, 50.12it/s]
 16%|█▋        | 209/1271 [00:04<00:21, 50.13it/s]
 17%|█▋        | 215/1271 [00:04<00:21, 50.15it/s]
 17%|█▋        | 221/1271 [00:04<00:20, 50.18it/s]
 18%|█▊        | 227/1271 [00:05<00:20, 50.26it/s]
 18%|█▊        | 233/1271 [00:05<00:20, 50.17it/s]
 19%|█▉        | 239/1271 [00:05<00:20, 50.07it/s]
 19%|█▉        | 245/1271 [00:05<00:20, 50.15it/s]
 20%|█▉        | 251/1271 [00:05<00:20, 50.22it/s]
 20%|██        | 257/1271 [00:05<00:20, 50.27it/s]
 21%|██        | 263/1271 [00:05<00:20, 50.23it/s]
 21%|██        | 269/1271 [00:05<00:19, 50.16it/s]
 22%|██▏       | 275/1271 [00:06<00:19, 50.01it/s]
 22%|██▏       | 281/1271 [00:06<00:19, 49.87it/s]
 23%|██▎       | 286/1271 [00:06<00:19, 49.89it/s]
 23%|██▎       | 292/1271 [00:06<00:19, 49.98it/s]
 23%|██▎       | 298/1271 [00:06<00:19, 50.02it/s]
 24%|██▍       | 304/1271 [00:06<00:19, 50.00it/s]
 24%|██▍       | 309/1271 [00:06<00:19, 49.92it/s]
 25%|██▍       | 314/1271 [00:06<00:19, 49.69it/s]
 25%|██▌       | 319/1271 [00:06<00:19, 49.71it/s]
 25%|██▌       | 324/1271 [00:07<00:19, 49.56it/s]
 26%|██▌       | 329/1271 [00:07<00:19, 49.52it/s]
 26%|██▋       | 334/1271 [00:07<00:18, 49.47it/s]
 27%|██▋       | 340/1271 [00:07<00:18, 49.63it/s]
 27%|██▋       | 346/1271 [00:07<00:18, 49.75it/s]
 28%|██▊       | 352/1271 [00:07<00:18, 49.94it/s]
 28%|██▊       | 358/1271 [00:07<00:18, 49.95it/s]
 29%|██▊       | 364/1271 [00:07<00:18, 50.01it/s]
 29%|██▉       | 370/1271 [00:07<00:18, 50.00it/s]
 30%|██▉       | 376/1271 [00:08<00:17, 50.08it/s]
 30%|███       | 382/1271 [00:08<00:17, 50.03it/s]
 31%|███       | 388/1271 [00:08<00:17, 50.03it/s]
 31%|███       | 394/1271 [00:08<00:17, 50.11it/s]
 31%|███▏      | 400/1271 [00:08<00:17, 50.19it/s]
 32%|███▏      | 406/1271 [00:08<00:17, 50.47it/s]
 32%|███▏      | 412/1271 [00:08<00:17, 50.35it/s]
 33%|███▎      | 418/1271 [00:08<00:16, 50.27it/s]
 33%|███▎      | 424/1271 [00:09<00:16, 50.25it/s]
 34%|███▍      | 430/1271 [00:09<00:16, 50.31it/s]
 34%|███▍      | 436/1271 [00:09<00:16, 50.26it/s]
 35%|███▍      | 442/1271 [00:09<00:16, 50.23it/s]
 35%|███▌      | 448/1271 [00:09<00:16, 50.27it/s]
 36%|███▌      | 454/1271 [00:09<00:16, 50.23it/s]
 36%|███▌      | 460/1271 [00:09<00:16, 50.24it/s]
 37%|███▋      | 466/1271 [00:09<00:16, 50.22it/s]
 37%|███▋      | 472/1271 [00:09<00:15, 50.31it/s]
 38%|███▊      | 478/1271 [00:10<00:15, 50.34it/s]
 38%|███▊      | 484/1271 [00:10<00:15, 50.38it/s]
 39%|███▊      | 490/1271 [00:10<00:15, 50.38it/s]
 39%|███▉      | 496/1271 [00:10<00:15, 50.42it/s]
 39%|███▉      | 502/1271 [00:10<00:15, 50.47it/s]
 40%|███▉      | 508/1271 [00:10<00:15, 50.46it/s]
 40%|████      | 514/1271 [00:10<00:15, 50.39it/s]
 41%|████      | 520/1271 [00:10<00:14, 50.35it/s]
 41%|████▏     | 526/1271 [00:11<00:14, 50.24it/s]
 42%|████▏     | 532/1271 [00:11<00:14, 50.16it/s]
 42%|████▏     | 538/1271 [00:11<00:14, 49.96it/s]
 43%|████▎     | 544/1271 [00:11<00:14, 50.02it/s]
 43%|████▎     | 550/1271 [00:11<00:14, 50.13it/s]
 44%|████▎     | 556/1271 [00:11<00:14, 50.27it/s]
 44%|████▍     | 562/1271 [00:11<00:14, 50.20it/s]
 45%|████▍     | 568/1271 [00:11<00:14, 50.18it/s]
 45%|████▌     | 574/1271 [00:12<00:13, 50.26it/s]
 46%|████▌     | 580/1271 [00:12<00:13, 50.29it/s]
 46%|████▌     | 586/1271 [00:12<00:13, 50.22it/s]
 47%|████▋     | 592/1271 [00:12<00:13, 50.27it/s]
 47%|████▋     | 598/1271 [00:12<00:13, 50.19it/s]
 48%|████▊     | 604/1271 [00:12<00:13, 50.26it/s]
 48%|████▊     | 610/1271 [00:12<00:13, 50.30it/s]
 48%|████▊     | 616/1271 [00:12<00:13, 50.18it/s]
 49%|████▉     | 622/1271 [00:12<00:12, 50.01it/s]
 49%|████▉     | 628/1271 [00:13<00:12, 49.88it/s]
 50%|████▉     | 633/1271 [00:13<00:12, 49.76it/s]
 50%|█████     | 638/1271 [00:13<00:12, 49.69it/s]
 51%|█████     | 644/1271 [00:13<00:12, 49.81it/s]
 51%|█████     | 650/1271 [00:13<00:12, 49.91it/s]
 52%|█████▏    | 656/1271 [00:13<00:12, 49.98it/s]
 52%|█████▏    | 662/1271 [00:13<00:12, 50.02it/s]
 53%|█████▎    | 668/1271 [00:13<00:12, 50.02it/s]
 53%|█████▎    | 674/1271 [00:14<00:11, 49.92it/s]
 54%|█████▎    | 680/1271 [00:14<00:11, 50.06it/s]
 54%|█████▍    | 686/1271 [00:14<00:11, 50.00it/s]
 54%|█████▍    | 692/1271 [00:14<00:11, 50.12it/s]
 55%|█████▍    | 698/1271 [00:14<00:11, 50.17it/s]
 55%|█████▌    | 704/1271 [00:14<00:11, 50.19it/s]
 56%|█████▌    | 710/1271 [00:14<00:11, 50.16it/s]
 56%|█████▋    | 716/1271 [00:14<00:11, 50.18it/s]
 57%|█████▋    | 722/1271 [00:14<00:10, 50.25it/s]
 57%|█████▋    | 728/1271 [00:15<00:10, 50.32it/s]
 58%|█████▊    | 734/1271 [00:15<00:10, 50.27it/s]
 58%|█████▊    | 740/1271 [00:15<00:10, 50.34it/s]
 59%|█████▊    | 746/1271 [00:15<00:10, 50.17it/s]
 59%|█████▉    | 752/1271 [00:15<00:10, 50.27it/s]
 60%|█████▉    | 758/1271 [00:15<00:10, 50.26it/s]
 60%|██████    | 764/1271 [00:15<00:10, 50.21it/s]
 61%|██████    | 770/1271 [00:15<00:09, 50.23it/s]
 61%|██████    | 776/1271 [00:16<00:09, 50.26it/s]
 62%|██████▏   | 782/1271 [00:16<00:09, 50.31it/s]
 62%|██████▏   | 788/1271 [00:16<00:09, 50.23it/s]
 62%|██████▏   | 794/1271 [00:16<00:09, 50.30it/s]
 63%|██████▎   | 800/1271 [00:16<00:09, 50.29it/s]
 63%|██████▎   | 806/1271 [00:16<00:09, 50.33it/s]
 64%|██████▍   | 812/1271 [00:16<00:09, 50.25it/s]
 64%|██████▍   | 818/1271 [00:16<00:09, 50.14it/s]
 65%|██████▍   | 824/1271 [00:16<00:08, 50.24it/s]
 65%|██████▌   | 830/1271 [00:17<00:08, 50.27it/s]
 66%|██████▌   | 836/1271 [00:17<00:08, 50.23it/s]
 66%|██████▌   | 842/1271 [00:17<00:08, 50.18it/s]
 67%|██████▋   | 848/1271 [00:17<00:08, 50.07it/s]
 67%|██████▋   | 854/1271 [00:17<00:08, 50.14it/s]
 68%|██████▊   | 860/1271 [00:17<00:08, 50.15it/s]
 68%|██████▊   | 866/1271 [00:17<00:08, 50.21it/s]
 69%|██████▊   | 872/1271 [00:17<00:07, 50.18it/s]
 69%|██████▉   | 878/1271 [00:18<00:07, 50.25it/s]
 70%|██████▉   | 884/1271 [00:18<00:07, 50.28it/s]
 70%|███████   | 890/1271 [00:18<00:07, 50.12it/s]
 70%|███████   | 896/1271 [00:18<00:07, 50.19it/s]
 71%|███████   | 902/1271 [00:18<00:07, 50.24it/s]
 71%|███████▏  | 908/1271 [00:18<00:07, 50.24it/s]
 72%|███████▏  | 914/1271 [00:18<00:07, 50.20it/s]
 72%|███████▏  | 920/1271 [00:18<00:07, 50.13it/s]
 73%|███████▎  | 926/1271 [00:19<00:06, 50.15it/s]
 73%|███████▎  | 932/1271 [00:19<00:06, 50.02it/s]
 74%|███████▍  | 938/1271 [00:19<00:06, 49.79it/s]
 74%|███████▍  | 943/1271 [00:19<00:06, 49.79it/s]
 75%|███████▍  | 948/1271 [00:19<00:06, 49.84it/s]
 75%|███████▌  | 954/1271 [00:19<00:06, 49.94it/s]
 75%|███████▌  | 959/1271 [00:19<00:06, 49.89it/s]
 76%|███████▌  | 965/1271 [00:19<00:06, 49.95it/s]
 76%|███████▋  | 971/1271 [00:19<00:05, 50.06it/s]
 77%|███████▋  | 977/1271 [00:20<00:05, 50.19it/s]
 77%|███████▋  | 983/1271 [00:20<00:05, 50.24it/s]
 78%|███████▊  | 989/1271 [00:20<00:05, 50.29it/s]
 78%|███████▊  | 995/1271 [00:20<00:05, 50.28it/s]
 79%|███████▉  | 1001/1271 [00:20<00:05, 50.34it/s]
 79%|███████▉  | 1007/1271 [00:20<00:05, 50.35it/s]
 80%|███████▉  | 1013/1271 [00:20<00:05, 50.29it/s]
 80%|████████  | 1019/1271 [00:20<00:05, 50.28it/s]
 81%|████████  | 1025/1271 [00:21<00:04, 50.30it/s]
 81%|████████  | 1031/1271 [00:21<00:04, 50.20it/s]
 82%|████████▏ | 1037/1271 [00:21<00:04, 50.23it/s]
 82%|████████▏ | 1043/1271 [00:21<00:04, 50.33it/s]
 83%|████████▎ | 1049/1271 [00:21<00:04, 50.39it/s]
 83%|████████▎ | 1055/1271 [00:21<00:04, 50.43it/s]
 83%|████████▎ | 1061/1271 [00:21<00:04, 50.38it/s]
 84%|████████▍ | 1067/1271 [00:21<00:04, 50.35it/s]
 84%|████████▍ | 1073/1271 [00:21<00:03, 50.37it/s]
 85%|████████▍ | 1079/1271 [00:22<00:03, 50.45it/s]
 85%|████████▌ | 1085/1271 [00:22<00:03, 50.47it/s]
 86%|████████▌ | 1091/1271 [00:22<00:03, 50.33it/s]
 86%|████████▋ | 1097/1271 [00:22<00:03, 50.37it/s]
 87%|████████▋ | 1103/1271 [00:22<00:03, 50.69it/s]
 87%|████████▋ | 1109/1271 [00:22<00:03, 50.64it/s]
 88%|████████▊ | 1115/1271 [00:22<00:03, 50.54it/s]
 88%|████████▊ | 1121/1271 [00:22<00:02, 50.45it/s]
 89%|████████▊ | 1127/1271 [00:23<00:02, 50.40it/s]
 89%|████████▉ | 1133/1271 [00:23<00:02, 50.45it/s]
 90%|████████▉ | 1139/1271 [00:23<00:02, 50.34it/s]
 90%|█████████ | 1145/1271 [00:23<00:02, 50.34it/s]
 91%|█████████ | 1151/1271 [00:23<00:02, 50.27it/s]
 91%|█████████ | 1157/1271 [00:23<00:02, 50.31it/s]
 92%|█████████▏| 1163/1271 [00:23<00:02, 50.29it/s]
 92%|█████████▏| 1169/1271 [00:23<00:02, 50.31it/s]
 92%|█████████▏| 1175/1271 [00:23<00:01, 50.03it/s]
 93%|█████████▎| 1181/1271 [00:24<00:01, 50.19it/s]
 93%|█████████▎| 1187/1271 [00:24<00:01, 50.33it/s]
 94%|█████████▍| 1193/1271 [00:24<00:01, 50.36it/s]
 94%|█████████▍| 1199/1271 [00:24<00:01, 50.36it/s]
 95%|█████████▍| 1205/1271 [00:24<00:01, 50.45it/s]
 95%|█████████▌| 1211/1271 [00:24<00:01, 50.46it/s]
 96%|█████████▌| 1217/1271 [00:24<00:01, 50.42it/s]
 96%|█████████▌| 1223/1271 [00:24<00:00, 50.29it/s]
 97%|█████████▋| 1229/1271 [00:25<00:00, 50.16it/s]
 97%|█████████▋| 1235/1271 [00:25<00:00, 50.03it/s]
 98%|█████████▊| 1241/1271 [00:25<00:00, 49.87it/s]
 98%|█████████▊| 1246/1271 [00:25<00:00, 49.74it/s]
 99%|█████████▊| 1252/1271 [00:25<00:00, 49.82it/s]
 99%|█████████▉| 1258/1271 [00:25<00:00, 49.95it/s]
 99%|█████████▉| 1264/1271 [00:25<00:00, 50.00it/s]
100%|█████████▉| 1270/1271 [00:25<00:00, 50.13it/s]
100%|██████████| 1271/1271 [00:25<00:00, 49.08it/s]

=== SUCCESS | attempt_time: 0:06:21.168914 ===
