
=== FINE_TUNE_EPOCHS=10-FIT_ONE_CYCLE_EPOCHS=10-MODEL=mobilenet_v3_small-NUM_SAMPLES=5000-FILE_SIZE=35-LOSS=ELSE-retries=0 | attempt 1 | start: 2026-01-25 12:24:16.925714 ===
existing samples: 5001
remaining (will generate): 0
loading annotations into memory...
Done (t=0.02s)
creating index...
index created!
total cycles: 0
[0, 0.8115331530570984, 1.2548142671585083, '00:07']
[0, 0.6190757751464844, 0.578218400478363, '00:07']
[1, 0.5755839347839355, 0.4112682640552521, '00:06']
[2, 0.5410736799240112, 0.33715763688087463, '00:06']
[3, 0.4903188645839691, 0.2945905029773712, '00:06']
[4, 0.4596655070781708, 0.2933650612831116, '00:06']
[5, 0.41852089762687683, 0.28038454055786133, '00:06']
[6, 0.4038529694080353, 0.27650076150894165, '00:06']
[7, 0.3828692138195038, 0.2719489336013794, '00:06']
[8, 0.38852667808532715, 0.273550808429718, '00:06']
[9, 0.39033570885658264, 0.2716103196144104, '00:06']
[0, 0.36894720792770386, 0.2708791494369507, '00:06']
[1, 0.3809099793434143, 0.2695063054561615, '00:06']
[2, 0.37489843368530273, 0.2709282338619232, '00:06']
[3, 0.37967389822006226, 0.270997017621994, '00:06']
[4, 0.3687390387058258, 0.2677919864654541, '00:06']
[5, 0.36710262298583984, 0.2676055431365967, '00:06']
[6, 0.37223827838897705, 0.26359936594963074, '00:06']
[7, 0.3774358332157135, 0.2633744180202484, '00:06']
[8, 0.3771767318248749, 0.2635597586631775, '00:06']
[9, 0.37148675322532654, 0.2657681405544281, '00:06']

Generating samples: 0iteration [00:00, ?iteration/s]
Generating samples: 0iteration [00:00, ?iteration/s]
/Users/hariomnarang/Desktop/personal/roads/mtrain/.venv/lib/python3.12/site-packages/torchvision/models/_utils.py:208: UserWarning: The parameter 'pretrained' is deprecated since 0.13 and may be removed in the future, please use 'weights' instead.
  warnings.warn(
/Users/hariomnarang/Desktop/personal/roads/mtrain/.venv/lib/python3.12/site-packages/torchvision/models/_utils.py:223: UserWarning: Arguments other than a weight enum or `None` for 'weights' are deprecated since 0.13 and may be removed in the future. The current behavior is equivalent to passing `weights=MobileNet_V3_Small_Weights.IMAGENET1K_V1`. You can also use `weights=MobileNet_V3_Small_Weights.DEFAULT` to get the most up-to-date weights.
  warnings.warn(msg)

  0%|          | 0/660 [00:00<?, ?it/s]
  0%|          | 1/660 [00:00<07:04,  1.55it/s]
  1%|          | 8/660 [00:00<00:47, 13.83it/s]
  2%|▏         | 16/660 [00:00<00:23, 26.89it/s]
  4%|▎         | 24/660 [00:00<00:16, 37.97it/s]
  5%|▍         | 32/660 [00:01<00:13, 46.68it/s]
  6%|▌         | 40/660 [00:01<00:11, 53.18it/s]
  7%|▋         | 48/660 [00:01<00:10, 58.51it/s]
  8%|▊         | 56/660 [00:01<00:09, 62.53it/s]
 10%|▉         | 64/660 [00:01<00:09, 64.86it/s]
 11%|█         | 72/660 [00:01<00:08, 67.22it/s]
 12%|█▏        | 80/660 [00:01<00:08, 68.78it/s]
 13%|█▎        | 88/660 [00:01<00:08, 70.09it/s]
 15%|█▍        | 96/660 [00:01<00:07, 70.92it/s]
 16%|█▌        | 104/660 [00:02<00:07, 72.31it/s]
 17%|█▋        | 112/660 [00:02<00:07, 72.73it/s]
 18%|█▊        | 120/660 [00:02<00:07, 73.28it/s]
 19%|█▉        | 128/660 [00:02<00:07, 73.60it/s]
 21%|██        | 136/660 [00:02<00:07, 74.05it/s]
 22%|██▏       | 144/660 [00:02<00:07, 73.65it/s]
 23%|██▎       | 152/660 [00:02<00:06, 73.90it/s]
 24%|██▍       | 160/660 [00:02<00:06, 73.72it/s]
 25%|██▌       | 168/660 [00:02<00:06, 73.64it/s]
 27%|██▋       | 176/660 [00:03<00:06, 73.51it/s]
 28%|██▊       | 184/660 [00:03<00:06, 73.66it/s]
 29%|██▉       | 192/660 [00:03<00:06, 73.62it/s]
 30%|███       | 200/660 [00:03<00:06, 73.78it/s]
 32%|███▏      | 208/660 [00:03<00:06, 73.79it/s]
 33%|███▎      | 216/660 [00:03<00:05, 74.16it/s]
 34%|███▍      | 224/660 [00:03<00:05, 73.95it/s]
 35%|███▌      | 232/660 [00:03<00:05, 73.90it/s]
 36%|███▋      | 240/660 [00:03<00:05, 73.80it/s]
 38%|███▊      | 248/660 [00:04<00:05, 74.00it/s]
 39%|███▉      | 256/660 [00:04<00:05, 73.68it/s]
 40%|████      | 264/660 [00:04<00:05, 73.94it/s]
 41%|████      | 272/660 [00:04<00:05, 74.62it/s]
 42%|████▏     | 280/660 [00:04<00:05, 74.71it/s]
 44%|████▎     | 288/660 [00:04<00:04, 74.71it/s]
 45%|████▍     | 296/660 [00:04<00:04, 74.38it/s]
 46%|████▌     | 304/660 [00:04<00:04, 74.59it/s]
 47%|████▋     | 312/660 [00:04<00:04, 74.58it/s]
 48%|████▊     | 320/660 [00:04<00:04, 74.59it/s]
 50%|████▉     | 328/660 [00:05<00:04, 74.67it/s]
 51%|█████     | 336/660 [00:05<00:04, 74.63it/s]
 52%|█████▏    | 344/660 [00:05<00:04, 68.92it/s]
 53%|█████▎    | 352/660 [00:05<00:04, 69.78it/s]
 55%|█████▍    | 360/660 [00:05<00:04, 71.21it/s]
 56%|█████▌    | 368/660 [00:05<00:04, 71.93it/s]
 57%|█████▋    | 376/660 [00:05<00:03, 72.58it/s]
 58%|█████▊    | 384/660 [00:05<00:03, 73.16it/s]
 59%|█████▉    | 392/660 [00:05<00:03, 73.77it/s]
 61%|██████    | 400/660 [00:06<00:03, 73.26it/s]
 62%|██████▏   | 408/660 [00:06<00:03, 73.56it/s]
 63%|██████▎   | 416/660 [00:06<00:03, 73.47it/s]
 64%|██████▍   | 424/660 [00:06<00:03, 73.75it/s]
 65%|██████▌   | 432/660 [00:06<00:03, 74.13it/s]
 67%|██████▋   | 440/660 [00:06<00:02, 74.08it/s]
 68%|██████▊   | 448/660 [00:06<00:02, 74.32it/s]
 69%|██████▉   | 456/660 [00:06<00:02, 73.97it/s]
 70%|███████   | 464/660 [00:06<00:02, 73.81it/s]
 72%|███████▏  | 472/660 [00:07<00:02, 73.84it/s]
 73%|███████▎  | 480/660 [00:07<00:02, 74.01it/s]
 74%|███████▍  | 488/660 [00:07<00:02, 73.72it/s]
 75%|███████▌  | 496/660 [00:07<00:02, 73.97it/s]
 76%|███████▋  | 504/660 [00:07<00:02, 74.24it/s]
 78%|███████▊  | 512/660 [00:07<00:01, 74.86it/s]
 79%|███████▉  | 520/660 [00:07<00:01, 74.52it/s]
 80%|████████  | 528/660 [00:07<00:01, 74.74it/s]
 81%|████████  | 536/660 [00:07<00:01, 74.68it/s]
 82%|████████▏ | 544/660 [00:08<00:01, 74.78it/s]
 84%|████████▎ | 552/660 [00:08<00:01, 74.64it/s]
 85%|████████▍ | 560/660 [00:08<00:01, 74.60it/s]
 86%|████████▌ | 568/660 [00:08<00:01, 74.45it/s]
 87%|████████▋ | 576/660 [00:08<00:01, 74.44it/s]
 88%|████████▊ | 584/660 [00:08<00:01, 74.35it/s]
 90%|████████▉ | 592/660 [00:08<00:00, 74.36it/s]
 91%|█████████ | 600/660 [00:08<00:00, 74.56it/s]
 92%|█████████▏| 608/660 [00:08<00:00, 74.66it/s]
 93%|█████████▎| 616/660 [00:08<00:00, 74.75it/s]
 95%|█████████▍| 624/660 [00:09<00:00, 74.90it/s]
 96%|█████████▌| 632/660 [00:09<00:00, 74.66it/s]
 97%|█████████▋| 640/660 [00:09<00:00, 74.71it/s]
 98%|█████████▊| 648/660 [00:09<00:00, 74.86it/s]
 99%|█████████▉| 656/660 [00:09<00:00, 75.40it/s]
100%|██████████| 660/660 [00:09<00:00, 68.88it/s]

=== SUCCESS | attempt_time: 0:02:27.489299 ===
