
=== FINE_TUNE_EPOCHS=20-FIT_ONE_CYCLE_EPOCHS=10-MODEL=mobilenet_v3_small-NUM_SAMPLES=5000-FILE_SIZE=30-LOSS=ELSE-retries=0 | attempt 1 | start: 2026-01-25 17:39:47.753935 ===
CACHE: finding existing file count
CACHE: existing count: 3950
TACO Extraction: samples=1050 size=30 out_dir=/Users/hariomnarang/.mtrain_synth_cache/extract_all_taco_63580f06d35c5e29
existing samples: 3950
remaining (will generate): 0
loading annotations into memory...
Done (t=0.04s)
creating index...
index created!
total cycles: 0
copied files: 3950
DDG Dumping: samples=5000 size=30 out_dir=../../datasets/T005-with-taco-and-ddg/FINE_TUNE_EPOCHS=20-FIT_ONE_CYCLE_EPOCHS=10-MODEL=mobilenet_v3_small-NUM_SAMPLES=5000-FILE_SIZE=30-LOSS=ELSE-retries=0/synth/pos
shuffled set size 158
after samples size 158
10% done
20% done
30% done
40% done
50% done
60% done
70% done
80% done
90% done
100% done
[0, 0.9510572552680969, 0.7102423310279846, '00:07']
[0, 0.801880419254303, 0.6543151140213013, '00:08']
[1, 0.752306342124939, 0.6357821226119995, '00:06']
[2, 0.7163186073303223, 0.6183804869651794, '00:06']
[3, 0.6936028599739075, 0.506659209728241, '00:07']
[4, 0.6423415541648865, 0.49702224135398865, '00:06']
[5, 0.6059396266937256, 0.4827578663825989, '00:06']
[6, 0.5716292262077332, 0.4925558567047119, '00:06']
[7, 0.5429031848907471, 0.4700232148170471, '00:06']
[8, 0.5356449484825134, 0.46186086535453796, '00:07']
[9, 0.5150813460350037, 0.4624212086200714, '00:06']
[10, 0.5038709044456482, 0.44868946075439453, '00:06']
[11, 0.5102695226669312, 0.45788249373435974, '00:06']
[12, 0.5019208192825317, 0.44350844621658325, '00:06']
[13, 0.5020588636398315, 0.43841591477394104, '00:07']
[14, 0.49160972237586975, 0.427797794342041, '00:06']
[15, 0.48384588956832886, 0.42748039960861206, '00:06']
[16, 0.47734934091567993, 0.4301620125770569, '00:06']
[17, 0.4773726463317871, 0.4272414743900299, '00:06']
[18, 0.48144009709358215, 0.42618298530578613, '00:06']
[19, 0.48981669545173645, 0.4253700375556946, '00:06']
[0, 0.4778512418270111, 0.429887980222702, '00:06']
[1, 0.47550949454307556, 0.4244194030761719, '00:06']
[2, 0.48437291383743286, 0.4266391396522522, '00:06']
[3, 0.4735282361507416, 0.42593616247177124, '00:06']
[4, 0.4752576947212219, 0.42708420753479004, '00:06']
[5, 0.4780873656272888, 0.42394787073135376, '00:06']
[6, 0.48298391699790955, 0.42387324571609497, '00:06']
[7, 0.4823268949985504, 0.4239921271800995, '00:06']
[8, 0.4822551906108856, 0.42366859316825867, '00:07']
[9, 0.4753629267215729, 0.42551514506340027, '00:06']
/Users/hariomnarang/Desktop/personal/roads/mtrain/.venv/lib/python3.12/site-packages/torchvision/models/_utils.py:208: UserWarning: The parameter 'pretrained' is deprecated since 0.13 and may be removed in the future, please use 'weights' instead.
  warnings.warn(
/Users/hariomnarang/Desktop/personal/roads/mtrain/.venv/lib/python3.12/site-packages/torchvision/models/_utils.py:223: UserWarning: Arguments other than a weight enum or `None` for 'weights' are deprecated since 0.13 and may be removed in the future. The current behavior is equivalent to passing `weights=MobileNet_V3_Small_Weights.IMAGENET1K_V1`. You can also use `weights=MobileNet_V3_Small_Weights.DEFAULT` to get the most up-to-date weights.
  warnings.warn(msg)

  0%|          | 0/910 [00:00<?, ?it/s]
  0%|          | 1/910 [00:00<07:19,  2.07it/s]
  1%|          | 6/910 [00:00<01:10, 12.89it/s]
  1%|          | 11/910 [00:00<00:41, 21.88it/s]
  2%|▏         | 16/910 [00:00<00:30, 29.08it/s]
  2%|▏         | 21/910 [00:00<00:25, 34.63it/s]
  3%|▎         | 27/910 [00:01<00:22, 39.49it/s]
  4%|▎         | 32/910 [00:01<00:20, 42.19it/s]
  4%|▍         | 38/910 [00:01<00:19, 44.71it/s]
  5%|▍         | 44/910 [00:01<00:18, 46.48it/s]
  5%|▌         | 50/910 [00:01<00:17, 47.78it/s]
  6%|▌         | 55/910 [00:01<00:17, 48.37it/s]
  7%|▋         | 61/910 [00:01<00:17, 49.01it/s]
  7%|▋         | 67/910 [00:01<00:17, 49.37it/s]
  8%|▊         | 73/910 [00:01<00:16, 49.69it/s]
  9%|▊         | 79/910 [00:02<00:16, 49.98it/s]
  9%|▉         | 85/910 [00:02<00:16, 50.04it/s]
 10%|█         | 91/910 [00:02<00:16, 50.02it/s]
 11%|█         | 97/910 [00:02<00:16, 49.97it/s]
 11%|█▏        | 103/910 [00:02<00:16, 50.16it/s]
 12%|█▏        | 109/910 [00:02<00:15, 50.35it/s]
 13%|█▎        | 115/910 [00:02<00:15, 50.23it/s]
 13%|█▎        | 121/910 [00:02<00:15, 49.93it/s]
 14%|█▍        | 126/910 [00:02<00:15, 49.89it/s]
 14%|█▍        | 131/910 [00:03<00:15, 49.72it/s]
 15%|█▍        | 136/910 [00:03<00:15, 49.59it/s]
 15%|█▌        | 141/910 [00:03<00:15, 49.51it/s]
 16%|█▌        | 146/910 [00:03<00:15, 49.63it/s]
 17%|█▋        | 151/910 [00:03<00:15, 49.67it/s]
 17%|█▋        | 157/910 [00:03<00:15, 49.91it/s]
 18%|█▊        | 163/910 [00:03<00:14, 49.96it/s]
 19%|█▊        | 169/910 [00:03<00:14, 50.09it/s]
 19%|█▉        | 175/910 [00:03<00:14, 50.19it/s]
 20%|█▉        | 181/910 [00:04<00:14, 50.38it/s]
 21%|██        | 187/910 [00:04<00:14, 50.50it/s]
 21%|██        | 193/910 [00:04<00:14, 50.45it/s]
 22%|██▏       | 199/910 [00:04<00:14, 50.51it/s]
 23%|██▎       | 205/910 [00:04<00:13, 50.56it/s]
 23%|██▎       | 211/910 [00:04<00:13, 50.59it/s]
 24%|██▍       | 217/910 [00:04<00:13, 50.50it/s]
 25%|██▍       | 223/910 [00:04<00:13, 50.50it/s]
 25%|██▌       | 229/910 [00:05<00:13, 50.38it/s]
 26%|██▌       | 235/910 [00:05<00:13, 50.40it/s]
 26%|██▋       | 241/910 [00:05<00:13, 50.41it/s]
 27%|██▋       | 247/910 [00:05<00:13, 50.48it/s]
 28%|██▊       | 253/910 [00:05<00:13, 50.49it/s]
 28%|██▊       | 259/910 [00:05<00:12, 50.92it/s]
 29%|██▉       | 265/910 [00:05<00:12, 50.88it/s]
 30%|██▉       | 271/910 [00:05<00:12, 50.82it/s]
 30%|███       | 277/910 [00:05<00:12, 50.69it/s]
 31%|███       | 283/910 [00:06<00:12, 50.36it/s]
 32%|███▏      | 289/910 [00:06<00:12, 50.37it/s]
 32%|███▏      | 295/910 [00:06<00:12, 50.38it/s]
 33%|███▎      | 301/910 [00:06<00:12, 50.40it/s]
 34%|███▎      | 307/910 [00:06<00:11, 50.50it/s]
 34%|███▍      | 313/910 [00:06<00:11, 50.54it/s]
 35%|███▌      | 319/910 [00:06<00:11, 50.43it/s]
 36%|███▌      | 325/910 [00:06<00:11, 50.42it/s]
 36%|███▋      | 331/910 [00:07<00:11, 50.29it/s]
 37%|███▋      | 337/910 [00:07<00:11, 50.37it/s]
 38%|███▊      | 343/910 [00:07<00:11, 50.28it/s]
 38%|███▊      | 349/910 [00:07<00:11, 50.27it/s]
 39%|███▉      | 355/910 [00:07<00:11, 50.12it/s]
 40%|███▉      | 361/910 [00:07<00:10, 50.22it/s]
 40%|████      | 367/910 [00:07<00:10, 50.29it/s]
 41%|████      | 373/910 [00:07<00:10, 50.37it/s]
 42%|████▏     | 379/910 [00:08<00:10, 50.32it/s]
 42%|████▏     | 385/910 [00:08<00:10, 50.42it/s]
 43%|████▎     | 391/910 [00:08<00:10, 50.48it/s]
 44%|████▎     | 397/910 [00:08<00:10, 50.57it/s]
 44%|████▍     | 403/910 [00:08<00:10, 50.64it/s]
 45%|████▍     | 409/910 [00:08<00:09, 50.65it/s]
 46%|████▌     | 415/910 [00:08<00:09, 50.63it/s]
 46%|████▋     | 421/910 [00:08<00:09, 50.56it/s]
 47%|████▋     | 427/910 [00:08<00:09, 50.18it/s]
 48%|████▊     | 433/910 [00:09<00:09, 50.10it/s]
 48%|████▊     | 439/910 [00:09<00:09, 49.94it/s]
 49%|████▉     | 444/910 [00:09<00:09, 49.72it/s]
 49%|████▉     | 449/910 [00:09<00:09, 49.67it/s]
 50%|█████     | 455/910 [00:09<00:09, 49.82it/s]
 51%|█████     | 461/910 [00:09<00:08, 49.93it/s]
 51%|█████▏    | 467/910 [00:09<00:08, 50.06it/s]
 52%|█████▏    | 473/910 [00:09<00:08, 50.24it/s]
 53%|█████▎    | 479/910 [00:10<00:08, 50.18it/s]
 53%|█████▎    | 485/910 [00:10<00:08, 50.24it/s]
 54%|█████▍    | 491/910 [00:10<00:08, 50.32it/s]
 55%|█████▍    | 497/910 [00:10<00:08, 50.32it/s]
 55%|█████▌    | 503/910 [00:10<00:08, 50.39it/s]
 56%|█████▌    | 509/910 [00:10<00:07, 50.56it/s]
 57%|█████▋    | 515/910 [00:10<00:07, 50.92it/s]
 57%|█████▋    | 521/910 [00:10<00:07, 50.81it/s]
 58%|█████▊    | 527/910 [00:10<00:07, 50.69it/s]
 59%|█████▊    | 533/910 [00:11<00:07, 50.72it/s]
 59%|█████▉    | 539/910 [00:11<00:07, 50.75it/s]
 60%|█████▉    | 545/910 [00:11<00:07, 50.69it/s]
 61%|██████    | 551/910 [00:11<00:07, 50.63it/s]
 61%|██████    | 557/910 [00:11<00:06, 50.69it/s]
 62%|██████▏   | 563/910 [00:11<00:06, 50.70it/s]
 63%|██████▎   | 569/910 [00:11<00:06, 50.60it/s]
 63%|██████▎   | 575/910 [00:11<00:06, 50.69it/s]
 64%|██████▍   | 581/910 [00:12<00:06, 50.69it/s]
 65%|██████▍   | 587/910 [00:12<00:06, 50.68it/s]
 65%|██████▌   | 593/910 [00:12<00:06, 50.69it/s]
 66%|██████▌   | 599/910 [00:12<00:06, 50.76it/s]
 66%|██████▋   | 605/910 [00:12<00:06, 50.72it/s]
 67%|██████▋   | 611/910 [00:12<00:05, 50.81it/s]
 68%|██████▊   | 617/910 [00:12<00:05, 50.81it/s]
 68%|██████▊   | 623/910 [00:12<00:05, 50.79it/s]
 69%|██████▉   | 629/910 [00:12<00:05, 50.82it/s]
 70%|██████▉   | 635/910 [00:13<00:05, 50.83it/s]
 70%|███████   | 641/910 [00:13<00:05, 50.74it/s]
 71%|███████   | 647/910 [00:13<00:05, 50.73it/s]
 72%|███████▏  | 653/910 [00:13<00:05, 50.77it/s]
 72%|███████▏  | 659/910 [00:13<00:04, 50.70it/s]
 73%|███████▎  | 665/910 [00:13<00:04, 50.70it/s]
 74%|███████▎  | 671/910 [00:13<00:04, 50.65it/s]
 74%|███████▍  | 677/910 [00:13<00:04, 50.68it/s]
 75%|███████▌  | 683/910 [00:14<00:04, 50.64it/s]
 76%|███████▌  | 689/910 [00:14<00:04, 50.78it/s]
 76%|███████▋  | 695/910 [00:14<00:04, 50.75it/s]
 77%|███████▋  | 701/910 [00:14<00:04, 50.75it/s]
 78%|███████▊  | 707/910 [00:14<00:04, 50.71it/s]
 78%|███████▊  | 713/910 [00:14<00:03, 50.60it/s]
 79%|███████▉  | 719/910 [00:14<00:03, 50.67it/s]
 80%|███████▉  | 725/910 [00:14<00:03, 50.75it/s]
 80%|████████  | 731/910 [00:14<00:03, 50.68it/s]
 81%|████████  | 737/910 [00:15<00:03, 50.42it/s]
 82%|████████▏ | 743/910 [00:15<00:03, 50.16it/s]
 82%|████████▏ | 749/910 [00:15<00:03, 49.91it/s]
 83%|████████▎ | 754/910 [00:15<00:03, 49.85it/s]
 84%|████████▎ | 760/910 [00:15<00:03, 49.93it/s]
 84%|████████▍ | 766/910 [00:15<00:02, 50.11it/s]
 85%|████████▍ | 772/910 [00:15<00:02, 50.11it/s]
 85%|████████▌ | 778/910 [00:15<00:02, 50.51it/s]
 86%|████████▌ | 784/910 [00:16<00:02, 50.40it/s]
 87%|████████▋ | 790/910 [00:16<00:02, 50.56it/s]
 87%|████████▋ | 796/910 [00:16<00:02, 50.57it/s]
 88%|████████▊ | 802/910 [00:16<00:02, 50.67it/s]
 89%|████████▉ | 808/910 [00:16<00:02, 50.72it/s]
 89%|████████▉ | 814/910 [00:16<00:01, 50.75it/s]
 90%|█████████ | 820/910 [00:16<00:01, 50.75it/s]
 91%|█████████ | 826/910 [00:16<00:01, 50.74it/s]
 91%|█████████▏| 832/910 [00:16<00:01, 50.72it/s]
 92%|█████████▏| 838/910 [00:17<00:01, 50.74it/s]
 93%|█████████▎| 844/910 [00:17<00:01, 50.74it/s]
 93%|█████████▎| 850/910 [00:17<00:01, 50.64it/s]
 94%|█████████▍| 856/910 [00:17<00:01, 50.53it/s]
 95%|█████████▍| 862/910 [00:17<00:00, 50.62it/s]
 95%|█████████▌| 868/910 [00:17<00:00, 50.69it/s]
 96%|█████████▌| 874/910 [00:17<00:00, 50.68it/s]
 97%|█████████▋| 880/910 [00:17<00:00, 50.75it/s]
 97%|█████████▋| 886/910 [00:18<00:00, 50.78it/s]
 98%|█████████▊| 892/910 [00:18<00:00, 50.79it/s]
 99%|█████████▊| 898/910 [00:18<00:00, 50.83it/s]
 99%|█████████▉| 904/910 [00:18<00:00, 50.82it/s]
100%|██████████| 910/910 [00:18<00:00, 50.82it/s]
100%|██████████| 910/910 [00:18<00:00, 49.16it/s]

=== SUCCESS | attempt_time: 0:04:09.364766 ===
