
=== FINE_TUNE_EPOCHS=1-FIT_ONE_CYCLE_EPOCHS=1-MODEL=mobilenet_v3_small-NUM_SAMPLES=100-FILE_SIZE=50-LOSS=ELSE-retries=0 | attempt 1 | start: 2026-01-25 14:38:53.452868 ===
existing samples: 102
remaining (will generate): 0
loading annotations into memory...
Done (t=0.03s)
creating index...
index created!
total cycles: 0
[0, 1.134692907333374, 0.629181444644928, '00:01']
[0, 0.9697707891464233, 0.4696555435657501, '00:01']
[0, 0.8730236291885376, 0.4989093542098999, '00:00']

Generating samples: 0iteration [00:00, ?iteration/s]
Generating samples: 0iteration [00:00, ?iteration/s]

  0%|          | 0/100 [00:00<?, ?it/s]
 10%|█         | 10/100 [00:00<00:00, 97.11it/s]
 20%|██        | 20/100 [00:00<00:00, 91.66it/s]
 30%|███       | 30/100 [00:00<00:00, 85.55it/s]
 39%|███▉      | 39/100 [00:00<00:00, 82.57it/s]
 48%|████▊     | 48/100 [00:00<00:00, 68.71it/s]
 63%|██████▎   | 63/100 [00:00<00:00, 88.07it/s]
 77%|███████▋  | 77/100 [00:00<00:00, 101.95it/s]
 88%|████████▊ | 88/100 [00:00<00:00, 98.66it/s] 
 99%|█████████▉| 99/100 [00:01<00:00, 100.01it/s]
100%|██████████| 100/100 [00:01<00:00, 93.24it/s]
/Users/hariomnarang/Desktop/personal/roads/mtrain/.venv/lib/python3.12/site-packages/torchvision/models/_utils.py:208: UserWarning: The parameter 'pretrained' is deprecated since 0.13 and may be removed in the future, please use 'weights' instead.
  warnings.warn(
/Users/hariomnarang/Desktop/personal/roads/mtrain/.venv/lib/python3.12/site-packages/torchvision/models/_utils.py:223: UserWarning: Arguments other than a weight enum or `None` for 'weights' are deprecated since 0.13 and may be removed in the future. The current behavior is equivalent to passing `weights=MobileNet_V3_Small_Weights.IMAGENET1K_V1`. You can also use `weights=MobileNet_V3_Small_Weights.DEFAULT` to get the most up-to-date weights.
  warnings.warn(msg)

  0%|          | 0/336 [00:00<?, ?it/s]
  0%|          | 1/336 [00:00<01:27,  3.82it/s]
  3%|▎         | 9/336 [00:00<00:10, 29.81it/s]
  5%|▍         | 16/336 [00:00<00:07, 42.20it/s]
  7%|▋         | 22/336 [00:00<00:07, 42.34it/s]
  9%|▉         | 30/336 [00:00<00:05, 51.12it/s]
 11%|█▏        | 38/336 [00:00<00:05, 57.85it/s]
 14%|█▎        | 46/336 [00:00<00:04, 62.37it/s]
 16%|█▌        | 53/336 [00:01<00:04, 61.95it/s]
 18%|█▊        | 60/336 [00:01<00:04, 62.23it/s]
 20%|██        | 68/336 [00:01<00:04, 65.42it/s]
 23%|██▎       | 76/336 [00:01<00:03, 67.75it/s]
 25%|██▌       | 84/336 [00:01<00:03, 69.45it/s]
 27%|██▋       | 92/336 [00:01<00:03, 71.31it/s]
 30%|██▉       | 100/336 [00:01<00:03, 72.21it/s]
 32%|███▏      | 108/336 [00:01<00:03, 70.77it/s]
 35%|███▍      | 116/336 [00:01<00:03, 71.60it/s]
 37%|███▋      | 124/336 [00:02<00:02, 72.76it/s]
 39%|███▉      | 132/336 [00:02<00:02, 72.91it/s]
 42%|████▏     | 140/336 [00:02<00:02, 72.46it/s]
 44%|████▍     | 148/336 [00:02<00:02, 73.11it/s]
 46%|████▋     | 156/336 [00:02<00:02, 71.45it/s]
 49%|████▉     | 164/336 [00:02<00:02, 72.07it/s]
 51%|█████     | 172/336 [00:02<00:02, 72.43it/s]
 54%|█████▎    | 180/336 [00:02<00:02, 72.46it/s]
 56%|█████▌    | 188/336 [00:02<00:02, 72.64it/s]
 58%|█████▊    | 196/336 [00:03<00:01, 72.77it/s]
 61%|██████    | 204/336 [00:03<00:01, 73.10it/s]
 63%|██████▎   | 212/336 [00:03<00:01, 73.34it/s]
 65%|██████▌   | 220/336 [00:03<00:01, 73.33it/s]
 68%|██████▊   | 228/336 [00:03<00:01, 73.51it/s]
 70%|███████   | 236/336 [00:03<00:01, 73.75it/s]
 73%|███████▎  | 244/336 [00:03<00:01, 73.77it/s]
 75%|███████▌  | 252/336 [00:03<00:01, 70.82it/s]
 77%|███████▋  | 260/336 [00:03<00:01, 72.17it/s]
 80%|███████▉  | 268/336 [00:04<00:00, 70.31it/s]
 82%|████████▏ | 276/336 [00:04<00:00, 65.53it/s]
 84%|████████▍ | 283/336 [00:04<00:00, 62.86it/s]
 86%|████████▋ | 290/336 [00:04<00:00, 58.60it/s]
 88%|████████▊ | 296/336 [00:04<00:00, 58.91it/s]
 90%|█████████ | 303/336 [00:04<00:00, 59.49it/s]
 92%|█████████▏| 309/336 [00:04<00:00, 50.88it/s]
 94%|█████████▍| 315/336 [00:04<00:00, 52.82it/s]
 96%|█████████▌| 321/336 [00:05<00:00, 54.08it/s]
 98%|█████████▊| 328/336 [00:05<00:00, 55.93it/s]
 99%|█████████▉| 334/336 [00:05<00:00, 53.69it/s]
100%|██████████| 336/336 [00:05<00:00, 63.32it/s]

=== SUCCESS | attempt_time: 0:00:16.625303 ===
