
=== FINE_TUNE_EPOCHS=20-FIT_ONE_CYCLE_EPOCHS=10-MODEL=mobilenet_v3_small-NUM_SAMPLES=5000-FILE_SIZE=30-LOSS=ELSE-retries=0 | attempt 1 | start: 2026-01-25 15:17:07.502937 ===
CACHE: finding existing file count
CACHE: existing count: 3950
TACO Extraction: samples=1050 size=30 out_dir=/Users/hariomnarang/.mtrain_synth_cache/extract_all_taco_63580f06d35c5e29
existing samples: 3950
remaining (will generate): 0
loading annotations into memory...
Done (t=0.02s)
creating index...
index created!
total cycles: 0
copied files: 3950
DDG Dumping: samples=5000 size=30 out_dir=../../datasets/T005-with-taco-and-ddg/FINE_TUNE_EPOCHS=20-FIT_ONE_CYCLE_EPOCHS=10-MODEL=mobilenet_v3_small-NUM_SAMPLES=5000-FILE_SIZE=30-LOSS=ELSE-retries=0/synth/pos
shuffled set size 158
after samples size 158
10% done
20% done
30% done
40% done
50% done
60% done
70% done
80% done
90% done
100% done
