
=== FINE_TUNE_EPOCHS=1-FIT_ONE_CYCLE_EPOCHS=1-MODEL=mobilenet_v3_small-NUM_SAMPLES=100-FILE_SIZE=50-LOSS=ELSE-retries=0 | attempt 1 | start: 2026-01-25 14:37:57.238285 ===
existing samples: 0
remaining (will generate): 100
loading annotations into memory...
Done (t=0.03s)
creating index...
index created!
total cycles: 1
[0, 1.2408337593078613, 0.4361502528190613, '00:01']
[0, 0.823544979095459, 0.4279283583164215, '00:00']
[0, 0.852203905582428, 0.38950487971305847, '00:00']

Generating samples:   0%|          | 0/100 [00:00<?, ?iteration/s]
Generating samples:  20%|██        | 20/100 [00:00<00:00, 131.50iteration/s]
Generating samples:  34%|███▍      | 34/100 [00:00<00:00, 101.10iteration/s]
Generating samples:  52%|█████▏    | 52/100 [00:00<00:00, 87.25iteration/s] 
Generating samples:  64%|██████▍   | 64/100 [00:00<00:00, 86.54iteration/s]
Generating samples:  74%|███████▍  | 74/100 [00:00<00:00, 73.88iteration/s]
Generating samples:  84%|████████▍ | 84/100 [00:00<00:00, 78.64iteration/s]
Generating samples:  96%|█████████▌| 96/100 [00:01<00:00, 74.71iteration/s]
Generating samples: 102iteration [00:01, 83.04iteration/s]                 

  0%|          | 0/100 [00:00<?, ?it/s]
  8%|▊         | 8/100 [00:00<00:01, 76.48it/s]
 20%|██        | 20/100 [00:00<00:00, 94.47it/s]
 30%|███       | 30/100 [00:00<00:00, 82.16it/s]
 39%|███▉      | 39/100 [00:00<00:00, 84.23it/s]
 51%|█████     | 51/100 [00:00<00:00, 94.60it/s]
 61%|██████    | 61/100 [00:00<00:00, 89.16it/s]
 73%|███████▎  | 73/100 [00:00<00:00, 97.67it/s]
 83%|████████▎ | 83/100 [00:00<00:00, 97.41it/s]
 96%|█████████▌| 96/100 [00:00<00:00, 105.98it/s]
100%|██████████| 100/100 [00:01<00:00, 94.66it/s]
/Users/hariomnarang/Desktop/personal/roads/mtrain/.venv/lib/python3.12/site-packages/torchvision/models/_utils.py:208: UserWarning: The parameter 'pretrained' is deprecated since 0.13 and may be removed in the future, please use 'weights' instead.
  warnings.warn(
/Users/hariomnarang/Desktop/personal/roads/mtrain/.venv/lib/python3.12/site-packages/torchvision/models/_utils.py:223: UserWarning: Arguments other than a weight enum or `None` for 'weights' are deprecated since 0.13 and may be removed in the future. The current behavior is equivalent to passing `weights=MobileNet_V3_Small_Weights.IMAGENET1K_V1`. You can also use `weights=MobileNet_V3_Small_Weights.DEFAULT` to get the most up-to-date weights.
  warnings.warn(msg)

  0%|          | 0/336 [00:00<?, ?it/s]
  0%|          | 1/336 [00:00<01:35,  3.51it/s]
  3%|▎         | 9/336 [00:00<00:11, 27.80it/s]
  5%|▌         | 17/336 [00:00<00:07, 42.71it/s]
  7%|▋         | 25/336 [00:00<00:05, 52.26it/s]
 10%|▉         | 32/336 [00:00<00:05, 57.35it/s]
 12%|█▏        | 40/336 [00:00<00:04, 61.75it/s]
 14%|█▍        | 48/336 [00:00<00:04, 65.35it/s]
 16%|█▋        | 55/336 [00:01<00:04, 66.29it/s]
 19%|█▉        | 63/336 [00:01<00:03, 68.39it/s]
 21%|██        | 71/336 [00:01<00:03, 70.21it/s]
 24%|██▎       | 79/336 [00:01<00:03, 70.82it/s]
 26%|██▌       | 87/336 [00:01<00:03, 71.01it/s]
 28%|██▊       | 95/336 [00:01<00:03, 72.04it/s]
 31%|███       | 103/336 [00:01<00:03, 71.41it/s]
 33%|███▎      | 111/336 [00:01<00:03, 66.91it/s]
 35%|███▌      | 118/336 [00:01<00:03, 66.73it/s]
 37%|███▋      | 125/336 [00:02<00:03, 66.59it/s]
 40%|███▉      | 133/336 [00:02<00:02, 68.78it/s]
 42%|████▏     | 141/336 [00:02<00:02, 69.72it/s]
 44%|████▍     | 149/336 [00:02<00:02, 70.67it/s]
 47%|████▋     | 157/336 [00:02<00:02, 71.87it/s]
 49%|████▉     | 165/336 [00:02<00:02, 69.34it/s]
 51%|█████▏    | 173/336 [00:02<00:02, 71.03it/s]
 54%|█████▍    | 181/336 [00:02<00:02, 72.00it/s]
 56%|█████▋    | 189/336 [00:02<00:02, 72.26it/s]
 59%|█████▊    | 197/336 [00:03<00:01, 72.56it/s]
 61%|██████    | 205/336 [00:03<00:01, 73.03it/s]
 63%|██████▎   | 213/336 [00:03<00:01, 73.39it/s]
 66%|██████▌   | 221/336 [00:03<00:01, 73.65it/s]
 68%|██████▊   | 229/336 [00:03<00:01, 73.94it/s]
 71%|███████   | 237/336 [00:03<00:01, 74.21it/s]
 73%|███████▎  | 245/336 [00:03<00:01, 74.50it/s]
 75%|███████▌  | 253/336 [00:03<00:01, 74.52it/s]
 78%|███████▊  | 261/336 [00:03<00:01, 74.62it/s]
 80%|████████  | 269/336 [00:04<00:00, 74.76it/s]
 82%|████████▏ | 277/336 [00:04<00:00, 74.71it/s]
 85%|████████▍ | 285/336 [00:04<00:00, 74.79it/s]
 87%|████████▋ | 293/336 [00:04<00:00, 75.00it/s]
 90%|████████▉ | 301/336 [00:04<00:00, 74.97it/s]
 92%|█████████▏| 309/336 [00:04<00:00, 74.94it/s]
 94%|█████████▍| 317/336 [00:04<00:00, 74.09it/s]
 97%|█████████▋| 325/336 [00:04<00:00, 73.68it/s]
 99%|█████████▉| 333/336 [00:04<00:00, 73.72it/s]
100%|██████████| 336/336 [00:04<00:00, 68.34it/s]

=== SUCCESS | attempt_time: 0:00:16.748669 ===
