
=== FINE_TUNE_EPOCHS=20-FIT_ONE_CYCLE_EPOCHS=10-MODEL=mobilenet_v3_small-NUM_SAMPLES=5000-FILE_SIZE=40-LOSS=ELSE-retries=0 | attempt 1 | start: 2026-01-25 12:56:55.088938 ===
existing samples: 5001
remaining (will generate): 0
loading annotations into memory...
Done (t=0.04s)
creating index...
index created!
total cycles: 0
[0, 0.7590106129646301, 1.1581635475158691, '00:14']
[0, 0.5797639489173889, 0.5471185445785522, '00:10']
[1, 0.538792610168457, 0.47857606410980225, '00:13']
[2, 0.5076213479042053, 0.36352992057800293, '00:14']
[3, 0.5027392506599426, 0.32600080966949463, '00:13']
[4, 0.4826889932155609, 0.3234212398529053, '00:12']
[5, 0.44358986616134644, 0.29133743047714233, '00:13']
[6, 0.40432944893836975, 0.29699763655662537, '00:15']
[7, 0.381523996591568, 0.28048112988471985, '00:13']
[8, 0.37646564841270447, 0.29837748408317566, '00:08']
[9, 0.374117910861969, 0.28362491726875305, '00:08']
[10, 0.35874834656715393, 0.29821279644966125, '00:13']
[11, 0.35467010736465454, 0.2822816073894501, '00:12']
[12, 0.3405718207359314, 0.2780918776988983, '00:08']
[13, 0.333837628364563, 0.2671460807323456, '00:11']
[14, 0.33478841185569763, 0.275418758392334, '00:16']
[15, 0.3349883556365967, 0.27501732110977173, '00:20']
[16, 0.3231929838657379, 0.26732754707336426, '00:15']
[17, 0.3179355263710022, 0.2678869962692261, '00:10']
[18, 0.3262856602668762, 0.27073970437049866, '00:13']
[19, 0.33257216215133667, 0.26919060945510864, '00:14']
[0, 0.3391687870025635, 0.26759958267211914, '00:10']
[1, 0.31971997022628784, 0.2722991704940796, '00:10']
[2, 0.3292035460472107, 0.27089741826057434, '00:11']
[3, 0.31619179248809814, 0.2681131362915039, '00:14']
[4, 0.3221780061721802, 0.26642635464668274, '00:15']
[5, 0.3183635175228119, 0.2658631205558777, '00:15']
[6, 0.32325050234794617, 0.2640288770198822, '00:16']
[7, 0.32198113203048706, 0.26874879002571106, '00:10']
[8, 0.32252267003059387, 0.266020804643631, '00:14']
[9, 0.32489013671875, 0.2673080563545227, '00:13']

Generating samples: 0iteration [00:00, ?iteration/s]
Generating samples: 0iteration [00:00, ?iteration/s]
/Users/hariomnarang/Desktop/personal/roads/mtrain/.venv/lib/python3.12/site-packages/torchvision/models/_utils.py:208: UserWarning: The parameter 'pretrained' is deprecated since 0.13 and may be removed in the future, please use 'weights' instead.
  warnings.warn(
/Users/hariomnarang/Desktop/personal/roads/mtrain/.venv/lib/python3.12/site-packages/torchvision/models/_utils.py:223: UserWarning: Arguments other than a weight enum or `None` for 'weights' are deprecated since 0.13 and may be removed in the future. The current behavior is equivalent to passing `weights=MobileNet_V3_Small_Weights.IMAGENET1K_V1`. You can also use `weights=MobileNet_V3_Small_Weights.DEFAULT` to get the most up-to-date weights.
  warnings.warn(msg)

  0%|          | 0/520 [00:00<?, ?it/s]
  0%|          | 1/520 [00:01<10:36,  1.23s/it]
  1%|          | 6/520 [00:01<01:28,  5.83it/s]
  2%|▏         | 11/520 [00:01<00:44, 11.42it/s]
  3%|▎         | 16/520 [00:01<00:29, 17.30it/s]
  4%|▍         | 21/520 [00:01<00:21, 23.08it/s]
  5%|▌         | 26/520 [00:01<00:17, 28.45it/s]
  6%|▌         | 32/520 [00:01<00:14, 34.05it/s]
  7%|▋         | 38/520 [00:01<00:12, 38.44it/s]
  8%|▊         | 43/520 [00:02<00:11, 40.82it/s]
  9%|▉         | 49/520 [00:02<00:10, 43.87it/s]
 11%|█         | 55/520 [00:02<00:10, 45.57it/s]
 12%|█▏        | 60/520 [00:02<00:09, 46.40it/s]
 12%|█▎        | 65/520 [00:02<00:09, 46.90it/s]
 13%|█▎        | 70/520 [00:02<00:09, 46.77it/s]
 14%|█▍        | 75/520 [00:02<00:09, 47.13it/s]
 15%|█▌        | 80/520 [00:02<00:09, 47.57it/s]
 16%|█▋        | 85/520 [00:02<00:09, 48.06it/s]
 17%|█▋        | 90/520 [00:03<00:08, 48.49it/s]
 18%|█▊        | 96/520 [00:03<00:08, 49.04it/s]
 20%|█▉        | 102/520 [00:03<00:08, 49.56it/s]
 21%|██        | 108/520 [00:03<00:08, 49.67it/s]
 22%|██▏       | 113/520 [00:03<00:08, 49.50it/s]
 23%|██▎       | 118/520 [00:03<00:12, 33.26it/s]
 24%|██▎       | 123/520 [00:03<00:11, 34.87it/s]
 24%|██▍       | 127/520 [00:04<00:11, 33.60it/s]
 25%|██▌       | 132/520 [00:04<00:10, 36.58it/s]
 26%|██▋       | 137/520 [00:04<00:09, 39.22it/s]
 27%|██▋       | 142/520 [00:04<00:09, 41.44it/s]
 28%|██▊       | 147/520 [00:04<00:08, 43.41it/s]
 29%|██▉       | 152/520 [00:04<00:08, 44.82it/s]
 30%|███       | 157/520 [00:04<00:07, 46.07it/s]
 31%|███       | 162/520 [00:04<00:07, 46.81it/s]
 32%|███▏      | 167/520 [00:04<00:07, 47.23it/s]
 33%|███▎      | 172/520 [00:04<00:07, 47.75it/s]
 34%|███▍      | 177/520 [00:05<00:07, 47.62it/s]
 35%|███▌      | 182/520 [00:05<00:07, 47.08it/s]
 36%|███▌      | 187/520 [00:05<00:06, 47.64it/s]
 37%|███▋      | 192/520 [00:05<00:06, 47.92it/s]
 38%|███▊      | 197/520 [00:05<00:06, 47.94it/s]
 39%|███▉      | 202/520 [00:05<00:06, 48.02it/s]
 40%|███▉      | 207/520 [00:05<00:06, 48.36it/s]
 41%|████      | 212/520 [00:05<00:06, 48.47it/s]
 42%|████▏     | 217/520 [00:05<00:06, 48.45it/s]
 43%|████▎     | 222/520 [00:06<00:06, 48.35it/s]
 44%|████▎     | 227/520 [00:06<00:06, 47.71it/s]
 45%|████▍     | 232/520 [00:06<00:05, 48.06it/s]
 46%|████▌     | 237/520 [00:06<00:05, 48.28it/s]
 47%|████▋     | 243/520 [00:06<00:05, 48.86it/s]
 48%|████▊     | 248/520 [00:06<00:05, 48.87it/s]
 49%|████▉     | 254/520 [00:06<00:05, 49.00it/s]
 50%|████▉     | 259/520 [00:06<00:05, 48.92it/s]
 51%|█████     | 264/520 [00:06<00:05, 48.25it/s]
 52%|█████▏    | 269/520 [00:06<00:05, 48.40it/s]
 53%|█████▎    | 274/520 [00:07<00:05, 48.33it/s]
 54%|█████▎    | 279/520 [00:07<00:04, 48.22it/s]
 55%|█████▍    | 284/520 [00:07<00:04, 48.68it/s]
 56%|█████▌    | 289/520 [00:07<00:04, 48.76it/s]
 57%|█████▋    | 294/520 [00:07<00:04, 47.57it/s]
 57%|█████▊    | 299/520 [00:07<00:04, 47.06it/s]
 58%|█████▊    | 304/520 [00:07<00:04, 46.77it/s]
 59%|█████▉    | 309/520 [00:07<00:05, 41.10it/s]
 60%|██████    | 314/520 [00:08<00:04, 42.35it/s]
 61%|██████▏   | 319/520 [00:08<00:04, 44.06it/s]
 62%|██████▏   | 324/520 [00:08<00:04, 44.69it/s]
 63%|██████▎   | 329/520 [00:08<00:04, 45.90it/s]
 64%|██████▍   | 334/520 [00:08<00:04, 46.21it/s]
 65%|██████▌   | 339/520 [00:08<00:03, 46.86it/s]
 66%|██████▌   | 344/520 [00:08<00:03, 47.13it/s]
 67%|██████▋   | 349/520 [00:08<00:03, 47.49it/s]
 68%|██████▊   | 354/520 [00:08<00:03, 48.02it/s]
 69%|██████▉   | 359/520 [00:08<00:03, 48.26it/s]
 70%|███████   | 364/520 [00:09<00:03, 48.30it/s]
 71%|███████   | 369/520 [00:09<00:03, 48.33it/s]
 72%|███████▏  | 374/520 [00:09<00:03, 48.49it/s]
 73%|███████▎  | 379/520 [00:09<00:02, 47.99it/s]
 74%|███████▍  | 384/520 [00:09<00:02, 46.95it/s]
 75%|███████▌  | 390/520 [00:09<00:02, 47.93it/s]
 76%|███████▌  | 395/520 [00:09<00:02, 48.13it/s]
 77%|███████▋  | 400/520 [00:09<00:02, 48.63it/s]
 78%|███████▊  | 405/520 [00:09<00:02, 48.63it/s]
 79%|███████▉  | 410/520 [00:09<00:02, 48.68it/s]
 80%|███████▉  | 415/520 [00:10<00:02, 48.86it/s]
 81%|████████  | 420/520 [00:10<00:02, 48.08it/s]
 82%|████████▏ | 425/520 [00:10<00:01, 48.20it/s]
 83%|████████▎ | 430/520 [00:10<00:01, 48.22it/s]
 84%|████████▎ | 435/520 [00:10<00:01, 48.34it/s]
 85%|████████▍ | 440/520 [00:10<00:01, 47.50it/s]
 86%|████████▌ | 445/520 [00:10<00:01, 46.55it/s]
 87%|████████▋ | 450/520 [00:10<00:01, 46.47it/s]
 88%|████████▊ | 455/520 [00:10<00:01, 45.76it/s]
 88%|████████▊ | 460/520 [00:11<00:01, 43.57it/s]
 89%|████████▉ | 465/520 [00:11<00:01, 44.88it/s]
 90%|█████████ | 470/520 [00:11<00:01, 45.16it/s]
 91%|█████████▏| 475/520 [00:11<00:01, 41.94it/s]
 92%|█████████▏| 480/520 [00:11<00:01, 37.75it/s]
 93%|█████████▎| 484/520 [00:11<00:00, 37.64it/s]
 94%|█████████▍| 489/520 [00:11<00:00, 40.43it/s]
 95%|█████████▌| 494/520 [00:11<00:00, 42.12it/s]
 96%|█████████▌| 499/520 [00:12<00:00, 43.51it/s]
 97%|█████████▋| 505/520 [00:12<00:00, 45.76it/s]
 98%|█████████▊| 510/520 [00:12<00:00, 46.36it/s]
 99%|█████████▉| 516/520 [00:12<00:00, 47.72it/s]
100%|██████████| 520/520 [00:12<00:00, 41.77it/s]

=== SUCCESS | attempt_time: 0:07:11.101548 ===
