
=== FINE_TUNE_EPOCHS=10-FIT_ONE_CYCLE_EPOCHS=10-MODEL=mobilenet_v3_small-NUM_SAMPLES=5000-FILE_SIZE=20-LOSS=ELSE-retries=0 | attempt 1 | start: 2026-01-25 12:20:38.040858 ===
existing samples: 0
remaining (will generate): 5000
loading annotations into memory...
Done (t=0.04s)
creating index...
index created!
total cycles: 2
[0, 0.9757004976272583, 1.3267349004745483, '00:08']
[0, 0.7735304832458496, 0.9626433253288269, '00:06']
[1, 0.738639771938324, 0.740263044834137, '00:05']
[2, 0.6818386912345886, 0.4726545810699463, '00:05']
[3, 0.6198489665985107, 0.4474990963935852, '00:05']
[4, 0.5719417333602905, 0.441179096698761, '00:05']
[5, 0.5422079563140869, 0.4083731472492218, '00:05']
[6, 0.5202516317367554, 0.429517537355423, '00:05']
[7, 0.5153402090072632, 0.4125071167945862, '00:05']
[8, 0.5188777446746826, 0.4202011823654175, '00:05']
[9, 0.5045374035835266, 0.4242681860923767, '00:05']
[0, 0.49109184741973877, 0.4240303933620453, '00:05']
[1, 0.488798052072525, 0.4214005172252655, '00:05']
[2, 0.49759241938591003, 0.4200405180454254, '00:05']
[3, 0.49677667021751404, 0.42385703325271606, '00:05']
[4, 0.5013194680213928, 0.4280126988887787, '00:05']
[5, 0.4944947063922882, 0.4290620684623718, '00:05']
[6, 0.4787156283855438, 0.42362576723098755, '00:05']
[7, 0.48118501901626587, 0.4203340411186218, '00:05']
[8, 0.47574928402900696, 0.4202859103679657, '00:05']
[9, 0.4837965965270996, 0.4183201193809509, '00:05']

Generating samples:   0%|          | 0/5000 [00:00<?, ?iteration/s]
Generating samples:   0%|          | 14/5000 [00:00<01:27, 56.90iteration/s]
Generating samples:   1%|          | 26/5000 [00:00<01:10, 70.73iteration/s]
Generating samples:   1%|          | 36/5000 [00:00<01:30, 55.01iteration/s]
Generating samples:   1%|          | 62/5000 [00:00<01:01, 79.94iteration/s]
Generating samples:   1%|▏         | 72/5000 [00:00<01:04, 76.51iteration/s]
Generating samples:   2%|▏         | 80/5000 [00:01<01:17, 63.69iteration/s]
Generating samples:   2%|▏         | 90/5000 [00:01<01:16, 63.96iteration/s]
Generating samples:   3%|▎         | 128/5000 [00:01<00:54, 89.07iteration/s]
Generating samples:   3%|▎         | 146/5000 [00:01<00:48, 100.20iteration/s]
Generating samples:   3%|▎         | 158/5000 [00:02<00:59, 81.98iteration/s] 
Generating samples:   4%|▍         | 194/5000 [00:02<00:50, 95.93iteration/s]
Generating samples:   4%|▍         | 204/5000 [00:02<00:58, 81.70iteration/s]
Generating samples:   5%|▍         | 226/5000 [00:02<01:03, 75.44iteration/s]
Generating samples:   5%|▍         | 234/5000 [00:03<01:05, 72.33iteration/s]
Generating samples:   5%|▍         | 244/5000 [00:03<01:13, 64.95iteration/s]
Generating samples:   5%|▌         | 252/5000 [00:03<01:22, 57.69iteration/s]
Generating samples:   5%|▌         | 260/5000 [00:03<01:24, 56.32iteration/s]
Generating samples:   5%|▌         | 266/5000 [00:03<01:31, 51.75iteration/s]
Generating samples:   6%|▌         | 282/5000 [00:03<01:08, 69.07iteration/s]
Generating samples:   6%|▌         | 292/5000 [00:04<01:29, 52.48iteration/s]
Generating samples:   6%|▌         | 300/5000 [00:04<01:30, 51.95iteration/s]
Generating samples:   6%|▌         | 306/5000 [00:04<01:38, 47.49iteration/s]
Generating samples:   6%|▋         | 314/5000 [00:04<01:31, 51.07iteration/s]
Generating samples:   6%|▋         | 322/5000 [00:04<01:22, 56.80iteration/s]
Generating samples:   7%|▋         | 330/5000 [00:04<01:34, 49.56iteration/s]
Generating samples:   7%|▋         | 340/5000 [00:05<01:30, 51.75iteration/s]
Generating samples:   7%|▋         | 346/5000 [00:05<01:34, 49.13iteration/s]
Generating samples:   7%|▋         | 358/5000 [00:05<01:23, 55.29iteration/s]
Generating samples:   7%|▋         | 366/5000 [00:05<01:44, 44.17iteration/s]
Generating samples:   7%|▋         | 372/5000 [00:06<02:07, 36.42iteration/s]
Generating samples:   8%|▊         | 378/5000 [00:06<02:00, 38.29iteration/s]
Generating samples:   8%|▊         | 384/5000 [00:06<01:59, 38.48iteration/s]
Generating samples:   8%|▊         | 394/5000 [00:06<01:39, 46.29iteration/s]
Generating samples:   8%|▊         | 410/5000 [00:06<01:11, 63.83iteration/s]
Generating samples:   9%|▉         | 446/5000 [00:06<00:47, 95.37iteration/s]
Generating samples:   9%|▉         | 456/5000 [00:07<00:55, 81.71iteration/s]
Generating samples:   9%|▉         | 464/5000 [00:07<00:57, 78.40iteration/s]
Generating samples:   9%|▉         | 472/5000 [00:07<00:57, 78.36iteration/s]
Generating samples:  10%|▉         | 480/5000 [00:07<01:09, 65.03iteration/s]
Generating samples:  10%|▉         | 488/5000 [00:07<01:21, 55.43iteration/s]
Generating samples:  10%|▉         | 496/5000 [00:07<01:15, 59.32iteration/s]
Generating samples:  10%|█         | 510/5000 [00:07<01:05, 68.99iteration/s]
Generating samples:  10%|█         | 520/5000 [00:08<01:05, 68.64iteration/s]
Generating samples:  11%|█         | 530/5000 [00:08<01:08, 65.54iteration/s]
Generating samples:  11%|█         | 538/5000 [00:08<01:10, 62.87iteration/s]
Generating samples:  11%|█         | 554/5000 [00:08<01:03, 70.33iteration/s]
Generating samples:  12%|█▏        | 576/5000 [00:08<01:05, 68.04iteration/s]
Generating samples:  12%|█▏        | 584/5000 [00:09<01:15, 58.28iteration/s]
Generating samples:  12%|█▏        | 594/5000 [00:09<01:08, 64.42iteration/s]
Generating samples:  12%|█▏        | 604/5000 [00:09<01:18, 56.12iteration/s]
Generating samples:  12%|█▏        | 612/5000 [00:09<01:20, 54.28iteration/s]
Generating samples:  12%|█▏        | 618/5000 [00:09<01:25, 51.18iteration/s]
Generating samples:  13%|█▎        | 628/5000 [00:09<01:11, 60.73iteration/s]
Generating samples:  13%|█▎        | 636/5000 [00:10<01:18, 55.83iteration/s]
Generating samples:  13%|█▎        | 650/5000 [00:10<01:00, 72.39iteration/s]
Generating samples:  13%|█▎        | 666/5000 [00:10<01:03, 67.87iteration/s]
Generating samples:  14%|█▎        | 678/5000 [00:10<01:00, 71.77iteration/s]
Generating samples:  14%|█▍        | 688/5000 [00:10<01:11, 60.12iteration/s]
Generating samples:  14%|█▍        | 698/5000 [00:10<01:08, 62.78iteration/s]
Generating samples:  14%|█▍        | 706/5000 [00:11<01:22, 51.92iteration/s]
Generating samples:  14%|█▍        | 712/5000 [00:11<01:39, 43.26iteration/s]
Generating samples:  14%|█▍        | 718/5000 [00:11<01:38, 43.28iteration/s]
Generating samples:  15%|█▍        | 726/5000 [00:11<01:32, 46.32iteration/s]
Generating samples:  15%|█▍        | 736/5000 [00:11<01:25, 50.06iteration/s]
Generating samples:  15%|█▌        | 750/5000 [00:12<01:11, 59.04iteration/s]
Generating samples:  15%|█▌        | 758/5000 [00:12<01:24, 50.06iteration/s]
Generating samples:  15%|█▌        | 764/5000 [00:12<01:23, 50.70iteration/s]
Generating samples:  15%|█▌        | 770/5000 [00:12<01:36, 43.98iteration/s]
Generating samples:  16%|█▌        | 776/5000 [00:12<01:47, 39.45iteration/s]
Generating samples:  16%|█▌        | 782/5000 [00:12<01:53, 37.16iteration/s]
Generating samples:  16%|█▌        | 786/5000 [00:13<01:59, 35.13iteration/s]
Generating samples:  16%|█▌        | 790/5000 [00:13<02:07, 32.97iteration/s]
Generating samples:  16%|█▌        | 796/5000 [00:13<02:02, 34.30iteration/s]
Generating samples:  16%|█▌        | 808/5000 [00:13<01:33, 45.06iteration/s]
Generating samples:  16%|█▋        | 820/5000 [00:13<01:14, 56.32iteration/s]
Generating samples:  17%|█▋        | 828/5000 [00:13<01:14, 55.92iteration/s]
Generating samples:  17%|█▋        | 834/5000 [00:14<01:24, 49.47iteration/s]
Generating samples:  17%|█▋        | 842/5000 [00:14<01:28, 47.09iteration/s]
Generating samples:  17%|█▋        | 862/5000 [00:14<01:03, 65.10iteration/s]
Generating samples:  17%|█▋        | 870/5000 [00:14<01:10, 58.98iteration/s]
Generating samples:  18%|█▊        | 876/5000 [00:14<01:10, 58.43iteration/s]
Generating samples:  18%|█▊        | 882/5000 [00:14<01:16, 54.00iteration/s]
Generating samples:  18%|█▊        | 890/5000 [00:15<01:17, 53.17iteration/s]
Generating samples:  18%|█▊        | 898/5000 [00:15<01:10, 58.28iteration/s]
Generating samples:  18%|█▊        | 906/5000 [00:15<01:10, 58.25iteration/s]
Generating samples:  18%|█▊        | 912/5000 [00:15<01:26, 47.28iteration/s]
Generating samples:  18%|█▊        | 918/5000 [00:15<01:34, 43.26iteration/s]
Generating samples:  19%|█▊        | 926/5000 [00:15<01:27, 46.36iteration/s]
Generating samples:  19%|█▊        | 936/5000 [00:15<01:18, 51.46iteration/s]
Generating samples:  19%|█▉        | 944/5000 [00:16<01:17, 52.06iteration/s]
Generating samples:  19%|█▉        | 956/5000 [00:16<01:15, 53.27iteration/s]
Generating samples:  19%|█▉        | 962/5000 [00:16<01:24, 47.58iteration/s]
Generating samples:  19%|█▉        | 972/5000 [00:16<01:19, 50.93iteration/s]
Generating samples:  20%|█▉        | 984/5000 [00:16<01:08, 58.23iteration/s]
Generating samples:  20%|█▉        | 990/5000 [00:17<01:23, 47.94iteration/s]
Generating samples:  20%|█▉        | 996/5000 [00:17<01:22, 48.37iteration/s]
Generating samples:  20%|██        | 1004/5000 [00:17<01:17, 51.87iteration/s]
Generating samples:  20%|██        | 1012/5000 [00:17<01:22, 48.45iteration/s]
Generating samples:  20%|██        | 1022/5000 [00:17<01:13, 54.32iteration/s]
Generating samples:  21%|██        | 1040/5000 [00:17<00:52, 76.04iteration/s]
Generating samples:  21%|██        | 1054/5000 [00:18<01:01, 64.62iteration/s]
Generating samples:  21%|██▏       | 1068/5000 [00:18<00:57, 68.13iteration/s]
Generating samples:  22%|██▏       | 1076/5000 [00:18<01:07, 58.55iteration/s]
Generating samples:  22%|██▏       | 1090/5000 [00:18<00:57, 67.85iteration/s]
Generating samples:  22%|██▏       | 1104/5000 [00:18<00:57, 67.69iteration/s]
Generating samples:  22%|██▏       | 1122/5000 [00:18<00:51, 75.66iteration/s]
Generating samples:  23%|██▎       | 1142/5000 [00:19<01:04, 59.83iteration/s]
Generating samples:  23%|██▎       | 1154/5000 [00:19<00:57, 67.33iteration/s]
Generating samples:  23%|██▎       | 1166/5000 [00:19<00:58, 65.54iteration/s]
Generating samples:  23%|██▎       | 1174/5000 [00:19<01:04, 59.47iteration/s]
Generating samples:  24%|██▎       | 1184/5000 [00:20<01:05, 58.48iteration/s]
Generating samples:  24%|██▍       | 1196/5000 [00:20<00:58, 65.37iteration/s]
Generating samples:  25%|██▍       | 1226/5000 [00:20<00:40, 92.72iteration/s]
Generating samples:  25%|██▍       | 1236/5000 [00:20<00:55, 67.70iteration/s]
Generating samples:  25%|██▍       | 1246/5000 [00:20<00:55, 67.80iteration/s]
Generating samples:  25%|██▌       | 1264/5000 [00:21<00:55, 67.48iteration/s]
Generating samples:  26%|██▌       | 1280/5000 [00:21<00:52, 71.39iteration/s]
Generating samples:  26%|██▌       | 1288/5000 [00:21<00:53, 69.22iteration/s]
Generating samples:  26%|██▌       | 1302/5000 [00:21<00:49, 74.95iteration/s]
Generating samples:  26%|██▌       | 1310/5000 [00:21<01:00, 60.76iteration/s]
Generating samples:  26%|██▋       | 1318/5000 [00:22<01:10, 52.05iteration/s]
Generating samples:  27%|██▋       | 1326/5000 [00:22<01:08, 53.35iteration/s]
Generating samples:  27%|██▋       | 1336/5000 [00:22<01:05, 56.22iteration/s]
Generating samples:  27%|██▋       | 1342/5000 [00:22<01:06, 55.34iteration/s]
Generating samples:  27%|██▋       | 1364/5000 [00:22<01:01, 58.93iteration/s]
Generating samples:  27%|██▋       | 1374/5000 [00:22<00:56, 64.03iteration/s]
Generating samples:  28%|██▊       | 1386/5000 [00:23<00:49, 72.61iteration/s]
Generating samples:  28%|██▊       | 1396/5000 [00:23<00:54, 66.70iteration/s]
Generating samples:  28%|██▊       | 1408/5000 [00:23<00:55, 64.29iteration/s]
Generating samples:  28%|██▊       | 1416/5000 [00:23<01:05, 54.88iteration/s]
Generating samples:  28%|██▊       | 1422/5000 [00:23<01:13, 48.71iteration/s]
Generating samples:  29%|██▊       | 1428/5000 [00:23<01:16, 46.59iteration/s]
Generating samples:  29%|██▊       | 1434/5000 [00:24<01:29, 40.01iteration/s]
Generating samples:  29%|██▉       | 1440/5000 [00:24<01:29, 39.96iteration/s]
Generating samples:  29%|██▉       | 1448/5000 [00:24<01:22, 43.07iteration/s]
Generating samples:  29%|██▉       | 1462/5000 [00:24<00:59, 59.44iteration/s]
Generating samples:  31%|███       | 1534/5000 [00:25<00:30, 113.47iteration/s]
Generating samples:  31%|███       | 1552/5000 [00:25<00:34, 99.71iteration/s] 
Generating samples:  31%|███       | 1562/5000 [00:25<00:34, 99.37iteration/s]
Generating samples:  31%|███▏      | 1572/5000 [00:25<00:46, 74.46iteration/s]
Generating samples:  32%|███▏      | 1580/5000 [00:25<00:51, 65.89iteration/s]
Generating samples:  32%|███▏      | 1588/5000 [00:26<00:51, 66.16iteration/s]
Generating samples:  32%|███▏      | 1598/5000 [00:26<00:56, 60.37iteration/s]
Generating samples:  32%|███▏      | 1606/5000 [00:26<00:56, 60.09iteration/s]
Generating samples:  32%|███▏      | 1618/5000 [00:26<00:53, 63.34iteration/s]
Generating samples:  33%|███▎      | 1626/5000 [00:26<00:56, 59.74iteration/s]
Generating samples:  33%|███▎      | 1632/5000 [00:26<01:00, 55.75iteration/s]
Generating samples:  33%|███▎      | 1640/5000 [00:26<00:59, 56.71iteration/s]
Generating samples:  33%|███▎      | 1648/5000 [00:27<00:59, 56.06iteration/s]
Generating samples:  33%|███▎      | 1672/5000 [00:27<00:38, 85.50iteration/s]
Generating samples:  34%|███▍      | 1688/5000 [00:27<00:53, 61.75iteration/s]
Generating samples:  34%|███▍      | 1696/5000 [00:27<00:59, 55.68iteration/s]
Generating samples:  34%|███▍      | 1710/5000 [00:28<00:57, 56.77iteration/s]
Generating samples:  34%|███▍      | 1720/5000 [00:28<00:53, 61.16iteration/s]
Generating samples:  35%|███▍      | 1736/5000 [00:28<00:45, 71.24iteration/s]
Generating samples:  35%|███▍      | 1746/5000 [00:28<00:44, 73.69iteration/s]
Generating samples:  35%|███▌      | 1754/5000 [00:28<00:59, 54.48iteration/s]
Generating samples:  35%|███▌      | 1762/5000 [00:29<01:11, 45.24iteration/s]
Generating samples:  35%|███▌      | 1772/5000 [00:29<01:08, 46.79iteration/s]
Generating samples:  36%|███▌      | 1778/5000 [00:29<01:07, 47.68iteration/s]
Generating samples:  36%|███▌      | 1786/5000 [00:29<01:03, 50.48iteration/s]
Generating samples:  36%|███▌      | 1796/5000 [00:29<00:57, 55.30iteration/s]
Generating samples:  36%|███▌      | 1806/5000 [00:29<00:50, 63.44iteration/s]
Generating samples:  37%|███▋      | 1826/5000 [00:29<00:33, 94.26iteration/s]
Generating samples:  37%|███▋      | 1837/5000 [00:30<00:46, 68.73iteration/s]
Generating samples:  37%|███▋      | 1847/5000 [00:30<00:51, 61.14iteration/s]
Generating samples:  37%|███▋      | 1855/5000 [00:30<00:52, 59.87iteration/s]
Generating samples:  37%|███▋      | 1873/5000 [00:30<00:45, 69.28iteration/s]
Generating samples:  38%|███▊      | 1885/5000 [00:30<00:41, 75.89iteration/s]
Generating samples:  38%|███▊      | 1899/5000 [00:31<00:42, 73.49iteration/s]
Generating samples:  38%|███▊      | 1911/5000 [00:31<00:38, 80.39iteration/s]
Generating samples:  38%|███▊      | 1925/5000 [00:31<00:35, 86.56iteration/s]
Generating samples:  39%|███▊      | 1935/5000 [00:31<00:38, 80.31iteration/s]
Generating samples:  39%|███▉      | 1947/5000 [00:31<00:35, 86.93iteration/s]
Generating samples:  39%|███▉      | 1957/5000 [00:31<00:38, 80.08iteration/s]
Generating samples:  39%|███▉      | 1967/5000 [00:31<00:44, 67.61iteration/s]
Generating samples:  40%|███▉      | 1975/5000 [00:32<00:43, 68.97iteration/s]
Generating samples:  40%|████      | 2001/5000 [00:32<00:29, 101.52iteration/s]
Generating samples:  40%|████      | 2015/5000 [00:32<00:28, 106.54iteration/s]
Generating samples:  41%|████      | 2027/5000 [00:32<00:30, 98.88iteration/s] 
Generating samples:  41%|████      | 2041/5000 [00:32<00:31, 94.12iteration/s]
Generating samples:  41%|████      | 2061/5000 [00:32<00:26, 111.65iteration/s]
Generating samples:  42%|████▏     | 2077/5000 [00:32<00:27, 104.95iteration/s]
Generating samples:  43%|████▎     | 2143/5000 [00:33<00:19, 149.91iteration/s]
Generating samples:  43%|████▎     | 2157/5000 [00:33<00:22, 129.04iteration/s]
Generating samples:  43%|████▎     | 2169/5000 [00:33<00:26, 106.82iteration/s]
Generating samples:  44%|████▎     | 2179/5000 [00:33<00:28, 99.26iteration/s] 
Generating samples:  44%|████▍     | 2191/5000 [00:33<00:31, 90.61iteration/s]
Generating samples:  44%|████▍     | 2203/5000 [00:34<00:30, 90.84iteration/s]
Generating samples:  44%|████▍     | 2215/5000 [00:34<00:31, 89.57iteration/s]
Generating samples:  44%|████▍     | 2225/5000 [00:34<00:37, 73.06iteration/s]
Generating samples:  45%|████▍     | 2237/5000 [00:34<00:37, 74.57iteration/s]
Generating samples:  45%|████▌     | 2251/5000 [00:34<00:32, 84.99iteration/s]
Generating samples:  45%|████▌     | 2265/5000 [00:34<00:28, 95.27iteration/s]
Generating samples:  46%|████▌     | 2279/5000 [00:35<00:35, 75.85iteration/s]
Generating samples:  46%|████▌     | 2293/5000 [00:35<00:34, 77.69iteration/s]
Generating samples:  46%|████▋     | 2313/5000 [00:35<00:27, 98.16iteration/s]
Generating samples:  46%|████▋     | 2325/5000 [00:35<00:28, 95.06iteration/s]
Generating samples:  47%|████▋     | 2337/5000 [00:35<00:29, 89.32iteration/s]
Generating samples:  47%|████▋     | 2351/5000 [00:35<00:26, 100.02iteration/s]
Generating samples:  47%|████▋     | 2365/5000 [00:35<00:30, 86.94iteration/s] 
Generating samples:  48%|████▊     | 2375/5000 [00:36<00:31, 84.04iteration/s]
Generating samples:  48%|████▊     | 2385/5000 [00:36<00:31, 81.95iteration/s]
Generating samples:  48%|████▊     | 2395/5000 [00:36<00:34, 76.47iteration/s]
Generating samples:  48%|████▊     | 2409/5000 [00:36<00:31, 81.62iteration/s]
Generating samples:  48%|████▊     | 2421/5000 [00:36<00:30, 83.20iteration/s]
Generating samples:  49%|████▊     | 2431/5000 [00:36<00:35, 72.90iteration/s]
Generating samples:  49%|████▉     | 2439/5000 [00:36<00:35, 72.28iteration/s]
Generating samples:  49%|████▉     | 2453/5000 [00:37<00:29, 86.03iteration/s]
Generating samples:  49%|████▉     | 2465/5000 [00:37<00:28, 87.65iteration/s]
Generating samples:  50%|████▉     | 2483/5000 [00:37<00:24, 103.78iteration/s]
Generating samples:  50%|████▉     | 2495/5000 [00:37<00:27, 89.53iteration/s] 
Generating samples:  50%|█████     | 2505/5000 [00:37<00:30, 80.64iteration/s]
Generating samples:  50%|█████     | 2515/5000 [00:37<00:31, 78.45iteration/s]
Generating samples:  51%|█████     | 2533/5000 [00:37<00:25, 98.15iteration/s]
Generating samples:  51%|█████     | 2549/5000 [00:38<00:26, 94.27iteration/s]
Generating samples:  51%|█████     | 2559/5000 [00:38<00:26, 92.74iteration/s]
Generating samples:  51%|█████▏    | 2571/5000 [00:38<00:24, 98.50iteration/s]
Generating samples:  52%|█████▏    | 2583/5000 [00:38<00:24, 97.76iteration/s]
Generating samples:  54%|█████▍    | 2701/5000 [00:38<00:11, 198.08iteration/s]
Generating samples:  54%|█████▍    | 2721/5000 [00:39<00:12, 176.38iteration/s]
Generating samples:  55%|█████▍    | 2739/5000 [00:39<00:16, 137.63iteration/s]
Generating samples:  55%|█████▌    | 2763/5000 [00:39<00:14, 151.31iteration/s]
Generating samples:  56%|█████▌    | 2778/5000 [00:39<00:20, 110.38iteration/s]
Generating samples:  56%|█████▌    | 2806/5000 [00:39<00:16, 129.21iteration/s]
Generating samples:  56%|█████▋    | 2824/5000 [00:40<00:17, 126.10iteration/s]
Generating samples:  57%|█████▋    | 2840/5000 [00:40<00:18, 117.24iteration/s]
Generating samples:  57%|█████▋    | 2858/5000 [00:40<00:19, 112.10iteration/s]
Generating samples:  58%|█████▊    | 2876/5000 [00:40<00:20, 105.46iteration/s]
Generating samples:  58%|█████▊    | 2888/5000 [00:40<00:22, 94.30iteration/s] 
Generating samples:  58%|█████▊    | 2898/5000 [00:40<00:24, 86.25iteration/s]
Generating samples:  58%|█████▊    | 2920/5000 [00:41<00:19, 106.86iteration/s]
Generating samples:  59%|█████▊    | 2932/5000 [00:41<00:21, 95.49iteration/s] 
Generating samples:  59%|█████▉    | 2942/5000 [00:41<00:22, 89.77iteration/s]
Generating samples:  59%|█████▉    | 2958/5000 [00:41<00:21, 93.05iteration/s]
Generating samples:  59%|█████▉    | 2972/5000 [00:41<00:20, 97.77iteration/s]
Generating samples:  60%|█████▉    | 2982/5000 [00:41<00:23, 84.12iteration/s]
Generating samples:  60%|█████▉    | 2994/5000 [00:41<00:22, 87.51iteration/s]
Generating samples:  60%|██████    | 3012/5000 [00:42<00:20, 96.01iteration/s]
Generating samples:  61%|██████    | 3026/5000 [00:42<00:19, 101.64iteration/s]
Generating samples:  61%|██████    | 3038/5000 [00:42<00:20, 93.85iteration/s] 
Generating samples:  61%|██████    | 3048/5000 [00:42<00:22, 86.31iteration/s]
Generating samples:  61%|██████▏   | 3066/5000 [00:42<00:20, 92.12iteration/s]
Generating samples:  62%|██████▏   | 3078/5000 [00:42<00:21, 91.45iteration/s]
Generating samples:  62%|██████▏   | 3094/5000 [00:42<00:18, 101.90iteration/s]
Generating samples:  62%|██████▏   | 3108/5000 [00:43<00:19, 99.31iteration/s] 
Generating samples:  63%|██████▎   | 3130/5000 [00:43<00:18, 102.79iteration/s]
Generating samples:  63%|██████▎   | 3144/5000 [00:43<00:17, 104.97iteration/s]
Generating samples:  64%|██████▎   | 3178/5000 [00:43<00:15, 118.57iteration/s]
Generating samples:  64%|██████▍   | 3192/5000 [00:43<00:15, 113.63iteration/s]
Generating samples:  64%|██████▍   | 3206/5000 [00:44<00:17, 101.10iteration/s]
Generating samples:  65%|██████▍   | 3244/5000 [00:44<00:13, 132.02iteration/s]
Generating samples:  65%|██████▌   | 3264/5000 [00:44<00:12, 141.72iteration/s]
Generating samples:  66%|██████▌   | 3310/5000 [00:44<00:10, 155.12iteration/s]
Generating samples:  67%|██████▋   | 3342/5000 [00:44<00:12, 130.62iteration/s]
Generating samples:  67%|██████▋   | 3356/5000 [00:45<00:13, 119.37iteration/s]
Generating samples:  67%|██████▋   | 3372/5000 [00:45<00:15, 105.73iteration/s]
Generating samples:  68%|██████▊   | 3398/5000 [00:45<00:14, 109.97iteration/s]
Generating samples:  68%|██████▊   | 3410/5000 [00:45<00:17, 90.60iteration/s] 
Generating samples:  68%|██████▊   | 3420/5000 [00:45<00:18, 85.40iteration/s]
Generating samples:  69%|██████▊   | 3430/5000 [00:46<00:18, 82.68iteration/s]
Generating samples:  69%|██████▉   | 3442/5000 [00:46<00:18, 84.90iteration/s]
Generating samples:  69%|██████▉   | 3452/5000 [00:46<00:18, 84.05iteration/s]
Generating samples:  69%|██████▉   | 3462/5000 [00:46<00:18, 82.16iteration/s]
Generating samples:  69%|██████▉   | 3474/5000 [00:46<00:17, 88.73iteration/s]
Generating samples:  70%|██████▉   | 3484/5000 [00:46<00:21, 69.93iteration/s]
Generating samples:  70%|██████▉   | 3492/5000 [00:46<00:22, 66.00iteration/s]
Generating samples:  70%|███████   | 3500/5000 [00:47<00:23, 63.21iteration/s]
Generating samples:  70%|███████   | 3510/5000 [00:47<00:21, 70.37iteration/s]
Generating samples:  71%|███████   | 3530/5000 [00:47<00:15, 95.16iteration/s]
Generating samples:  71%|███████   | 3562/5000 [00:47<00:10, 142.14iteration/s]
Generating samples:  72%|███████▏  | 3580/5000 [00:47<00:11, 126.36iteration/s]
Generating samples:  72%|███████▏  | 3594/5000 [00:47<00:11, 122.51iteration/s]
Generating samples:  72%|███████▏  | 3612/5000 [00:47<00:13, 105.84iteration/s]
Generating samples:  73%|███████▎  | 3628/5000 [00:48<00:12, 109.87iteration/s]
Generating samples:  73%|███████▎  | 3646/5000 [00:48<00:12, 110.55iteration/s]
Generating samples:  73%|███████▎  | 3658/5000 [00:48<00:12, 106.97iteration/s]
Generating samples:  73%|███████▎  | 3672/5000 [00:48<00:11, 112.85iteration/s]
Generating samples:  74%|███████▍  | 3692/5000 [00:48<00:11, 112.92iteration/s]
Generating samples:  74%|███████▍  | 3710/5000 [00:48<00:12, 103.33iteration/s]
Generating samples:  74%|███████▍  | 3724/5000 [00:49<00:13, 94.75iteration/s] 
Generating samples:  75%|███████▍  | 3734/5000 [00:49<00:13, 90.94iteration/s]
Generating samples:  75%|███████▍  | 3748/5000 [00:49<00:12, 96.90iteration/s]
Generating samples:  75%|███████▌  | 3766/5000 [00:49<00:11, 107.98iteration/s]
Generating samples:  76%|███████▌  | 3782/5000 [00:49<00:11, 106.38iteration/s]
Generating samples:  76%|███████▌  | 3794/5000 [00:49<00:11, 108.63iteration/s]
Generating samples:  76%|███████▌  | 3810/5000 [00:49<00:11, 99.94iteration/s] 
Generating samples:  76%|███████▋  | 3822/5000 [00:50<00:13, 85.09iteration/s]
Generating samples:  77%|███████▋  | 3834/5000 [00:50<00:15, 74.99iteration/s]
Generating samples:  77%|███████▋  | 3844/5000 [00:50<00:15, 75.47iteration/s]
Generating samples:  77%|███████▋  | 3856/5000 [00:50<00:14, 80.50iteration/s]
Generating samples:  77%|███████▋  | 3870/5000 [00:50<00:12, 88.16iteration/s]
Generating samples:  78%|███████▊  | 3880/5000 [00:50<00:13, 85.35iteration/s]
Generating samples:  78%|███████▊  | 3890/5000 [00:50<00:15, 73.61iteration/s]
Generating samples:  78%|███████▊  | 3898/5000 [00:51<00:16, 65.75iteration/s]
Generating samples:  78%|███████▊  | 3906/5000 [00:51<00:18, 59.41iteration/s]
Generating samples:  78%|███████▊  | 3918/5000 [00:51<00:17, 63.16iteration/s]
Generating samples:  79%|███████▊  | 3936/5000 [00:51<00:13, 81.17iteration/s]
Generating samples:  79%|███████▉  | 3946/5000 [00:51<00:13, 80.25iteration/s]
Generating samples:  79%|███████▉  | 3958/5000 [00:51<00:13, 74.47iteration/s]
Generating samples:  80%|███████▉  | 3978/5000 [00:52<00:10, 96.86iteration/s]
Generating samples:  80%|███████▉  | 3990/5000 [00:52<00:11, 91.42iteration/s]
Generating samples:  80%|████████  | 4000/5000 [00:52<00:12, 79.86iteration/s]
Generating samples:  80%|████████  | 4014/5000 [00:52<00:11, 89.19iteration/s]
Generating samples:  80%|████████  | 4024/5000 [00:52<00:11, 88.13iteration/s]
Generating samples:  81%|████████  | 4034/5000 [00:52<00:12, 77.19iteration/s]
Generating samples:  81%|████████  | 4044/5000 [00:52<00:12, 74.76iteration/s]
Generating samples:  81%|████████  | 4056/5000 [00:53<00:11, 83.44iteration/s]
Generating samples:  81%|████████▏ | 4072/5000 [00:53<00:10, 84.38iteration/s]
Generating samples:  82%|████████▏ | 4082/5000 [00:53<00:11, 81.58iteration/s]
Generating samples:  82%|████████▏ | 4092/5000 [00:53<00:10, 83.23iteration/s]
Generating samples:  82%|████████▏ | 4104/5000 [00:53<00:10, 84.07iteration/s]
Generating samples:  82%|████████▏ | 4114/5000 [00:53<00:11, 78.38iteration/s]
Generating samples:  82%|████████▏ | 4124/5000 [00:53<00:11, 79.11iteration/s]
Generating samples:  83%|████████▎ | 4138/5000 [00:54<00:09, 89.13iteration/s]
Generating samples:  83%|████████▎ | 4158/5000 [00:54<00:07, 115.51iteration/s]
Generating samples:  83%|████████▎ | 4172/5000 [00:54<00:08, 97.21iteration/s] 
Generating samples:  84%|████████▍ | 4190/5000 [00:54<00:07, 111.24iteration/s]
Generating samples:  84%|████████▍ | 4206/5000 [00:54<00:06, 114.27iteration/s]
Generating samples:  84%|████████▍ | 4220/5000 [00:54<00:07, 107.67iteration/s]
Generating samples:  85%|████████▍ | 4238/5000 [00:54<00:06, 117.51iteration/s]
Generating samples:  85%|████████▌ | 4258/5000 [00:55<00:07, 96.79iteration/s] 
Generating samples:  85%|████████▌ | 4272/5000 [00:55<00:07, 101.41iteration/s]
Generating samples:  86%|████████▌ | 4284/5000 [00:55<00:06, 103.15iteration/s]
Generating samples:  86%|████████▌ | 4300/5000 [00:55<00:07, 99.40iteration/s] 
Generating samples:  87%|████████▋ | 4342/5000 [00:55<00:05, 130.75iteration/s]
Generating samples:  87%|████████▋ | 4362/5000 [00:56<00:06, 103.99iteration/s]
Generating samples:  88%|████████▊ | 4380/5000 [00:56<00:05, 104.39iteration/s]
Generating samples:  88%|████████▊ | 4396/5000 [00:56<00:05, 110.33iteration/s]
Generating samples:  88%|████████▊ | 4412/5000 [00:56<00:05, 110.55iteration/s]
Generating samples:  88%|████████▊ | 4424/5000 [00:56<00:05, 105.34iteration/s]
Generating samples:  89%|████████▉ | 4440/5000 [00:56<00:06, 87.99iteration/s] 
Generating samples:  89%|████████▉ | 4452/5000 [00:57<00:06, 88.84iteration/s]
Generating samples:  89%|████████▉ | 4462/5000 [00:57<00:06, 81.02iteration/s]
Generating samples:  90%|████████▉ | 4490/5000 [00:57<00:04, 107.80iteration/s]
Generating samples:  90%|█████████ | 4506/5000 [00:57<00:04, 117.31iteration/s]
Generating samples:  90%|█████████ | 4524/5000 [00:57<00:04, 106.86iteration/s]
Generating samples:  91%|█████████ | 4536/5000 [00:57<00:05, 89.21iteration/s] 
Generating samples:  91%|█████████ | 4546/5000 [00:57<00:05, 82.77iteration/s]
Generating samples:  91%|█████████ | 4556/5000 [00:58<00:06, 73.37iteration/s]
Generating samples:  92%|█████████▏| 4578/5000 [00:58<00:04, 90.90iteration/s]
Generating samples:  93%|█████████▎| 4650/5000 [00:58<00:02, 161.51iteration/s]
Generating samples:  93%|█████████▎| 4668/5000 [00:58<00:02, 145.21iteration/s]
Generating samples:  94%|█████████▎| 4682/5000 [00:58<00:02, 142.69iteration/s]
Generating samples:  94%|█████████▍| 4696/5000 [00:59<00:02, 112.42iteration/s]
Generating samples:  94%|█████████▍| 4708/5000 [00:59<00:02, 102.71iteration/s]
Generating samples:  94%|█████████▍| 4722/5000 [00:59<00:02, 104.53iteration/s]
Generating samples:  95%|█████████▍| 4734/5000 [00:59<00:02, 105.96iteration/s]
Generating samples:  95%|█████████▍| 4748/5000 [00:59<00:02, 96.67iteration/s] 
Generating samples:  95%|█████████▌| 4762/5000 [00:59<00:02, 100.86iteration/s]
Generating samples:  96%|█████████▌| 4788/5000 [00:59<00:01, 128.51iteration/s]
Generating samples:  96%|█████████▌| 4804/5000 [01:00<00:01, 101.36iteration/s]
Generating samples:  96%|█████████▋| 4818/5000 [01:00<00:02, 86.57iteration/s] 
Generating samples:  97%|█████████▋| 4836/5000 [01:00<00:01, 93.64iteration/s]
Generating samples:  97%|█████████▋| 4852/5000 [01:00<00:01, 104.65iteration/s]
Generating samples:  97%|█████████▋| 4864/5000 [01:00<00:01, 105.70iteration/s]
Generating samples:  98%|█████████▊| 4878/5000 [01:01<00:01, 87.57iteration/s] 
Generating samples:  98%|█████████▊| 4888/5000 [01:01<00:01, 85.61iteration/s]
Generating samples:  98%|█████████▊| 4900/5000 [01:01<00:01, 88.76iteration/s]
Generating samples:  98%|█████████▊| 4912/5000 [01:01<00:01, 86.41iteration/s]
Generating samples:  99%|█████████▉| 4942/5000 [01:01<00:00, 118.77iteration/s]
Generating samples:  99%|█████████▉| 4955/5000 [01:01<00:00, 86.91iteration/s] 
Generating samples:  99%|█████████▉| 4965/5000 [01:02<00:00, 78.86iteration/s]
Generating samples: 100%|█████████▉| 4975/5000 [01:02<00:00, 74.56iteration/s]
Generating samples: 100%|█████████▉| 4989/5000 [01:02<00:00, 83.49iteration/s]
Generating samples: 5001iteration [01:02, 85.99iteration/s]                   
Generating samples: 5001iteration [01:02, 80.06iteration/s]
/Users/hariomnarang/Desktop/personal/roads/mtrain/.venv/lib/python3.12/site-packages/torchvision/models/_utils.py:208: UserWarning: The parameter 'pretrained' is deprecated since 0.13 and may be removed in the future, please use 'weights' instead.
  warnings.warn(
/Users/hariomnarang/Desktop/personal/roads/mtrain/.venv/lib/python3.12/site-packages/torchvision/models/_utils.py:223: UserWarning: Arguments other than a weight enum or `None` for 'weights' are deprecated since 0.13 and may be removed in the future. The current behavior is equivalent to passing `weights=MobileNet_V3_Small_Weights.IMAGENET1K_V1`. You can also use `weights=MobileNet_V3_Small_Weights.DEFAULT` to get the most up-to-date weights.
  warnings.warn(msg)

  0%|          | 0/2028 [00:00<?, ?it/s]
  0%|          | 1/2028 [00:00<21:47,  1.55it/s]
  0%|          | 8/2028 [00:00<02:24, 13.96it/s]
  1%|          | 16/2028 [00:00<01:14, 26.86it/s]
  1%|          | 24/2028 [00:00<00:53, 37.71it/s]
  2%|▏         | 31/2028 [00:01<00:44, 45.29it/s]
  2%|▏         | 38/2028 [00:01<00:39, 50.86it/s]
  2%|▏         | 46/2028 [00:01<00:35, 56.63it/s]
  3%|▎         | 54/2028 [00:01<00:32, 61.18it/s]
  3%|▎         | 62/2028 [00:01<00:30, 63.83it/s]
  3%|▎         | 70/2028 [00:01<00:29, 66.38it/s]
  4%|▍         | 78/2028 [00:01<00:28, 67.90it/s]
  4%|▍         | 86/2028 [00:01<00:28, 69.27it/s]
  5%|▍         | 94/2028 [00:01<00:27, 70.10it/s]
  5%|▌         | 102/2028 [00:02<00:27, 70.69it/s]
  5%|▌         | 110/2028 [00:02<00:26, 71.94it/s]
  6%|▌         | 118/2028 [00:02<00:26, 72.40it/s]
  6%|▌         | 126/2028 [00:02<00:25, 73.20it/s]
  7%|▋         | 134/2028 [00:02<00:25, 73.15it/s]
  7%|▋         | 142/2028 [00:02<00:25, 72.89it/s]
  7%|▋         | 150/2028 [00:02<00:25, 72.27it/s]
  8%|▊         | 158/2028 [00:02<00:26, 71.81it/s]
  8%|▊         | 166/2028 [00:02<00:25, 71.68it/s]
  9%|▊         | 174/2028 [00:03<00:25, 71.85it/s]
  9%|▉         | 182/2028 [00:03<00:25, 71.82it/s]
  9%|▉         | 190/2028 [00:03<00:25, 72.23it/s]
 10%|▉         | 198/2028 [00:03<00:25, 72.55it/s]
 10%|█         | 206/2028 [00:03<00:25, 72.71it/s]
 11%|█         | 214/2028 [00:03<00:24, 73.14it/s]
 11%|█         | 222/2028 [00:03<00:24, 73.05it/s]
 11%|█▏        | 230/2028 [00:03<00:24, 73.04it/s]
 12%|█▏        | 238/2028 [00:03<00:24, 72.80it/s]
 12%|█▏        | 246/2028 [00:04<00:24, 72.61it/s]
 13%|█▎        | 254/2028 [00:04<00:24, 72.62it/s]
 13%|█▎        | 262/2028 [00:04<00:24, 72.60it/s]
 13%|█▎        | 270/2028 [00:04<00:24, 73.17it/s]
 14%|█▎        | 278/2028 [00:04<00:23, 73.21it/s]
 14%|█▍        | 286/2028 [00:04<00:23, 73.85it/s]
 14%|█▍        | 294/2028 [00:04<00:23, 73.84it/s]
 15%|█▍        | 302/2028 [00:04<00:23, 73.59it/s]
 15%|█▌        | 310/2028 [00:04<00:23, 73.65it/s]
 16%|█▌        | 318/2028 [00:05<00:23, 73.24it/s]
 16%|█▌        | 326/2028 [00:05<00:23, 73.06it/s]
 16%|█▋        | 334/2028 [00:05<00:22, 73.92it/s]
 17%|█▋        | 342/2028 [00:05<00:22, 73.75it/s]
 17%|█▋        | 350/2028 [00:05<00:22, 73.52it/s]
 18%|█▊        | 358/2028 [00:05<00:22, 73.59it/s]
 18%|█▊        | 366/2028 [00:05<00:22, 73.77it/s]
 18%|█▊        | 374/2028 [00:05<00:22, 73.64it/s]
 19%|█▉        | 382/2028 [00:05<00:22, 73.28it/s]
 19%|█▉        | 390/2028 [00:06<00:22, 73.06it/s]
 20%|█▉        | 398/2028 [00:06<00:22, 72.70it/s]
 20%|██        | 406/2028 [00:06<00:22, 71.73it/s]
 20%|██        | 414/2028 [00:06<00:22, 72.30it/s]
 21%|██        | 422/2028 [00:06<00:22, 72.28it/s]
 21%|██        | 430/2028 [00:06<00:22, 72.58it/s]
 22%|██▏       | 438/2028 [00:06<00:21, 72.52it/s]
 22%|██▏       | 446/2028 [00:06<00:21, 72.78it/s]
 22%|██▏       | 454/2028 [00:06<00:21, 73.10it/s]
 23%|██▎       | 462/2028 [00:06<00:21, 73.22it/s]
 23%|██▎       | 470/2028 [00:07<00:21, 72.87it/s]
 24%|██▎       | 478/2028 [00:07<00:21, 72.78it/s]
 24%|██▍       | 486/2028 [00:07<00:21, 72.66it/s]
 24%|██▍       | 494/2028 [00:07<00:21, 72.73it/s]
 25%|██▍       | 502/2028 [00:07<00:20, 73.36it/s]
 25%|██▌       | 510/2028 [00:07<00:20, 73.88it/s]
 26%|██▌       | 518/2028 [00:07<00:20, 73.38it/s]
 26%|██▌       | 526/2028 [00:07<00:20, 72.99it/s]
 26%|██▋       | 534/2028 [00:07<00:20, 72.47it/s]
 27%|██▋       | 542/2028 [00:08<00:20, 72.54it/s]
 27%|██▋       | 550/2028 [00:08<00:20, 72.48it/s]
 28%|██▊       | 558/2028 [00:08<00:20, 72.81it/s]
 28%|██▊       | 566/2028 [00:08<00:20, 72.74it/s]
 28%|██▊       | 574/2028 [00:08<00:20, 72.60it/s]
 29%|██▊       | 582/2028 [00:08<00:19, 72.95it/s]
 29%|██▉       | 590/2028 [00:08<00:20, 71.04it/s]
 29%|██▉       | 598/2028 [00:08<00:20, 71.03it/s]
 30%|██▉       | 606/2028 [00:08<00:19, 72.38it/s]
 30%|███       | 614/2028 [00:09<00:19, 72.99it/s]
 31%|███       | 622/2028 [00:09<00:19, 73.30it/s]
 31%|███       | 630/2028 [00:09<00:19, 73.45it/s]
 31%|███▏      | 638/2028 [00:09<00:19, 72.58it/s]
 32%|███▏      | 646/2028 [00:09<00:19, 71.29it/s]
 32%|███▏      | 654/2028 [00:09<00:19, 71.71it/s]
 33%|███▎      | 662/2028 [00:09<00:18, 72.68it/s]
 33%|███▎      | 670/2028 [00:09<00:18, 71.71it/s]
 33%|███▎      | 678/2028 [00:09<00:19, 70.51it/s]
 34%|███▍      | 686/2028 [00:10<00:19, 69.18it/s]
 34%|███▍      | 694/2028 [00:10<00:19, 69.81it/s]
 35%|███▍      | 702/2028 [00:10<00:18, 70.30it/s]
 35%|███▌      | 710/2028 [00:10<00:18, 70.24it/s]
 35%|███▌      | 718/2028 [00:10<00:18, 70.44it/s]
 36%|███▌      | 726/2028 [00:10<00:18, 70.21it/s]
 36%|███▌      | 734/2028 [00:10<00:18, 71.25it/s]
 37%|███▋      | 742/2028 [00:10<00:17, 71.77it/s]
 37%|███▋      | 750/2028 [00:11<00:17, 71.96it/s]
 37%|███▋      | 758/2028 [00:11<00:17, 72.74it/s]
 38%|███▊      | 766/2028 [00:11<00:17, 73.10it/s]
 38%|███▊      | 774/2028 [00:11<00:17, 73.52it/s]
 39%|███▊      | 782/2028 [00:11<00:16, 73.52it/s]
 39%|███▉      | 790/2028 [00:11<00:16, 73.21it/s]
 39%|███▉      | 798/2028 [00:11<00:16, 73.59it/s]
 40%|███▉      | 806/2028 [00:11<00:16, 73.84it/s]
 40%|████      | 814/2028 [00:11<00:16, 73.26it/s]
 41%|████      | 822/2028 [00:11<00:16, 72.73it/s]
 41%|████      | 830/2028 [00:12<00:16, 72.79it/s]
 41%|████▏     | 838/2028 [00:12<00:16, 72.64it/s]
 42%|████▏     | 846/2028 [00:12<00:16, 72.85it/s]
 42%|████▏     | 854/2028 [00:12<00:16, 72.63it/s]
 43%|████▎     | 862/2028 [00:12<00:16, 72.61it/s]
 43%|████▎     | 870/2028 [00:12<00:16, 72.17it/s]
 43%|████▎     | 878/2028 [00:12<00:15, 72.29it/s]
 44%|████▎     | 886/2028 [00:12<00:15, 72.57it/s]
 44%|████▍     | 894/2028 [00:12<00:15, 72.90it/s]
 44%|████▍     | 902/2028 [00:13<00:15, 72.43it/s]
 45%|████▍     | 910/2028 [00:13<00:15, 72.29it/s]
 45%|████▌     | 918/2028 [00:13<00:15, 72.63it/s]
 46%|████▌     | 926/2028 [00:13<00:15, 72.65it/s]
 46%|████▌     | 934/2028 [00:13<00:14, 72.96it/s]
 46%|████▋     | 942/2028 [00:13<00:14, 73.22it/s]
 47%|████▋     | 950/2028 [00:13<00:14, 73.13it/s]
 47%|████▋     | 958/2028 [00:13<00:14, 72.83it/s]
 48%|████▊     | 966/2028 [00:13<00:14, 72.72it/s]
 48%|████▊     | 974/2028 [00:14<00:14, 72.67it/s]
 48%|████▊     | 982/2028 [00:14<00:14, 72.61it/s]
 49%|████▉     | 990/2028 [00:14<00:14, 72.95it/s]
 49%|████▉     | 998/2028 [00:14<00:14, 73.18it/s]
 50%|████▉     | 1006/2028 [00:14<00:13, 73.50it/s]
 50%|█████     | 1014/2028 [00:14<00:13, 73.33it/s]
 50%|█████     | 1022/2028 [00:14<00:13, 73.21it/s]
 51%|█████     | 1030/2028 [00:14<00:13, 72.19it/s]
 51%|█████     | 1038/2028 [00:14<00:13, 72.37it/s]
 52%|█████▏    | 1046/2028 [00:15<00:13, 72.89it/s]
 52%|█████▏    | 1054/2028 [00:15<00:13, 73.07it/s]
 52%|█████▏    | 1062/2028 [00:15<00:13, 73.47it/s]
 53%|█████▎    | 1070/2028 [00:15<00:13, 73.41it/s]
 53%|█████▎    | 1078/2028 [00:15<00:12, 73.55it/s]
 54%|█████▎    | 1086/2028 [00:15<00:12, 74.21it/s]
 54%|█████▍    | 1094/2028 [00:15<00:12, 74.59it/s]
 54%|█████▍    | 1102/2028 [00:15<00:12, 74.48it/s]
 55%|█████▍    | 1110/2028 [00:15<00:12, 74.17it/s]
 55%|█████▌    | 1118/2028 [00:16<00:12, 74.43it/s]
 56%|█████▌    | 1126/2028 [00:16<00:12, 74.21it/s]
 56%|█████▌    | 1134/2028 [00:16<00:12, 73.54it/s]
 56%|█████▋    | 1142/2028 [00:16<00:12, 73.73it/s]
 57%|█████▋    | 1150/2028 [00:16<00:11, 74.04it/s]
 57%|█████▋    | 1158/2028 [00:16<00:11, 73.83it/s]
 57%|█████▋    | 1166/2028 [00:16<00:11, 73.37it/s]
 58%|█████▊    | 1174/2028 [00:16<00:11, 73.37it/s]
 58%|█████▊    | 1182/2028 [00:16<00:11, 74.09it/s]
 59%|█████▊    | 1190/2028 [00:17<00:11, 73.49it/s]
 59%|█████▉    | 1198/2028 [00:17<00:11, 74.50it/s]
 59%|█████▉    | 1206/2028 [00:17<00:10, 75.43it/s]
 60%|█████▉    | 1214/2028 [00:17<00:10, 75.91it/s]
 60%|██████    | 1222/2028 [00:17<00:10, 75.22it/s]
 61%|██████    | 1230/2028 [00:17<00:10, 74.73it/s]
 61%|██████    | 1238/2028 [00:17<00:10, 74.31it/s]
 61%|██████▏   | 1246/2028 [00:17<00:10, 73.77it/s]
 62%|██████▏   | 1254/2028 [00:17<00:10, 73.57it/s]
 62%|██████▏   | 1262/2028 [00:17<00:10, 73.48it/s]
 63%|██████▎   | 1270/2028 [00:18<00:10, 73.94it/s]
 63%|██████▎   | 1278/2028 [00:18<00:10, 73.93it/s]
 63%|██████▎   | 1286/2028 [00:18<00:10, 73.51it/s]
 64%|██████▍   | 1294/2028 [00:18<00:10, 73.39it/s]
 64%|██████▍   | 1302/2028 [00:18<00:09, 73.29it/s]
 65%|██████▍   | 1310/2028 [00:18<00:09, 73.78it/s]
 65%|██████▍   | 1318/2028 [00:18<00:09, 74.13it/s]
 65%|██████▌   | 1326/2028 [00:18<00:09, 74.24it/s]
 66%|██████▌   | 1334/2028 [00:18<00:09, 73.62it/s]
 66%|██████▌   | 1342/2028 [00:19<00:09, 73.14it/s]
 67%|██████▋   | 1350/2028 [00:19<00:09, 72.85it/s]
 67%|██████▋   | 1358/2028 [00:19<00:09, 72.74it/s]
 67%|██████▋   | 1366/2028 [00:19<00:09, 72.84it/s]
 68%|██████▊   | 1374/2028 [00:19<00:09, 72.67it/s]
 68%|██████▊   | 1382/2028 [00:19<00:08, 73.41it/s]
 69%|██████▊   | 1390/2028 [00:19<00:08, 74.45it/s]
 69%|██████▉   | 1398/2028 [00:19<00:08, 75.28it/s]
 69%|██████▉   | 1406/2028 [00:19<00:08, 74.95it/s]
 70%|██████▉   | 1414/2028 [00:20<00:08, 72.27it/s]
 70%|███████   | 1422/2028 [00:20<00:08, 72.27it/s]
 71%|███████   | 1430/2028 [00:20<00:08, 72.03it/s]
 71%|███████   | 1438/2028 [00:20<00:08, 71.14it/s]
 71%|███████▏  | 1446/2028 [00:20<00:08, 71.67it/s]
 72%|███████▏  | 1454/2028 [00:20<00:07, 71.91it/s]
 72%|███████▏  | 1462/2028 [00:20<00:07, 72.27it/s]
 72%|███████▏  | 1470/2028 [00:20<00:07, 73.13it/s]
 73%|███████▎  | 1478/2028 [00:20<00:07, 74.12it/s]
 73%|███████▎  | 1486/2028 [00:21<00:07, 74.52it/s]
 74%|███████▎  | 1494/2028 [00:21<00:07, 74.42it/s]
 74%|███████▍  | 1502/2028 [00:21<00:07, 74.06it/s]
 74%|███████▍  | 1510/2028 [00:21<00:07, 73.95it/s]
 75%|███████▍  | 1518/2028 [00:21<00:06, 73.91it/s]
 75%|███████▌  | 1526/2028 [00:21<00:06, 73.74it/s]
 76%|███████▌  | 1534/2028 [00:21<00:06, 73.97it/s]
 76%|███████▌  | 1542/2028 [00:21<00:06, 73.48it/s]
 76%|███████▋  | 1550/2028 [00:21<00:06, 73.45it/s]
 77%|███████▋  | 1558/2028 [00:22<00:06, 73.46it/s]
 77%|███████▋  | 1566/2028 [00:22<00:06, 73.57it/s]
 78%|███████▊  | 1574/2028 [00:22<00:06, 73.39it/s]
 78%|███████▊  | 1582/2028 [00:22<00:06, 74.08it/s]
 78%|███████▊  | 1590/2028 [00:22<00:05, 74.81it/s]
 79%|███████▉  | 1598/2028 [00:22<00:05, 74.79it/s]
 79%|███████▉  | 1606/2028 [00:22<00:05, 74.27it/s]
 80%|███████▉  | 1614/2028 [00:22<00:05, 74.08it/s]
 80%|███████▉  | 1622/2028 [00:22<00:05, 73.90it/s]
 80%|████████  | 1630/2028 [00:22<00:05, 73.48it/s]
 81%|████████  | 1638/2028 [00:23<00:05, 72.38it/s]
 81%|████████  | 1646/2028 [00:23<00:05, 72.47it/s]
 82%|████████▏ | 1654/2028 [00:23<00:05, 73.58it/s]
 82%|████████▏ | 1662/2028 [00:23<00:04, 73.89it/s]
 82%|████████▏ | 1670/2028 [00:23<00:04, 73.74it/s]
 83%|████████▎ | 1678/2028 [00:23<00:04, 74.08it/s]
 83%|████████▎ | 1686/2028 [00:23<00:04, 73.88it/s]
 84%|████████▎ | 1694/2028 [00:23<00:04, 73.55it/s]
 84%|████████▍ | 1702/2028 [00:23<00:04, 73.42it/s]
 84%|████████▍ | 1710/2028 [00:24<00:04, 73.54it/s]
 85%|████████▍ | 1718/2028 [00:24<00:04, 73.28it/s]
 85%|████████▌ | 1726/2028 [00:24<00:04, 73.49it/s]
 86%|████████▌ | 1734/2028 [00:24<00:03, 73.79it/s]
 86%|████████▌ | 1742/2028 [00:24<00:03, 73.63it/s]
 86%|████████▋ | 1750/2028 [00:24<00:03, 73.51it/s]
 87%|████████▋ | 1758/2028 [00:24<00:03, 73.52it/s]
 87%|████████▋ | 1766/2028 [00:24<00:03, 73.32it/s]
 87%|████████▋ | 1774/2028 [00:24<00:03, 73.37it/s]
 88%|████████▊ | 1782/2028 [00:25<00:03, 72.79it/s]
 88%|████████▊ | 1790/2028 [00:25<00:03, 72.42it/s]
 89%|████████▊ | 1798/2028 [00:25<00:03, 72.44it/s]
 89%|████████▉ | 1806/2028 [00:25<00:03, 72.74it/s]
 89%|████████▉ | 1814/2028 [00:25<00:02, 72.62it/s]
 90%|████████▉ | 1822/2028 [00:25<00:02, 72.76it/s]
 90%|█████████ | 1830/2028 [00:25<00:02, 72.85it/s]
 91%|█████████ | 1838/2028 [00:25<00:02, 72.89it/s]
 91%|█████████ | 1846/2028 [00:25<00:02, 73.72it/s]
 91%|█████████▏| 1854/2028 [00:26<00:02, 73.33it/s]
 92%|█████████▏| 1862/2028 [00:26<00:02, 72.92it/s]
 92%|█████████▏| 1870/2028 [00:26<00:02, 72.74it/s]
 93%|█████████▎| 1878/2028 [00:26<00:02, 73.67it/s]
 93%|█████████▎| 1886/2028 [00:26<00:01, 74.28it/s]
 93%|█████████▎| 1894/2028 [00:26<00:01, 74.18it/s]
 94%|█████████▍| 1902/2028 [00:26<00:01, 73.95it/s]
 94%|█████████▍| 1910/2028 [00:26<00:01, 73.64it/s]
 95%|█████████▍| 1918/2028 [00:26<00:01, 73.52it/s]
 95%|█████████▍| 1926/2028 [00:27<00:01, 73.45it/s]
 95%|█████████▌| 1934/2028 [00:27<00:01, 73.23it/s]
 96%|█████████▌| 1942/2028 [00:27<00:01, 73.14it/s]
 96%|█████████▌| 1950/2028 [00:27<00:01, 73.23it/s]
 97%|█████████▋| 1958/2028 [00:27<00:00, 73.46it/s]
 97%|█████████▋| 1966/2028 [00:27<00:00, 73.42it/s]
 97%|█████████▋| 1974/2028 [00:27<00:00, 73.36it/s]
 98%|█████████▊| 1982/2028 [00:27<00:00, 73.35it/s]
 98%|█████████▊| 1990/2028 [00:27<00:00, 73.51it/s]
 99%|█████████▊| 1998/2028 [00:27<00:00, 73.59it/s]
 99%|█████████▉| 2006/2028 [00:28<00:00, 73.48it/s]
 99%|█████████▉| 2014/2028 [00:28<00:00, 73.54it/s]
100%|█████████▉| 2022/2028 [00:28<00:00, 73.39it/s]
100%|██████████| 2028/2028 [00:28<00:00, 71.40it/s]

=== SUCCESS | attempt_time: 0:03:38.883150 ===
