
=== FINE_TUNE_EPOCHS=20-FIT_ONE_CYCLE_EPOCHS=10-MODEL=mobilenet_v3_small-NUM_SAMPLES=5000-FILE_SIZE=30-LOSS=ELSE-retries=0 | attempt 1 | start: 2026-01-25 12:45:38.277745 ===
existing samples: 5001
remaining (will generate): 0
loading annotations into memory...
Done (t=0.04s)
creating index...
index created!
total cycles: 0
[0, 0.9999222159385681, 1.2308436632156372, '00:15']
[0, 0.7575408816337585, 0.7810361385345459, '00:12']
[1, 0.690656304359436, 0.6035266518592834, '00:08']
[2, 0.6635568141937256, 0.5433366298675537, '00:08']
[3, 0.6486518979072571, 0.45478352904319763, '00:09']
[4, 0.6138542890548706, 0.4269934594631195, '00:10']
[5, 0.576951801776886, 0.4109513759613037, '00:09']
[6, 0.544967532157898, 0.4060627222061157, '00:08']
[7, 0.5245610475540161, 0.4200552999973297, '00:08']
[8, 0.5102540850639343, 0.42225438356399536, '00:09']
[9, 0.5017067790031433, 0.42410463094711304, '00:08']
[10, 0.48807671666145325, 0.40446150302886963, '00:08']
[11, 0.48864057660102844, 0.41433683037757874, '00:09']
[12, 0.47988012433052063, 0.41871169209480286, '00:08']
[13, 0.4783519208431244, 0.41440698504447937, '00:08']
[14, 0.4662967026233673, 0.4137393534183502, '00:08']
[15, 0.46144694089889526, 0.40771886706352234, '00:08']
[16, 0.46931737661361694, 0.41138166189193726, '00:08']
[17, 0.459654301404953, 0.4068896472454071, '00:08']
[18, 0.46865084767341614, 0.40889227390289307, '00:08']
[19, 0.46180200576782227, 0.4042637050151825, '00:08']
[0, 0.4644627273082733, 0.40513738989830017, '00:08']
[1, 0.46988606452941895, 0.4068317711353302, '00:08']
[2, 0.4525197446346283, 0.4010620415210724, '00:08']
[3, 0.4503909945487976, 0.3999696373939514, '00:11']
[4, 0.4619326889514923, 0.3970192074775696, '00:09']
[5, 0.44768455624580383, 0.39756205677986145, '00:08']
[6, 0.452067494392395, 0.398701548576355, '00:09']
[7, 0.4386477768421173, 0.3939095139503479, '00:09']
[8, 0.44075828790664673, 0.39342427253723145, '00:10']
[9, 0.44247183203697205, 0.39918750524520874, '00:14']

Generating samples: 0iteration [00:00, ?iteration/s]
Generating samples: 0iteration [00:00, ?iteration/s]
/Users/hariomnarang/Desktop/personal/roads/mtrain/.venv/lib/python3.12/site-packages/torchvision/models/_utils.py:208: UserWarning: The parameter 'pretrained' is deprecated since 0.13 and may be removed in the future, please use 'weights' instead.
  warnings.warn(
/Users/hariomnarang/Desktop/personal/roads/mtrain/.venv/lib/python3.12/site-packages/torchvision/models/_utils.py:223: UserWarning: Arguments other than a weight enum or `None` for 'weights' are deprecated since 0.13 and may be removed in the future. The current behavior is equivalent to passing `weights=MobileNet_V3_Small_Weights.IMAGENET1K_V1`. You can also use `weights=MobileNet_V3_Small_Weights.DEFAULT` to get the most up-to-date weights.
  warnings.warn(msg)

  0%|          | 0/910 [00:00<?, ?it/s]
  0%|          | 1/910 [00:01<17:17,  1.14s/it]
  1%|          | 5/910 [00:01<02:54,  5.18it/s]
  1%|          | 10/910 [00:01<01:21, 11.08it/s]
  2%|▏         | 15/910 [00:01<00:52, 17.10it/s]
  2%|▏         | 20/910 [00:01<00:38, 22.89it/s]
  3%|▎         | 25/910 [00:01<00:32, 26.99it/s]
  3%|▎         | 30/910 [00:01<00:27, 31.44it/s]
  4%|▍         | 35/910 [00:01<00:27, 31.77it/s]
  4%|▍         | 40/910 [00:02<00:24, 34.84it/s]
  5%|▍         | 45/910 [00:02<00:23, 36.75it/s]
  5%|▌         | 50/910 [00:02<00:23, 37.15it/s]
  6%|▌         | 55/910 [00:02<00:22, 37.93it/s]
  7%|▋         | 60/910 [00:02<00:21, 39.04it/s]
  7%|▋         | 65/910 [00:02<00:20, 41.51it/s]
  8%|▊         | 70/910 [00:02<00:19, 42.58it/s]
  8%|▊         | 75/910 [00:02<00:19, 43.12it/s]
  9%|▉         | 80/910 [00:03<00:19, 43.60it/s]
  9%|▉         | 85/910 [00:03<00:18, 43.84it/s]
 10%|▉         | 90/910 [00:03<00:18, 44.78it/s]
 10%|█         | 95/910 [00:03<00:18, 44.93it/s]
 11%|█         | 100/910 [00:03<00:17, 45.14it/s]
 12%|█▏        | 105/910 [00:03<00:18, 42.64it/s]
 12%|█▏        | 110/910 [00:03<00:18, 43.96it/s]
 13%|█▎        | 115/910 [00:03<00:17, 45.21it/s]
 13%|█▎        | 120/910 [00:03<00:17, 44.78it/s]
 14%|█▎        | 125/910 [00:04<00:17, 44.77it/s]
 14%|█▍        | 130/910 [00:04<00:18, 42.80it/s]
 15%|█▍        | 135/910 [00:04<00:19, 40.28it/s]
 15%|█▌        | 140/910 [00:04<00:20, 36.76it/s]
 16%|█▌        | 144/910 [00:04<00:22, 33.59it/s]
 16%|█▋        | 148/910 [00:04<00:22, 33.71it/s]
 17%|█▋        | 152/910 [00:04<00:25, 30.22it/s]
 17%|█▋        | 156/910 [00:05<00:26, 28.79it/s]
 17%|█▋        | 159/910 [00:05<00:25, 28.89it/s]
 18%|█▊        | 163/910 [00:05<00:24, 30.09it/s]
 18%|█▊        | 167/910 [00:05<00:23, 32.09it/s]
 19%|█▉        | 171/910 [00:05<00:22, 32.96it/s]
 19%|█▉        | 175/910 [00:05<00:21, 33.89it/s]
 20%|█▉        | 179/910 [00:05<00:22, 32.65it/s]
 20%|██        | 183/910 [00:05<00:24, 30.14it/s]
 21%|██        | 187/910 [00:06<00:25, 28.10it/s]
 21%|██        | 190/910 [00:06<00:26, 26.87it/s]
 21%|██        | 193/910 [00:06<00:28, 25.02it/s]
 22%|██▏       | 196/910 [00:06<00:28, 25.34it/s]
 22%|██▏       | 199/910 [00:06<00:27, 25.95it/s]
 22%|██▏       | 202/910 [00:06<00:28, 25.03it/s]
 23%|██▎       | 205/910 [00:06<00:28, 24.62it/s]
 23%|██▎       | 208/910 [00:06<00:30, 23.03it/s]
 23%|██▎       | 211/910 [00:07<00:31, 22.52it/s]
 24%|██▎       | 214/910 [00:07<00:32, 21.26it/s]
 24%|██▍       | 217/910 [00:07<00:32, 21.39it/s]
 24%|██▍       | 221/910 [00:07<00:29, 23.72it/s]
 25%|██▍       | 224/910 [00:07<00:28, 24.02it/s]
 25%|██▍       | 227/910 [00:07<00:30, 22.21it/s]
 25%|██▌       | 230/910 [00:07<00:30, 22.50it/s]
 26%|██▌       | 233/910 [00:08<00:29, 23.15it/s]
 26%|██▌       | 236/910 [00:08<00:27, 24.33it/s]
 26%|██▋       | 239/910 [00:08<00:26, 25.77it/s]
 27%|██▋       | 243/910 [00:08<00:24, 27.10it/s]
 27%|██▋       | 247/910 [00:08<00:23, 28.71it/s]
 28%|██▊       | 251/910 [00:08<00:21, 30.37it/s]
 28%|██▊       | 255/910 [00:08<00:20, 31.78it/s]
 28%|██▊       | 259/910 [00:08<00:22, 28.93it/s]
 29%|██▉       | 262/910 [00:09<00:22, 29.01it/s]
 29%|██▉       | 266/910 [00:09<00:21, 30.65it/s]
 30%|██▉       | 271/910 [00:09<00:18, 33.80it/s]
 30%|███       | 276/910 [00:09<00:17, 35.35it/s]
 31%|███       | 281/910 [00:09<00:16, 37.44it/s]
 31%|███▏      | 286/910 [00:09<00:15, 39.33it/s]
 32%|███▏      | 291/910 [00:09<00:15, 39.81it/s]
 32%|███▏      | 295/910 [00:09<00:15, 38.86it/s]
 33%|███▎      | 299/910 [00:09<00:17, 35.53it/s]
 33%|███▎      | 303/910 [00:10<00:18, 32.76it/s]
 34%|███▎      | 307/910 [00:10<00:18, 33.39it/s]
 34%|███▍      | 311/910 [00:10<00:17, 34.97it/s]
 35%|███▍      | 316/910 [00:10<00:16, 36.78it/s]
 35%|███▌      | 321/910 [00:10<00:15, 38.83it/s]
 36%|███▌      | 326/910 [00:10<00:14, 40.71it/s]
 36%|███▋      | 331/910 [00:10<00:14, 40.57it/s]
 37%|███▋      | 336/910 [00:10<00:13, 42.17it/s]
 37%|███▋      | 341/910 [00:11<00:13, 43.56it/s]
 38%|███▊      | 346/910 [00:11<00:12, 45.09it/s]
 39%|███▊      | 351/910 [00:11<00:12, 45.82it/s]
 39%|███▉      | 356/910 [00:11<00:11, 46.68it/s]
 40%|███▉      | 361/910 [00:11<00:11, 47.34it/s]
 40%|████      | 366/910 [00:11<00:11, 47.73it/s]
 41%|████      | 371/910 [00:11<00:11, 47.17it/s]
 41%|████▏     | 376/910 [00:11<00:11, 47.42it/s]
 42%|████▏     | 382/910 [00:11<00:10, 48.62it/s]
 43%|████▎     | 388/910 [00:11<00:10, 49.57it/s]
 43%|████▎     | 393/910 [00:12<00:10, 49.43it/s]
 44%|████▎     | 398/910 [00:12<00:10, 48.97it/s]
 44%|████▍     | 403/910 [00:12<00:10, 49.02it/s]
 45%|████▍     | 408/910 [00:12<00:10, 49.24it/s]
 45%|████▌     | 414/910 [00:12<00:09, 49.94it/s]
 46%|████▌     | 420/910 [00:12<00:09, 50.04it/s]
 47%|████▋     | 425/910 [00:12<00:09, 49.92it/s]
 47%|████▋     | 430/910 [00:12<00:09, 48.99it/s]
 48%|████▊     | 435/910 [00:12<00:09, 48.53it/s]
 48%|████▊     | 440/910 [00:13<00:09, 47.53it/s]
 49%|████▉     | 445/910 [00:13<00:09, 47.34it/s]
 49%|████▉     | 450/910 [00:13<00:09, 47.97it/s]
 50%|█████     | 455/910 [00:13<00:09, 48.08it/s]
 51%|█████     | 460/910 [00:13<00:09, 46.86it/s]
 51%|█████     | 465/910 [00:13<00:09, 46.07it/s]
 52%|█████▏    | 470/910 [00:13<00:09, 46.26it/s]
 52%|█████▏    | 475/910 [00:13<00:09, 45.96it/s]
 53%|█████▎    | 480/910 [00:13<00:09, 45.90it/s]
 53%|█████▎    | 485/910 [00:14<00:09, 45.78it/s]
 54%|█████▍    | 490/910 [00:14<00:09, 43.65it/s]
 54%|█████▍    | 495/910 [00:14<00:09, 44.85it/s]
 55%|█████▍    | 500/910 [00:14<00:09, 45.28it/s]
 55%|█████▌    | 505/910 [00:14<00:08, 45.76it/s]
 56%|█████▌    | 510/910 [00:14<00:08, 46.19it/s]
 57%|█████▋    | 515/910 [00:14<00:08, 46.80it/s]
 57%|█████▋    | 520/910 [00:14<00:08, 47.23it/s]
 58%|█████▊    | 525/910 [00:14<00:08, 47.75it/s]
 58%|█████▊    | 530/910 [00:14<00:07, 48.29it/s]
 59%|█████▉    | 535/910 [00:15<00:09, 41.04it/s]
 59%|█████▉    | 540/910 [00:15<00:08, 41.77it/s]
 60%|█████▉    | 545/910 [00:15<00:08, 43.33it/s]
 60%|██████    | 550/910 [00:15<00:08, 44.95it/s]
 61%|██████    | 555/910 [00:15<00:07, 45.96it/s]
 62%|██████▏   | 560/910 [00:15<00:07, 46.40it/s]
 62%|██████▏   | 565/910 [00:15<00:07, 47.15it/s]
 63%|██████▎   | 571/910 [00:15<00:07, 48.38it/s]
 63%|██████▎   | 576/910 [00:16<00:07, 47.46it/s]
 64%|██████▍   | 581/910 [00:16<00:07, 46.82it/s]
 64%|██████▍   | 586/910 [00:16<00:06, 46.45it/s]
 65%|██████▍   | 591/910 [00:16<00:06, 46.35it/s]
 65%|██████▌   | 596/910 [00:16<00:06, 45.16it/s]
 66%|██████▌   | 601/910 [00:16<00:06, 45.91it/s]
 67%|██████▋   | 606/910 [00:16<00:06, 44.78it/s]
 67%|██████▋   | 611/910 [00:16<00:06, 45.37it/s]
 68%|██████▊   | 616/910 [00:16<00:06, 45.75it/s]
 68%|██████▊   | 621/910 [00:17<00:06, 45.57it/s]
 69%|██████▉   | 626/910 [00:17<00:06, 45.84it/s]
 69%|██████▉   | 631/910 [00:17<00:06, 43.06it/s]
 70%|██████▉   | 636/910 [00:17<00:07, 36.94it/s]
 70%|███████   | 641/910 [00:17<00:06, 39.82it/s]
 71%|███████   | 646/910 [00:17<00:06, 38.35it/s]
 72%|███████▏  | 651/910 [00:17<00:06, 40.56it/s]
 72%|███████▏  | 656/910 [00:17<00:05, 42.46it/s]
 73%|███████▎  | 661/910 [00:17<00:05, 44.11it/s]
 73%|███████▎  | 666/910 [00:18<00:05, 43.01it/s]
 74%|███████▎  | 671/910 [00:18<00:05, 43.65it/s]
 74%|███████▍  | 676/910 [00:18<00:05, 44.60it/s]
 75%|███████▍  | 681/910 [00:18<00:05, 44.87it/s]
 75%|███████▌  | 686/910 [00:18<00:04, 45.43it/s]
 76%|███████▌  | 691/910 [00:18<00:05, 43.02it/s]
 76%|███████▋  | 696/910 [00:18<00:05, 41.59it/s]
 77%|███████▋  | 701/910 [00:18<00:05, 41.49it/s]
 78%|███████▊  | 706/910 [00:19<00:05, 40.20it/s]
 78%|███████▊  | 711/910 [00:19<00:05, 37.32it/s]
 79%|███████▊  | 715/910 [00:19<00:05, 35.54it/s]
 79%|███████▉  | 719/910 [00:19<00:05, 36.02it/s]
 79%|███████▉  | 723/910 [00:19<00:05, 35.79it/s]
 80%|████████  | 728/910 [00:19<00:04, 37.39it/s]
 81%|████████  | 733/910 [00:19<00:04, 40.31it/s]
 81%|████████  | 738/910 [00:19<00:04, 42.44it/s]
 82%|████████▏ | 743/910 [00:20<00:03, 43.64it/s]
 82%|████████▏ | 748/910 [00:20<00:03, 44.09it/s]
 83%|████████▎ | 753/910 [00:20<00:03, 44.31it/s]
 83%|████████▎ | 758/910 [00:20<00:03, 44.76it/s]
 84%|████████▍ | 763/910 [00:20<00:03, 45.55it/s]
 84%|████████▍ | 768/910 [00:20<00:03, 46.07it/s]
 85%|████████▍ | 773/910 [00:20<00:02, 46.30it/s]
 85%|████████▌ | 778/910 [00:20<00:02, 46.19it/s]
 86%|████████▌ | 783/910 [00:20<00:02, 46.21it/s]
 87%|████████▋ | 788/910 [00:20<00:02, 46.47it/s]
 87%|████████▋ | 793/910 [00:21<00:02, 46.67it/s]
 88%|████████▊ | 798/910 [00:21<00:02, 45.16it/s]
 88%|████████▊ | 803/910 [00:21<00:02, 44.34it/s]
 89%|████████▉ | 808/910 [00:21<00:02, 45.37it/s]
 89%|████████▉ | 813/910 [00:21<00:02, 46.22it/s]
 90%|████████▉ | 818/910 [00:21<00:01, 47.12it/s]
 90%|█████████ | 823/910 [00:21<00:01, 47.01it/s]
 91%|█████████ | 828/910 [00:21<00:01, 46.66it/s]
 92%|█████████▏| 833/910 [00:21<00:01, 46.80it/s]
 92%|█████████▏| 838/910 [00:22<00:01, 46.12it/s]
 93%|█████████▎| 843/910 [00:22<00:01, 45.90it/s]
 93%|█████████▎| 848/910 [00:22<00:01, 46.08it/s]
 94%|█████████▎| 853/910 [00:22<00:01, 46.59it/s]
 94%|█████████▍| 858/910 [00:22<00:01, 45.93it/s]
 95%|█████████▍| 863/910 [00:22<00:01, 45.99it/s]
 95%|█████████▌| 868/910 [00:22<00:00, 45.94it/s]
 96%|█████████▌| 873/910 [00:22<00:00, 45.37it/s]
 96%|█████████▋| 878/910 [00:22<00:00, 45.45it/s]
 97%|█████████▋| 883/910 [00:23<00:00, 45.96it/s]
 98%|█████████▊| 888/910 [00:23<00:00, 46.66it/s]
 98%|█████████▊| 893/910 [00:23<00:00, 47.56it/s]
 99%|█████████▊| 898/910 [00:23<00:00, 47.46it/s]
 99%|█████████▉| 903/910 [00:23<00:00, 46.47it/s]
100%|█████████▉| 908/910 [00:23<00:00, 45.64it/s]
100%|██████████| 910/910 [00:23<00:00, 38.51it/s]

=== SUCCESS | attempt_time: 0:05:31.612779 ===
