
=== FINE_TUNE_EPOCHS=10-FIT_ONE_CYCLE_EPOCHS=10-MODEL=mobilenet_v3_small-NUM_SAMPLES=5000-FILE_SIZE=35-LOSS=ELSE-retries=0 | attempt 1 | start: 2026-01-26 13:26:36.686894 ===
CACHE: finding existing file count
CACHE: existing count: 5018
samples already exist in cache, will copy to /Users/hariomnarang/.mtrain_synth_cache/extract_all_taco_ca57f852052e6772 -> ../../datasets/T007-morph-before-resize/FINE_TUNE_EPOCHS=10-FIT_ONE_CYCLE_EPOCHS=10-MODEL=mobilenet_v3_small-NUM_SAMPLES=5000-FILE_SIZE=35-LOSS=ELSE-retries=0/synth
copied files: 5000
DDG Dumping: samples=5000 size=35 out_dir=../../datasets/T007-morph-before-resize/FINE_TUNE_EPOCHS=10-FIT_ONE_CYCLE_EPOCHS=10-MODEL=mobilenet_v3_small-NUM_SAMPLES=5000-FILE_SIZE=35-LOSS=ELSE-retries=0/synth/pos
shuffled set size 158
after samples size 158
10% done
20% done
30% done
40% done
50% done
60% done
70% done
80% done
90% done
100% done
[0, 0.8028113842010498, 0.8188847303390503, '00:10']
[0, 0.6412208676338196, 0.5218724608421326, '00:09']
[1, 0.6008461117744446, 0.4674127399921417, '00:08']
[2, 0.5340927243232727, 0.3943001329898834, '00:08']
[3, 0.48969507217407227, 0.3552302122116089, '00:08']
[4, 0.45666998624801636, 0.35991233587265015, '00:08']
[5, 0.4308985471725464, 0.3385360836982727, '00:08']
[6, 0.4193674921989441, 0.334992915391922, '00:08']
[7, 0.396493136882782, 0.3268645703792572, '00:08']
[8, 0.3959157168865204, 0.3315486013889313, '00:08']
[9, 0.3926779329776764, 0.3302856981754303, '00:10']
[0, 0.4023602604866028, 0.33056560158729553, '00:09']
[1, 0.3958047926425934, 0.33241692185401917, '00:09']
[2, 0.3876819312572479, 0.33258455991744995, '00:09']
[3, 0.3787723481655121, 0.32958748936653137, '00:08']
[4, 0.38432449102401733, 0.3333045244216919, '00:08']
[5, 0.3887771666049957, 0.3341985046863556, '00:08']
[6, 0.3737976551055908, 0.3292558193206787, '00:08']
[7, 0.3763273060321808, 0.3297313451766968, '00:08']
[8, 0.37627509236335754, 0.329256534576416, '00:10']
[9, 0.3779117166996002, 0.3289835751056671, '00:08']
/Users/hariomnarang/Desktop/personal/roads/mtrain/.venv/lib/python3.12/site-packages/torchvision/models/_utils.py:208: UserWarning: The parameter 'pretrained' is deprecated since 0.13 and may be removed in the future, please use 'weights' instead.
  warnings.warn(
/Users/hariomnarang/Desktop/personal/roads/mtrain/.venv/lib/python3.12/site-packages/torchvision/models/_utils.py:223: UserWarning: Arguments other than a weight enum or `None` for 'weights' are deprecated since 0.13 and may be removed in the future. The current behavior is equivalent to passing `weights=MobileNet_V3_Small_Weights.IMAGENET1K_V1`. You can also use `weights=MobileNet_V3_Small_Weights.DEFAULT` to get the most up-to-date weights.
  warnings.warn(msg)

  0%|          | 0/660 [00:00<?, ?it/s]
  0%|          | 1/660 [00:00<07:02,  1.56it/s]
  1%|          | 5/660 [00:00<01:17,  8.42it/s]
  1%|▏         | 9/660 [00:00<00:43, 14.81it/s]
  2%|▏         | 13/660 [00:00<00:31, 20.40it/s]
  3%|▎         | 17/660 [00:01<00:25, 24.87it/s]
  3%|▎         | 21/660 [00:01<00:23, 26.88it/s]
  4%|▍         | 25/660 [00:01<00:23, 26.58it/s]
  4%|▍         | 29/660 [00:01<00:23, 27.12it/s]
  5%|▌         | 33/660 [00:01<00:22, 28.21it/s]
  6%|▌         | 37/660 [00:01<00:21, 29.25it/s]
  6%|▌         | 41/660 [00:01<00:20, 30.45it/s]
  7%|▋         | 45/660 [00:01<00:19, 31.42it/s]
  7%|▋         | 49/660 [00:02<00:20, 30.24it/s]
  8%|▊         | 53/660 [00:02<00:19, 30.57it/s]
  9%|▊         | 57/660 [00:02<00:19, 31.35it/s]
  9%|▉         | 61/660 [00:02<00:19, 31.09it/s]
 10%|▉         | 65/660 [00:02<00:18, 32.59it/s]
 10%|█         | 69/660 [00:02<00:17, 34.26it/s]
 11%|█         | 74/660 [00:02<00:16, 36.33it/s]
 12%|█▏        | 78/660 [00:02<00:16, 35.97it/s]
 13%|█▎        | 83/660 [00:03<00:15, 37.58it/s]
 13%|█▎        | 88/660 [00:03<00:14, 39.42it/s]
 14%|█▍        | 93/660 [00:03<00:13, 40.85it/s]
 15%|█▍        | 98/660 [00:03<00:13, 41.59it/s]
 16%|█▌        | 103/660 [00:03<00:13, 41.15it/s]
 16%|█▋        | 108/660 [00:03<00:15, 34.84it/s]
 17%|█▋        | 112/660 [00:03<00:19, 28.78it/s]
 18%|█▊        | 116/660 [00:04<00:18, 28.87it/s]
 18%|█▊        | 120/660 [00:04<00:18, 29.94it/s]
 19%|█▉        | 124/660 [00:04<00:16, 31.64it/s]
 19%|█▉        | 128/660 [00:04<00:15, 33.26it/s]
 20%|██        | 133/660 [00:04<00:14, 37.49it/s]
 21%|██        | 139/660 [00:04<00:12, 41.34it/s]
 22%|██▏       | 144/660 [00:04<00:11, 43.64it/s]
 23%|██▎       | 149/660 [00:04<00:11, 45.39it/s]
 23%|██▎       | 154/660 [00:04<00:10, 46.31it/s]
 24%|██▍       | 159/660 [00:05<00:10, 47.20it/s]
 25%|██▍       | 164/660 [00:05<00:10, 47.68it/s]
 26%|██▌       | 169/660 [00:05<00:10, 47.96it/s]
 26%|██▋       | 174/660 [00:05<00:10, 48.21it/s]
 27%|██▋       | 179/660 [00:05<00:09, 48.26it/s]
 28%|██▊       | 184/660 [00:05<00:09, 48.33it/s]
 29%|██▊       | 189/660 [00:05<00:09, 48.62it/s]
 29%|██▉       | 194/660 [00:05<00:09, 48.92it/s]
 30%|███       | 200/660 [00:05<00:09, 49.27it/s]
 31%|███       | 206/660 [00:05<00:09, 49.62it/s]
 32%|███▏      | 211/660 [00:06<00:09, 48.80it/s]
 33%|███▎      | 217/660 [00:06<00:08, 49.23it/s]
 34%|███▍      | 223/660 [00:06<00:08, 49.37it/s]
 35%|███▍      | 228/660 [00:06<00:08, 49.52it/s]
 35%|███▌      | 233/660 [00:06<00:08, 49.55it/s]
 36%|███▌      | 238/660 [00:06<00:08, 49.67it/s]
 37%|███▋      | 243/660 [00:06<00:08, 49.75it/s]
 38%|███▊      | 248/660 [00:06<00:08, 49.66it/s]
 38%|███▊      | 253/660 [00:06<00:08, 48.78it/s]
 39%|███▉      | 258/660 [00:07<00:08, 49.12it/s]
 40%|███▉      | 263/660 [00:07<00:08, 49.27it/s]
 41%|████      | 269/660 [00:07<00:07, 49.58it/s]
 42%|████▏     | 274/660 [00:07<00:07, 49.11it/s]
 42%|████▏     | 279/660 [00:07<00:07, 48.86it/s]
 43%|████▎     | 284/660 [00:07<00:07, 48.68it/s]
 44%|████▍     | 289/660 [00:07<00:07, 48.34it/s]
 45%|████▍     | 295/660 [00:07<00:07, 48.75it/s]
 46%|████▌     | 301/660 [00:07<00:07, 49.11it/s]
 47%|████▋     | 307/660 [00:08<00:07, 49.39it/s]
 47%|████▋     | 313/660 [00:08<00:06, 49.58it/s]
 48%|████▊     | 319/660 [00:08<00:06, 49.81it/s]
 49%|████▉     | 324/660 [00:08<00:06, 49.78it/s]
 50%|█████     | 330/660 [00:08<00:06, 49.91it/s]
 51%|█████     | 336/660 [00:08<00:06, 50.05it/s]
 52%|█████▏    | 342/660 [00:08<00:06, 49.70it/s]
 53%|█████▎    | 347/660 [00:08<00:06, 49.23it/s]
 53%|█████▎    | 352/660 [00:08<00:06, 49.32it/s]
 54%|█████▍    | 357/660 [00:09<00:06, 49.25it/s]
 55%|█████▍    | 362/660 [00:09<00:06, 48.79it/s]
 56%|█████▌    | 367/660 [00:09<00:06, 48.75it/s]
 57%|█████▋    | 373/660 [00:09<00:05, 49.20it/s]
 57%|█████▋    | 379/660 [00:09<00:05, 49.39it/s]
 58%|█████▊    | 385/660 [00:09<00:05, 49.61it/s]
 59%|█████▉    | 391/660 [00:09<00:05, 49.70it/s]
 60%|██████    | 397/660 [00:09<00:05, 49.92it/s]
 61%|██████    | 403/660 [00:09<00:05, 49.93it/s]
 62%|██████▏   | 408/660 [00:10<00:05, 49.87it/s]
 63%|██████▎   | 413/660 [00:10<00:04, 49.90it/s]
 63%|██████▎   | 419/660 [00:10<00:04, 50.09it/s]
 64%|██████▍   | 425/660 [00:10<00:04, 49.40it/s]
 65%|██████▌   | 430/660 [00:10<00:04, 49.56it/s]
 66%|██████▌   | 435/660 [00:10<00:04, 49.43it/s]
 67%|██████▋   | 440/660 [00:10<00:04, 49.54it/s]
 67%|██████▋   | 445/660 [00:10<00:04, 49.66it/s]
 68%|██████▊   | 451/660 [00:10<00:04, 49.84it/s]
 69%|██████▉   | 457/660 [00:11<00:04, 50.03it/s]
 70%|███████   | 463/660 [00:11<00:03, 49.80it/s]
 71%|███████   | 469/660 [00:11<00:03, 49.96it/s]
 72%|███████▏  | 475/660 [00:11<00:03, 49.98it/s]
 73%|███████▎  | 481/660 [00:11<00:03, 50.03it/s]
 74%|███████▍  | 487/660 [00:11<00:03, 50.10it/s]
 75%|███████▍  | 493/660 [00:11<00:03, 50.23it/s]
 76%|███████▌  | 499/660 [00:11<00:03, 50.32it/s]
 77%|███████▋  | 505/660 [00:12<00:03, 50.26it/s]
 77%|███████▋  | 511/660 [00:12<00:02, 50.01it/s]
 78%|███████▊  | 517/660 [00:12<00:02, 49.77it/s]
 79%|███████▉  | 523/660 [00:12<00:02, 49.82it/s]
 80%|████████  | 528/660 [00:12<00:02, 49.72it/s]
 81%|████████  | 534/660 [00:12<00:02, 49.85it/s]
 82%|████████▏ | 540/660 [00:12<00:02, 50.13it/s]
 83%|████████▎ | 546/660 [00:12<00:02, 50.24it/s]
 84%|████████▎ | 552/660 [00:12<00:02, 50.25it/s]
 85%|████████▍ | 558/660 [00:13<00:02, 50.29it/s]
 85%|████████▌ | 564/660 [00:13<00:01, 50.31it/s]
 86%|████████▋ | 570/660 [00:13<00:01, 50.31it/s]
 87%|████████▋ | 576/660 [00:13<00:01, 50.26it/s]
 88%|████████▊ | 582/660 [00:13<00:01, 50.24it/s]
 89%|████████▉ | 588/660 [00:13<00:01, 50.23it/s]
 90%|█████████ | 594/660 [00:13<00:01, 50.23it/s]
 91%|█████████ | 600/660 [00:13<00:01, 50.29it/s]
 92%|█████████▏| 606/660 [00:14<00:01, 50.32it/s]
 93%|█████████▎| 612/660 [00:14<00:00, 50.29it/s]
 94%|█████████▎| 618/660 [00:14<00:00, 50.32it/s]
 95%|█████████▍| 624/660 [00:14<00:00, 50.32it/s]
 95%|█████████▌| 630/660 [00:14<00:00, 50.28it/s]
 96%|█████████▋| 636/660 [00:14<00:00, 50.30it/s]
 97%|█████████▋| 642/660 [00:14<00:00, 50.34it/s]
 98%|█████████▊| 648/660 [00:14<00:00, 50.40it/s]
 99%|█████████▉| 654/660 [00:14<00:00, 50.41it/s]
100%|██████████| 660/660 [00:15<00:00, 50.13it/s]
100%|██████████| 660/660 [00:15<00:00, 43.69it/s]

=== SUCCESS | attempt_time: 0:03:37.699131 ===
