
=== FINE_TUNE_EPOCHS=20-FIT_ONE_CYCLE_EPOCHS=10-MODEL=mobilenet_v3_small-NUM_SAMPLES=5000-FILE_SIZE=30-LOSS=ELSE-retries=0 | attempt 1 | start: 2026-01-25 15:17:18.067541 ===
CACHE: finding existing file count
CACHE: existing count: 3950
TACO Extraction: samples=1050 size=30 out_dir=/Users/hariomnarang/.mtrain_synth_cache/extract_all_taco_63580f06d35c5e29
existing samples: 3950
remaining (will generate): 0
loading annotations into memory...
Done (t=0.03s)
creating index...
index created!
total cycles: 0
copied files: 3950
DDG Dumping: samples=5000 size=30 out_dir=../../datasets/T005-with-taco-and-ddg/FINE_TUNE_EPOCHS=20-FIT_ONE_CYCLE_EPOCHS=10-MODEL=mobilenet_v3_small-NUM_SAMPLES=5000-FILE_SIZE=30-LOSS=ELSE-retries=0/synth/pos
shuffled set size 158
after samples size 158
10% done
20% done
30% done
40% done
50% done
60% done
70% done
80% done
90% done
100% done
[0, 0.9792091846466064, 0.7809292078018188, '00:05']
[0, 0.7868794202804565, 0.9111260175704956, '00:05']
[1, 0.7333823442459106, 0.7846364974975586, '00:04']
[2, 0.719536542892456, 0.702707052230835, '00:04']
[3, 0.6854366064071655, 0.5406240224838257, '00:04']
[4, 0.643574595451355, 0.5660816431045532, '00:04']
[5, 0.6014932990074158, 0.4871632158756256, '00:04']
[6, 0.5701698660850525, 0.5426963567733765, '00:04']
[7, 0.5561938881874084, 0.5005005598068237, '00:04']
[8, 0.5433440208435059, 0.4717584550380707, '00:04']
[9, 0.5207581520080566, 0.4606659412384033, '00:04']
[10, 0.5117617249488831, 0.4688113331794739, '00:04']
[11, 0.49088072776794434, 0.46568775177001953, '00:04']
[12, 0.49922046065330505, 0.47245174646377563, '00:04']
[13, 0.5029405951499939, 0.4564277231693268, '00:04']
[14, 0.4984588325023651, 0.44643816351890564, '00:04']
[15, 0.49705472588539124, 0.44689473509788513, '00:04']
[16, 0.4883296489715576, 0.4482983946800232, '00:04']
[17, 0.4826016426086426, 0.4479512870311737, '00:04']
[18, 0.47216951847076416, 0.44517192244529724, '00:04']
[19, 0.4906117022037506, 0.449367880821228, '00:04']
[0, 0.4826805889606476, 0.4458674192428589, '00:04']
[1, 0.4854736030101776, 0.4462985694408417, '00:04']
[2, 0.47428396344184875, 0.4430323839187622, '00:04']
[3, 0.47020575404167175, 0.4388231039047241, '00:04']
[4, 0.4801647365093231, 0.4402087926864624, '00:04']
[5, 0.46466487646102905, 0.44106653332710266, '00:04']
[6, 0.4736993908882141, 0.4372562766075134, '00:04']
[7, 0.4708622694015503, 0.4400765299797058, '00:04']
[8, 0.4653796851634979, 0.44079089164733887, '00:04']
[9, 0.4720575213432312, 0.4380832314491272, '00:04']
/Users/hariomnarang/Desktop/personal/roads/mtrain/.venv/lib/python3.12/site-packages/torchvision/models/_utils.py:208: UserWarning: The parameter 'pretrained' is deprecated since 0.13 and may be removed in the future, please use 'weights' instead.
  warnings.warn(
/Users/hariomnarang/Desktop/personal/roads/mtrain/.venv/lib/python3.12/site-packages/torchvision/models/_utils.py:223: UserWarning: Arguments other than a weight enum or `None` for 'weights' are deprecated since 0.13 and may be removed in the future. The current behavior is equivalent to passing `weights=MobileNet_V3_Small_Weights.IMAGENET1K_V1`. You can also use `weights=MobileNet_V3_Small_Weights.DEFAULT` to get the most up-to-date weights.
  warnings.warn(msg)

  0%|          | 0/910 [00:00<?, ?it/s]
  0%|          | 1/910 [00:00<04:31,  3.35it/s]
  1%|          | 9/910 [00:00<00:33, 27.06it/s]
  2%|▏         | 17/910 [00:00<00:21, 41.98it/s]
  3%|▎         | 25/910 [00:00<00:17, 51.26it/s]
  4%|▎         | 33/910 [00:00<00:15, 57.67it/s]
  5%|▍         | 41/910 [00:00<00:13, 62.16it/s]
  5%|▌         | 49/910 [00:00<00:13, 65.41it/s]
  6%|▋         | 57/910 [00:01<00:12, 67.15it/s]
  7%|▋         | 65/910 [00:01<00:12, 68.94it/s]
  8%|▊         | 73/910 [00:01<00:12, 69.59it/s]
  9%|▉         | 81/910 [00:01<00:11, 69.45it/s]
 10%|▉         | 89/910 [00:01<00:11, 69.98it/s]
 11%|█         | 97/910 [00:01<00:11, 70.79it/s]
 12%|█▏        | 105/910 [00:01<00:11, 71.18it/s]
 12%|█▏        | 113/910 [00:01<00:11, 70.62it/s]
 13%|█▎        | 121/910 [00:01<00:11, 70.57it/s]
 14%|█▍        | 129/910 [00:02<00:11, 70.83it/s]
 15%|█▌        | 137/910 [00:02<00:10, 71.03it/s]
 16%|█▌        | 145/910 [00:02<00:10, 71.25it/s]
 17%|█▋        | 153/910 [00:02<00:10, 70.69it/s]
 18%|█▊        | 161/910 [00:02<00:10, 70.46it/s]
 19%|█▊        | 169/910 [00:02<00:10, 70.67it/s]
 19%|█▉        | 177/910 [00:02<00:10, 70.62it/s]
 20%|██        | 185/910 [00:02<00:10, 70.69it/s]
 21%|██        | 193/910 [00:02<00:10, 70.98it/s]
 22%|██▏       | 201/910 [00:03<00:09, 71.18it/s]
 23%|██▎       | 209/910 [00:03<00:09, 71.16it/s]
 24%|██▍       | 217/910 [00:03<00:09, 71.46it/s]
 25%|██▍       | 225/910 [00:03<00:09, 71.43it/s]
 26%|██▌       | 233/910 [00:03<00:09, 71.45it/s]
 26%|██▋       | 241/910 [00:03<00:09, 71.10it/s]
 27%|██▋       | 249/910 [00:03<00:09, 70.91it/s]
 28%|██▊       | 257/910 [00:03<00:09, 71.11it/s]
 29%|██▉       | 265/910 [00:04<00:09, 71.32it/s]
 30%|███       | 273/910 [00:04<00:08, 71.46it/s]
 31%|███       | 281/910 [00:04<00:08, 71.62it/s]
 32%|███▏      | 289/910 [00:04<00:08, 69.18it/s]
 33%|███▎      | 297/910 [00:04<00:08, 69.68it/s]
 33%|███▎      | 304/910 [00:04<00:08, 69.04it/s]
 34%|███▍      | 311/910 [00:04<00:08, 69.29it/s]
 35%|███▌      | 319/910 [00:04<00:08, 70.19it/s]
 36%|███▌      | 327/910 [00:04<00:08, 70.37it/s]
 37%|███▋      | 335/910 [00:05<00:08, 70.13it/s]
 38%|███▊      | 343/910 [00:05<00:08, 70.27it/s]
 39%|███▊      | 351/910 [00:05<00:07, 70.16it/s]
 39%|███▉      | 359/910 [00:05<00:07, 70.96it/s]
 40%|████      | 367/910 [00:05<00:07, 71.46it/s]
 41%|████      | 375/910 [00:05<00:07, 71.54it/s]
 42%|████▏     | 383/910 [00:05<00:07, 71.57it/s]
 43%|████▎     | 391/910 [00:05<00:07, 71.93it/s]
 44%|████▍     | 399/910 [00:05<00:07, 71.44it/s]
 45%|████▍     | 407/910 [00:06<00:07, 70.94it/s]
 46%|████▌     | 415/910 [00:06<00:06, 71.06it/s]
 46%|████▋     | 423/910 [00:06<00:06, 71.83it/s]
 47%|████▋     | 431/910 [00:06<00:06, 71.56it/s]
 48%|████▊     | 439/910 [00:06<00:06, 71.50it/s]
 49%|████▉     | 447/910 [00:06<00:06, 69.63it/s]
 50%|█████     | 455/910 [00:06<00:06, 70.26it/s]
 51%|█████     | 463/910 [00:06<00:06, 70.09it/s]
 52%|█████▏    | 471/910 [00:06<00:06, 70.27it/s]
 53%|█████▎    | 479/910 [00:07<00:06, 70.74it/s]
 54%|█████▎    | 487/910 [00:07<00:05, 71.52it/s]
 54%|█████▍    | 495/910 [00:07<00:05, 72.69it/s]
 55%|█████▌    | 503/910 [00:07<00:05, 72.57it/s]
 56%|█████▌    | 511/910 [00:07<00:05, 72.50it/s]
 57%|█████▋    | 519/910 [00:07<00:05, 72.40it/s]
 58%|█████▊    | 527/910 [00:07<00:05, 72.41it/s]
 59%|█████▉    | 535/910 [00:07<00:05, 72.26it/s]
 60%|█████▉    | 543/910 [00:07<00:05, 72.16it/s]
 61%|██████    | 551/910 [00:08<00:04, 72.40it/s]
 61%|██████▏   | 559/910 [00:08<00:04, 72.83it/s]
 62%|██████▏   | 567/910 [00:08<00:04, 72.90it/s]
 63%|██████▎   | 575/910 [00:08<00:04, 73.25it/s]
 64%|██████▍   | 583/910 [00:08<00:04, 73.02it/s]
 65%|██████▍   | 591/910 [00:08<00:04, 72.50it/s]
 66%|██████▌   | 599/910 [00:08<00:04, 72.28it/s]
 67%|██████▋   | 607/910 [00:08<00:04, 72.19it/s]
 68%|██████▊   | 615/910 [00:08<00:04, 72.20it/s]
 68%|██████▊   | 623/910 [00:09<00:03, 72.21it/s]
 69%|██████▉   | 631/910 [00:09<00:03, 72.58it/s]
 70%|███████   | 639/910 [00:09<00:03, 72.88it/s]
 71%|███████   | 647/910 [00:09<00:03, 72.68it/s]
 72%|███████▏  | 655/910 [00:09<00:03, 72.64it/s]
 73%|███████▎  | 663/910 [00:09<00:03, 72.54it/s]
 74%|███████▎  | 671/910 [00:09<00:03, 72.44it/s]
 75%|███████▍  | 679/910 [00:09<00:04, 55.10it/s]
 75%|███████▌  | 687/910 [00:10<00:03, 59.66it/s]
 76%|███████▋  | 695/910 [00:10<00:03, 63.11it/s]
 77%|███████▋  | 703/910 [00:10<00:03, 65.89it/s]
 78%|███████▊  | 711/910 [00:10<00:02, 67.77it/s]
 79%|███████▉  | 719/910 [00:10<00:02, 69.33it/s]
 80%|███████▉  | 727/910 [00:10<00:02, 70.32it/s]
 81%|████████  | 735/910 [00:10<00:02, 71.32it/s]
 82%|████████▏ | 743/910 [00:10<00:02, 71.92it/s]
 83%|████████▎ | 751/910 [00:10<00:02, 72.40it/s]
 83%|████████▎ | 759/910 [00:10<00:02, 72.73it/s]
 84%|████████▍ | 767/910 [00:11<00:01, 72.88it/s]
 85%|████████▌ | 775/910 [00:11<00:01, 73.08it/s]
 86%|████████▌ | 783/910 [00:11<00:01, 70.77it/s]
 87%|████████▋ | 791/910 [00:11<00:01, 70.83it/s]
 88%|████████▊ | 799/910 [00:11<00:01, 71.03it/s]
 89%|████████▊ | 807/910 [00:11<00:01, 71.40it/s]
 90%|████████▉ | 815/910 [00:11<00:01, 71.47it/s]
 90%|█████████ | 823/910 [00:11<00:01, 71.46it/s]
 91%|█████████▏| 831/910 [00:12<00:01, 70.93it/s]
 92%|█████████▏| 839/910 [00:12<00:01, 70.96it/s]
 93%|█████████▎| 847/910 [00:12<00:00, 69.87it/s]
 94%|█████████▍| 855/910 [00:12<00:00, 70.01it/s]
 95%|█████████▍| 863/910 [00:12<00:00, 69.86it/s]
 96%|█████████▌| 870/910 [00:12<00:00, 69.74it/s]
 96%|█████████▋| 877/910 [00:12<00:00, 69.65it/s]
 97%|█████████▋| 884/910 [00:12<00:00, 69.72it/s]
 98%|█████████▊| 892/910 [00:12<00:00, 70.37it/s]
 99%|█████████▉| 900/910 [00:12<00:00, 70.39it/s]
100%|█████████▉| 908/910 [00:13<00:00, 70.89it/s]
100%|██████████| 910/910 [00:13<00:00, 69.29it/s]

=== SUCCESS | attempt_time: 0:02:43.703171 ===
