
=== FINE_TUNE_EPOCHS=20-FIT_ONE_CYCLE_EPOCHS=10-MODEL=mobilenet_v3_small-NUM_SAMPLES=5000-FILE_SIZE=20-LOSS=ELSE-retries=0 | attempt 1 | start: 2026-01-25 17:26:51.899988 ===
CACHE: finding existing file count
CACHE: existing count: 0
TACO Extraction: samples=5000 size=20 out_dir=/Users/hariomnarang/.mtrain_synth_cache/extract_all_taco_10cf58a9fc422ffc
existing samples: 0
remaining (will generate): 5000
loading annotations into memory...
Done (t=0.04s)
creating index...
index created!
40% done
total cycles: 2
copied files: 5000
DDG Dumping: samples=5000 size=20 out_dir=../../datasets/T005-with-taco-and-ddg/FINE_TUNE_EPOCHS=20-FIT_ONE_CYCLE_EPOCHS=10-MODEL=mobilenet_v3_small-NUM_SAMPLES=5000-FILE_SIZE=20-LOSS=ELSE-retries=0/synth/pos
shuffled set size 158
after samples size 158
10% done
20% done
30% done
40% done
50% done
60% done
70% done
80% done
90% done
100% done
[0, 0.9400862455368042, 0.8679383993148804, '00:09']
[0, 0.7554812431335449, 0.7964276671409607, '00:09']
[1, 0.7121798396110535, 0.5657140612602234, '00:08']
[2, 0.6717871427536011, 0.4697319567203522, '00:08']
[3, 0.6259574890136719, 0.43517810106277466, '00:08']
[4, 0.5922746062278748, 0.4557894766330719, '00:08']
[5, 0.5723002552986145, 0.43630045652389526, '00:08']
[6, 0.5409660935401917, 0.4433102309703827, '00:08']
[7, 0.523705244064331, 0.41537609696388245, '00:08']
[8, 0.5041194558143616, 0.40584835410118103, '00:08']
[9, 0.49585193395614624, 0.41233187913894653, '00:08']
[10, 0.48982852697372437, 0.3918968141078949, '00:08']
[11, 0.48323431611061096, 0.3940628468990326, '00:08']
[12, 0.48176002502441406, 0.3895939588546753, '00:08']
[13, 0.47100022435188293, 0.38914036750793457, '00:08']
[14, 0.46759024262428284, 0.38626784086227417, '00:08']
[15, 0.465433269739151, 0.3772827386856079, '00:08']
[16, 0.4702790677547455, 0.3764970004558563, '00:08']
[17, 0.463443785905838, 0.3740541636943817, '00:08']
[18, 0.4598110020160675, 0.3728353977203369, '00:08']
[19, 0.4600292146205902, 0.37218421697616577, '00:08']
[0, 0.4478743374347687, 0.37253981828689575, '00:08']
[1, 0.4618776738643646, 0.37605059146881104, '00:08']
[2, 0.45454859733581543, 0.3761167526245117, '00:08']
[3, 0.4530642032623291, 0.3746279776096344, '00:08']
[4, 0.4548450708389282, 0.37509456276893616, '00:08']
[5, 0.4484410881996155, 0.3730804920196533, '00:08']
[6, 0.45436498522758484, 0.3766554296016693, '00:08']
[7, 0.4525075852870941, 0.37599503993988037, '00:08']
[8, 0.46167489886283875, 0.376104474067688, '00:08']
[9, 0.4669727683067322, 0.3748178482055664, '00:08']
/Users/hariomnarang/Desktop/personal/roads/mtrain/.venv/lib/python3.12/site-packages/torchvision/models/_utils.py:208: UserWarning: The parameter 'pretrained' is deprecated since 0.13 and may be removed in the future, please use 'weights' instead.
  warnings.warn(
/Users/hariomnarang/Desktop/personal/roads/mtrain/.venv/lib/python3.12/site-packages/torchvision/models/_utils.py:223: UserWarning: Arguments other than a weight enum or `None` for 'weights' are deprecated since 0.13 and may be removed in the future. The current behavior is equivalent to passing `weights=MobileNet_V3_Small_Weights.IMAGENET1K_V1`. You can also use `weights=MobileNet_V3_Small_Weights.DEFAULT` to get the most up-to-date weights.
  warnings.warn(msg)

  0%|          | 0/2028 [00:00<?, ?it/s]
  0%|          | 1/2028 [00:00<15:47,  2.14it/s]
  0%|          | 6/2028 [00:00<02:35, 12.96it/s]
  1%|          | 11/2028 [00:00<01:32, 21.76it/s]
  1%|          | 16/2028 [00:00<01:10, 28.64it/s]
  1%|          | 21/2028 [00:00<00:59, 34.01it/s]
  1%|▏         | 26/2028 [00:00<00:52, 37.90it/s]
  2%|▏         | 31/2028 [00:01<00:49, 40.45it/s]
  2%|▏         | 36/2028 [00:01<00:46, 42.58it/s]
  2%|▏         | 41/2028 [00:01<00:44, 44.46it/s]
  2%|▏         | 46/2028 [00:01<00:43, 45.54it/s]
  3%|▎         | 51/2028 [00:01<00:42, 46.41it/s]
  3%|▎         | 56/2028 [00:01<00:41, 46.98it/s]
  3%|▎         | 61/2028 [00:01<00:41, 47.53it/s]
  3%|▎         | 66/2028 [00:01<00:41, 47.78it/s]
  4%|▎         | 71/2028 [00:01<00:40, 48.29it/s]
  4%|▎         | 76/2028 [00:02<00:40, 48.71it/s]
  4%|▍         | 81/2028 [00:02<00:39, 49.03it/s]
  4%|▍         | 86/2028 [00:02<00:39, 48.98it/s]
  4%|▍         | 91/2028 [00:02<00:39, 48.83it/s]
  5%|▍         | 96/2028 [00:02<00:39, 48.79it/s]
  5%|▍         | 101/2028 [00:02<00:39, 48.74it/s]
  5%|▌         | 106/2028 [00:02<00:39, 48.78it/s]
  5%|▌         | 111/2028 [00:02<00:39, 48.71it/s]
  6%|▌         | 116/2028 [00:02<00:39, 48.69it/s]
  6%|▌         | 121/2028 [00:02<00:39, 48.69it/s]
  6%|▌         | 126/2028 [00:03<00:39, 48.63it/s]
  6%|▋         | 131/2028 [00:03<00:39, 48.63it/s]
  7%|▋         | 136/2028 [00:03<00:38, 48.65it/s]
  7%|▋         | 141/2028 [00:03<00:38, 48.77it/s]
  7%|▋         | 146/2028 [00:03<00:38, 48.78it/s]
  7%|▋         | 151/2028 [00:03<00:38, 48.74it/s]
  8%|▊         | 156/2028 [00:03<00:38, 48.74it/s]
  8%|▊         | 161/2028 [00:03<00:38, 48.72it/s]
  8%|▊         | 166/2028 [00:03<00:38, 48.75it/s]
  8%|▊         | 171/2028 [00:03<00:38, 48.83it/s]
  9%|▊         | 176/2028 [00:04<00:37, 48.87it/s]
  9%|▉         | 181/2028 [00:04<00:37, 48.87it/s]
  9%|▉         | 186/2028 [00:04<00:37, 48.83it/s]
  9%|▉         | 191/2028 [00:04<00:37, 48.76it/s]
 10%|▉         | 196/2028 [00:04<00:37, 48.66it/s]
 10%|▉         | 201/2028 [00:04<00:37, 48.69it/s]
 10%|█         | 206/2028 [00:04<00:37, 48.56it/s]
 10%|█         | 211/2028 [00:04<00:37, 48.24it/s]
 11%|█         | 216/2028 [00:04<00:37, 48.07it/s]
 11%|█         | 221/2028 [00:05<00:37, 48.08it/s]
 11%|█         | 226/2028 [00:05<00:37, 47.87it/s]
 11%|█▏        | 231/2028 [00:05<00:37, 48.10it/s]
 12%|█▏        | 236/2028 [00:05<00:37, 48.22it/s]
 12%|█▏        | 241/2028 [00:05<00:36, 48.40it/s]
 12%|█▏        | 246/2028 [00:05<00:36, 48.52it/s]
 12%|█▏        | 251/2028 [00:05<00:36, 48.65it/s]
 13%|█▎        | 256/2028 [00:05<00:36, 48.71it/s]
 13%|█▎        | 261/2028 [00:05<00:36, 48.81it/s]
 13%|█▎        | 266/2028 [00:05<00:36, 48.85it/s]
 13%|█▎        | 271/2028 [00:06<00:35, 48.83it/s]
 14%|█▎        | 276/2028 [00:06<00:36, 48.61it/s]
 14%|█▍        | 281/2028 [00:06<00:35, 48.75it/s]
 14%|█▍        | 286/2028 [00:06<00:35, 48.79it/s]
 14%|█▍        | 291/2028 [00:06<00:35, 48.94it/s]
 15%|█▍        | 296/2028 [00:06<00:35, 48.98it/s]
 15%|█▍        | 301/2028 [00:06<00:35, 48.92it/s]
 15%|█▌        | 306/2028 [00:06<00:35, 48.91it/s]
 15%|█▌        | 311/2028 [00:06<00:35, 48.82it/s]
 16%|█▌        | 316/2028 [00:06<00:34, 48.96it/s]
 16%|█▌        | 321/2028 [00:07<00:34, 49.05it/s]
 16%|█▌        | 326/2028 [00:07<00:34, 49.11it/s]
 16%|█▋        | 331/2028 [00:07<00:34, 48.60it/s]
 17%|█▋        | 336/2028 [00:07<00:34, 48.77it/s]
 17%|█▋        | 341/2028 [00:07<00:34, 49.01it/s]
 17%|█▋        | 346/2028 [00:07<00:34, 48.72it/s]
 17%|█▋        | 351/2028 [00:07<00:34, 48.82it/s]
 18%|█▊        | 356/2028 [00:07<00:34, 48.89it/s]
 18%|█▊        | 361/2028 [00:07<00:34, 48.93it/s]
 18%|█▊        | 366/2028 [00:07<00:33, 48.98it/s]
 18%|█▊        | 371/2028 [00:08<00:33, 49.10it/s]
 19%|█▊        | 376/2028 [00:08<00:33, 49.24it/s]
 19%|█▉        | 381/2028 [00:08<00:33, 49.26it/s]
 19%|█▉        | 386/2028 [00:08<00:33, 49.25it/s]
 19%|█▉        | 391/2028 [00:08<00:33, 49.27it/s]
 20%|█▉        | 396/2028 [00:08<00:33, 49.21it/s]
 20%|█▉        | 401/2028 [00:08<00:33, 49.21it/s]
 20%|██        | 406/2028 [00:08<00:33, 49.11it/s]
 20%|██        | 411/2028 [00:08<00:32, 49.11it/s]
 21%|██        | 416/2028 [00:08<00:32, 49.11it/s]
 21%|██        | 421/2028 [00:09<00:32, 49.08it/s]
 21%|██        | 426/2028 [00:09<00:32, 49.03it/s]
 21%|██▏       | 431/2028 [00:09<00:32, 48.90it/s]
 21%|██▏       | 436/2028 [00:09<00:32, 48.91it/s]
 22%|██▏       | 441/2028 [00:09<00:32, 48.92it/s]
 22%|██▏       | 446/2028 [00:09<00:32, 48.80it/s]
 22%|██▏       | 451/2028 [00:09<00:32, 48.95it/s]
 22%|██▏       | 456/2028 [00:09<00:32, 48.89it/s]
 23%|██▎       | 461/2028 [00:09<00:32, 48.95it/s]
 23%|██▎       | 466/2028 [00:10<00:31, 48.91it/s]
 23%|██▎       | 471/2028 [00:10<00:31, 48.86it/s]
 23%|██▎       | 476/2028 [00:10<00:31, 48.90it/s]
 24%|██▎       | 481/2028 [00:10<00:31, 48.59it/s]
 24%|██▍       | 486/2028 [00:10<00:31, 48.72it/s]
 24%|██▍       | 491/2028 [00:10<00:31, 48.85it/s]
 24%|██▍       | 496/2028 [00:10<00:31, 48.85it/s]
 25%|██▍       | 501/2028 [00:10<00:31, 49.02it/s]
 25%|██▍       | 506/2028 [00:10<00:31, 48.99it/s]
 25%|██▌       | 511/2028 [00:10<00:30, 49.04it/s]
 25%|██▌       | 516/2028 [00:11<00:30, 48.81it/s]
 26%|██▌       | 521/2028 [00:11<00:30, 48.71it/s]
 26%|██▌       | 526/2028 [00:11<00:30, 48.59it/s]
 26%|██▌       | 531/2028 [00:11<00:30, 48.52it/s]
 26%|██▋       | 536/2028 [00:11<00:30, 48.44it/s]
 27%|██▋       | 541/2028 [00:11<00:30, 48.49it/s]
 27%|██▋       | 546/2028 [00:11<00:30, 48.64it/s]
 27%|██▋       | 551/2028 [00:11<00:30, 48.70it/s]
 27%|██▋       | 556/2028 [00:11<00:30, 48.83it/s]
 28%|██▊       | 561/2028 [00:11<00:29, 48.97it/s]
 28%|██▊       | 566/2028 [00:12<00:29, 49.08it/s]
 28%|██▊       | 571/2028 [00:12<00:29, 49.04it/s]
 28%|██▊       | 576/2028 [00:12<00:29, 49.10it/s]
 29%|██▊       | 581/2028 [00:12<00:29, 49.12it/s]
 29%|██▉       | 586/2028 [00:12<00:29, 49.04it/s]
 29%|██▉       | 592/2028 [00:12<00:29, 49.37it/s]
 29%|██▉       | 597/2028 [00:12<00:28, 49.37it/s]
 30%|██▉       | 602/2028 [00:12<00:28, 49.24it/s]
 30%|██▉       | 607/2028 [00:12<00:28, 49.19it/s]
 30%|███       | 612/2028 [00:13<00:28, 49.18it/s]
 30%|███       | 617/2028 [00:13<00:28, 49.19it/s]
 31%|███       | 622/2028 [00:13<00:28, 49.24it/s]
 31%|███       | 627/2028 [00:13<00:28, 49.20it/s]
 31%|███       | 632/2028 [00:13<00:28, 49.20it/s]
 31%|███▏      | 637/2028 [00:13<00:28, 49.18it/s]
 32%|███▏      | 642/2028 [00:13<00:28, 49.18it/s]
 32%|███▏      | 647/2028 [00:13<00:28, 49.20it/s]
 32%|███▏      | 652/2028 [00:13<00:28, 49.12it/s]
 32%|███▏      | 657/2028 [00:13<00:27, 49.16it/s]
 33%|███▎      | 662/2028 [00:14<00:27, 49.01it/s]
 33%|███▎      | 667/2028 [00:14<00:27, 49.06it/s]
 33%|███▎      | 672/2028 [00:14<00:27, 49.16it/s]
 33%|███▎      | 677/2028 [00:14<00:27, 49.06it/s]
 34%|███▎      | 682/2028 [00:14<00:27, 49.07it/s]
 34%|███▍      | 687/2028 [00:14<00:27, 49.11it/s]
 34%|███▍      | 692/2028 [00:14<00:27, 49.19it/s]
 34%|███▍      | 697/2028 [00:14<00:27, 49.16it/s]
 35%|███▍      | 702/2028 [00:14<00:26, 49.18it/s]
 35%|███▍      | 707/2028 [00:14<00:26, 49.19it/s]
 35%|███▌      | 712/2028 [00:15<00:26, 49.17it/s]
 35%|███▌      | 717/2028 [00:15<00:26, 49.23it/s]
 36%|███▌      | 722/2028 [00:15<00:26, 49.24it/s]
 36%|███▌      | 727/2028 [00:15<00:26, 49.17it/s]
 36%|███▌      | 732/2028 [00:15<00:26, 49.02it/s]
 36%|███▋      | 737/2028 [00:15<00:26, 49.00it/s]
 37%|███▋      | 742/2028 [00:15<00:26, 48.99it/s]
 37%|███▋      | 747/2028 [00:15<00:26, 48.83it/s]
 37%|███▋      | 752/2028 [00:15<00:26, 48.41it/s]
 37%|███▋      | 757/2028 [00:15<00:26, 48.55it/s]
 38%|███▊      | 762/2028 [00:16<00:26, 48.69it/s]
 38%|███▊      | 767/2028 [00:16<00:25, 48.78it/s]
 38%|███▊      | 772/2028 [00:16<00:25, 48.62it/s]
 38%|███▊      | 777/2028 [00:16<00:25, 48.78it/s]
 39%|███▊      | 782/2028 [00:16<00:25, 48.85it/s]
 39%|███▉      | 787/2028 [00:16<00:25, 48.93it/s]
 39%|███▉      | 792/2028 [00:16<00:25, 49.07it/s]
 39%|███▉      | 797/2028 [00:16<00:25, 49.08it/s]
 40%|███▉      | 802/2028 [00:16<00:25, 48.83it/s]
 40%|███▉      | 807/2028 [00:16<00:24, 48.97it/s]
 40%|████      | 812/2028 [00:17<00:24, 49.07it/s]
 40%|████      | 817/2028 [00:17<00:24, 49.10it/s]
 41%|████      | 822/2028 [00:17<00:24, 48.99it/s]
 41%|████      | 827/2028 [00:17<00:24, 48.88it/s]
 41%|████      | 832/2028 [00:17<00:24, 48.73it/s]
 41%|████▏     | 837/2028 [00:17<00:24, 48.63it/s]
 42%|████▏     | 842/2028 [00:17<00:24, 48.55it/s]
 42%|████▏     | 847/2028 [00:17<00:24, 48.58it/s]
 42%|████▏     | 852/2028 [00:17<00:24, 48.85it/s]
 42%|████▏     | 857/2028 [00:18<00:23, 48.87it/s]
 43%|████▎     | 862/2028 [00:18<00:23, 49.05it/s]
 43%|████▎     | 867/2028 [00:18<00:23, 49.13it/s]
 43%|████▎     | 872/2028 [00:18<00:23, 49.02it/s]
 43%|████▎     | 877/2028 [00:18<00:23, 48.89it/s]
 43%|████▎     | 882/2028 [00:18<00:23, 48.92it/s]
 44%|████▎     | 887/2028 [00:18<00:23, 49.04it/s]
 44%|████▍     | 892/2028 [00:18<00:23, 49.14it/s]
 44%|████▍     | 897/2028 [00:18<00:22, 49.20it/s]
 44%|████▍     | 902/2028 [00:18<00:22, 49.21it/s]
 45%|████▍     | 907/2028 [00:19<00:22, 49.24it/s]
 45%|████▍     | 912/2028 [00:19<00:22, 49.23it/s]
 45%|████▌     | 917/2028 [00:19<00:22, 49.24it/s]
 45%|████▌     | 922/2028 [00:19<00:22, 49.08it/s]
 46%|████▌     | 927/2028 [00:19<00:22, 49.19it/s]
 46%|████▌     | 932/2028 [00:19<00:22, 49.17it/s]
 46%|████▌     | 937/2028 [00:19<00:22, 49.21it/s]
 46%|████▋     | 942/2028 [00:19<00:22, 49.16it/s]
 47%|████▋     | 947/2028 [00:19<00:22, 48.98it/s]
 47%|████▋     | 952/2028 [00:19<00:21, 49.08it/s]
 47%|████▋     | 957/2028 [00:20<00:21, 49.11it/s]
 47%|████▋     | 962/2028 [00:20<00:21, 49.16it/s]
 48%|████▊     | 967/2028 [00:20<00:21, 49.19it/s]
 48%|████▊     | 972/2028 [00:20<00:21, 49.16it/s]
 48%|████▊     | 977/2028 [00:20<00:21, 49.23it/s]
 48%|████▊     | 982/2028 [00:20<00:21, 49.23it/s]
 49%|████▊     | 987/2028 [00:20<00:21, 49.31it/s]
 49%|████▉     | 992/2028 [00:20<00:21, 49.26it/s]
 49%|████▉     | 997/2028 [00:20<00:20, 49.25it/s]
 49%|████▉     | 1002/2028 [00:20<00:20, 49.28it/s]
 50%|████▉     | 1007/2028 [00:21<00:20, 49.27it/s]
 50%|████▉     | 1012/2028 [00:21<00:20, 49.28it/s]
 50%|█████     | 1017/2028 [00:21<00:20, 48.93it/s]
 50%|█████     | 1022/2028 [00:21<00:20, 48.83it/s]
 51%|█████     | 1027/2028 [00:21<00:20, 48.94it/s]
 51%|█████     | 1032/2028 [00:21<00:20, 49.03it/s]
 51%|█████     | 1037/2028 [00:21<00:20, 49.11it/s]
 51%|█████▏    | 1042/2028 [00:21<00:20, 49.09it/s]
 52%|█████▏    | 1047/2028 [00:21<00:19, 49.15it/s]
 52%|█████▏    | 1052/2028 [00:21<00:19, 49.15it/s]
 52%|█████▏    | 1057/2028 [00:22<00:19, 49.18it/s]
 52%|█████▏    | 1062/2028 [00:22<00:19, 49.19it/s]
 53%|█████▎    | 1067/2028 [00:22<00:19, 49.26it/s]
 53%|█████▎    | 1072/2028 [00:22<00:19, 49.23it/s]
 53%|█████▎    | 1077/2028 [00:22<00:19, 49.23it/s]
 53%|█████▎    | 1082/2028 [00:22<00:19, 49.26it/s]
 54%|█████▎    | 1087/2028 [00:22<00:19, 49.26it/s]
 54%|█████▍    | 1092/2028 [00:22<00:19, 49.01it/s]
 54%|█████▍    | 1097/2028 [00:22<00:18, 49.11it/s]
 54%|█████▍    | 1103/2028 [00:23<00:18, 49.40it/s]
 55%|█████▍    | 1108/2028 [00:23<00:18, 49.39it/s]
 55%|█████▍    | 1113/2028 [00:23<00:18, 49.37it/s]
 55%|█████▌    | 1118/2028 [00:23<00:18, 49.25it/s]
 55%|█████▌    | 1123/2028 [00:23<00:18, 49.13it/s]
 56%|█████▌    | 1128/2028 [00:23<00:18, 48.95it/s]
 56%|█████▌    | 1133/2028 [00:23<00:18, 48.80it/s]
 56%|█████▌    | 1138/2028 [00:23<00:18, 48.73it/s]
 56%|█████▋    | 1143/2028 [00:23<00:18, 48.63it/s]
 57%|█████▋    | 1148/2028 [00:23<00:18, 48.66it/s]
 57%|█████▋    | 1153/2028 [00:24<00:17, 48.80it/s]
 57%|█████▋    | 1158/2028 [00:24<00:17, 48.95it/s]
 57%|█████▋    | 1163/2028 [00:24<00:17, 48.80it/s]
 58%|█████▊    | 1168/2028 [00:24<00:17, 48.83it/s]
 58%|█████▊    | 1173/2028 [00:24<00:17, 48.99it/s]
 58%|█████▊    | 1178/2028 [00:24<00:17, 49.05it/s]
 58%|█████▊    | 1183/2028 [00:24<00:17, 49.10it/s]
 59%|█████▊    | 1188/2028 [00:24<00:17, 49.07it/s]
 59%|█████▉    | 1193/2028 [00:24<00:17, 49.05it/s]
 59%|█████▉    | 1198/2028 [00:24<00:16, 49.13it/s]
 59%|█████▉    | 1203/2028 [00:25<00:16, 49.31it/s]
 60%|█████▉    | 1208/2028 [00:25<00:16, 49.22it/s]
 60%|█████▉    | 1213/2028 [00:25<00:16, 49.21it/s]
 60%|██████    | 1218/2028 [00:25<00:16, 49.22it/s]
 60%|██████    | 1223/2028 [00:25<00:16, 49.27it/s]
 61%|██████    | 1228/2028 [00:25<00:16, 49.26it/s]
 61%|██████    | 1233/2028 [00:25<00:16, 49.32it/s]
 61%|██████    | 1238/2028 [00:25<00:16, 49.13it/s]
 61%|██████▏   | 1243/2028 [00:25<00:15, 49.15it/s]
 62%|██████▏   | 1248/2028 [00:25<00:15, 49.16it/s]
 62%|██████▏   | 1253/2028 [00:26<00:15, 49.11it/s]
 62%|██████▏   | 1258/2028 [00:26<00:15, 49.18it/s]
 62%|██████▏   | 1263/2028 [00:26<00:15, 49.31it/s]
 63%|██████▎   | 1268/2028 [00:26<00:15, 49.25it/s]
 63%|██████▎   | 1273/2028 [00:26<00:15, 49.24it/s]
 63%|██████▎   | 1278/2028 [00:26<00:15, 49.24it/s]
 63%|██████▎   | 1283/2028 [00:26<00:15, 49.24it/s]
 64%|██████▎   | 1288/2028 [00:26<00:15, 49.22it/s]
 64%|██████▍   | 1293/2028 [00:26<00:14, 49.29it/s]
 64%|██████▍   | 1298/2028 [00:26<00:14, 49.28it/s]
 64%|██████▍   | 1303/2028 [00:27<00:14, 49.32it/s]
 64%|██████▍   | 1308/2028 [00:27<00:14, 49.13it/s]
 65%|██████▍   | 1313/2028 [00:27<00:14, 49.25it/s]
 65%|██████▍   | 1318/2028 [00:27<00:14, 49.26it/s]
 65%|██████▌   | 1323/2028 [00:27<00:14, 49.31it/s]
 65%|██████▌   | 1328/2028 [00:27<00:14, 49.34it/s]
 66%|██████▌   | 1333/2028 [00:27<00:14, 49.32it/s]
 66%|██████▌   | 1338/2028 [00:27<00:14, 49.23it/s]
 66%|██████▌   | 1343/2028 [00:27<00:13, 49.24it/s]
 66%|██████▋   | 1348/2028 [00:27<00:13, 49.14it/s]
 67%|██████▋   | 1354/2028 [00:28<00:13, 49.37it/s]
 67%|██████▋   | 1359/2028 [00:28<00:13, 49.40it/s]
 67%|██████▋   | 1364/2028 [00:28<00:13, 49.27it/s]
 68%|██████▊   | 1369/2028 [00:28<00:13, 49.23it/s]
 68%|██████▊   | 1374/2028 [00:28<00:13, 49.21it/s]
 68%|██████▊   | 1379/2028 [00:28<00:13, 49.12it/s]
 68%|██████▊   | 1384/2028 [00:28<00:13, 49.20it/s]
 68%|██████▊   | 1389/2028 [00:28<00:12, 49.17it/s]
 69%|██████▊   | 1394/2028 [00:28<00:12, 49.22it/s]
 69%|██████▉   | 1399/2028 [00:29<00:12, 49.29it/s]
 69%|██████▉   | 1404/2028 [00:29<00:12, 49.28it/s]
 69%|██████▉   | 1409/2028 [00:29<00:12, 49.25it/s]
 70%|██████▉   | 1414/2028 [00:29<00:12, 49.17it/s]
 70%|██████▉   | 1419/2028 [00:29<00:12, 49.17it/s]
 70%|███████   | 1424/2028 [00:29<00:12, 49.06it/s]
 70%|███████   | 1429/2028 [00:29<00:12, 49.31it/s]
 71%|███████   | 1434/2028 [00:29<00:12, 49.13it/s]
 71%|███████   | 1439/2028 [00:29<00:12, 48.91it/s]
 71%|███████   | 1444/2028 [00:29<00:11, 48.80it/s]
 71%|███████▏  | 1449/2028 [00:30<00:11, 48.84it/s]
 72%|███████▏  | 1454/2028 [00:30<00:11, 48.78it/s]
 72%|███████▏  | 1459/2028 [00:30<00:11, 48.81it/s]
 72%|███████▏  | 1464/2028 [00:30<00:11, 48.91it/s]
 72%|███████▏  | 1469/2028 [00:30<00:11, 49.00it/s]
 73%|███████▎  | 1474/2028 [00:30<00:11, 49.12it/s]
 73%|███████▎  | 1479/2028 [00:30<00:11, 49.22it/s]
 73%|███████▎  | 1484/2028 [00:30<00:11, 49.16it/s]
 73%|███████▎  | 1489/2028 [00:30<00:10, 49.17it/s]
 74%|███████▎  | 1494/2028 [00:30<00:10, 49.24it/s]
 74%|███████▍  | 1499/2028 [00:31<00:10, 49.30it/s]
 74%|███████▍  | 1504/2028 [00:31<00:10, 49.31it/s]
 74%|███████▍  | 1509/2028 [00:31<00:10, 49.29it/s]
 75%|███████▍  | 1514/2028 [00:31<00:10, 49.27it/s]
 75%|███████▍  | 1519/2028 [00:31<00:10, 49.18it/s]
 75%|███████▌  | 1524/2028 [00:31<00:10, 49.04it/s]
 75%|███████▌  | 1529/2028 [00:31<00:10, 49.16it/s]
 76%|███████▌  | 1534/2028 [00:31<00:10, 49.12it/s]
 76%|███████▌  | 1539/2028 [00:31<00:09, 49.15it/s]
 76%|███████▌  | 1544/2028 [00:31<00:09, 49.16it/s]
 76%|███████▋  | 1549/2028 [00:32<00:09, 49.14it/s]
 77%|███████▋  | 1554/2028 [00:32<00:09, 49.21it/s]
 77%|███████▋  | 1559/2028 [00:32<00:09, 49.25it/s]
 77%|███████▋  | 1564/2028 [00:32<00:09, 49.24it/s]
 77%|███████▋  | 1569/2028 [00:32<00:09, 49.33it/s]
 78%|███████▊  | 1574/2028 [00:32<00:09, 49.32it/s]
 78%|███████▊  | 1579/2028 [00:32<00:09, 49.32it/s]
 78%|███████▊  | 1584/2028 [00:32<00:09, 49.19it/s]
 78%|███████▊  | 1589/2028 [00:32<00:08, 49.21it/s]
 79%|███████▊  | 1594/2028 [00:33<00:08, 49.09it/s]
 79%|███████▉  | 1599/2028 [00:33<00:08, 49.25it/s]
 79%|███████▉  | 1604/2028 [00:33<00:08, 49.27it/s]
 79%|███████▉  | 1609/2028 [00:33<00:08, 49.44it/s]
 80%|███████▉  | 1614/2028 [00:33<00:08, 49.38it/s]
 80%|███████▉  | 1619/2028 [00:33<00:08, 49.42it/s]
 80%|████████  | 1624/2028 [00:33<00:08, 49.40it/s]
 80%|████████  | 1629/2028 [00:33<00:08, 49.49it/s]
 81%|████████  | 1634/2028 [00:33<00:07, 49.35it/s]
 81%|████████  | 1639/2028 [00:33<00:07, 49.34it/s]
 81%|████████  | 1644/2028 [00:34<00:07, 49.31it/s]
 81%|████████▏ | 1649/2028 [00:34<00:07, 49.25it/s]
 82%|████████▏ | 1654/2028 [00:34<00:07, 49.18it/s]
 82%|████████▏ | 1659/2028 [00:34<00:07, 49.17it/s]
 82%|████████▏ | 1664/2028 [00:34<00:07, 49.15it/s]
 82%|████████▏ | 1669/2028 [00:34<00:07, 49.01it/s]
 83%|████████▎ | 1674/2028 [00:34<00:07, 49.12it/s]
 83%|████████▎ | 1679/2028 [00:34<00:07, 49.21it/s]
 83%|████████▎ | 1684/2028 [00:34<00:06, 49.19it/s]
 83%|████████▎ | 1689/2028 [00:34<00:06, 49.27it/s]
 84%|████████▎ | 1694/2028 [00:35<00:06, 49.38it/s]
 84%|████████▍ | 1699/2028 [00:35<00:06, 49.20it/s]
 84%|████████▍ | 1704/2028 [00:35<00:06, 49.24it/s]
 84%|████████▍ | 1709/2028 [00:35<00:06, 49.17it/s]
 85%|████████▍ | 1714/2028 [00:35<00:06, 49.21it/s]
 85%|████████▍ | 1719/2028 [00:35<00:06, 49.17it/s]
 85%|████████▌ | 1724/2028 [00:35<00:06, 49.15it/s]
 85%|████████▌ | 1729/2028 [00:35<00:06, 48.90it/s]
 86%|████████▌ | 1734/2028 [00:35<00:06, 48.62it/s]
 86%|████████▌ | 1739/2028 [00:35<00:05, 48.29it/s]
 86%|████████▌ | 1744/2028 [00:36<00:05, 48.30it/s]
 86%|████████▌ | 1749/2028 [00:36<00:05, 48.50it/s]
 86%|████████▋ | 1754/2028 [00:36<00:05, 48.51it/s]
 87%|████████▋ | 1759/2028 [00:36<00:05, 48.58it/s]
 87%|████████▋ | 1764/2028 [00:36<00:05, 48.70it/s]
 87%|████████▋ | 1769/2028 [00:36<00:05, 48.73it/s]
 87%|████████▋ | 1774/2028 [00:36<00:05, 48.90it/s]
 88%|████████▊ | 1779/2028 [00:36<00:05, 48.91it/s]
 88%|████████▊ | 1784/2028 [00:36<00:04, 48.89it/s]
 88%|████████▊ | 1789/2028 [00:36<00:04, 48.95it/s]
 88%|████████▊ | 1794/2028 [00:37<00:04, 48.99it/s]
 89%|████████▊ | 1799/2028 [00:37<00:04, 49.00it/s]
 89%|████████▉ | 1804/2028 [00:37<00:04, 49.07it/s]
 89%|████████▉ | 1809/2028 [00:37<00:04, 49.13it/s]
 89%|████████▉ | 1814/2028 [00:37<00:04, 48.96it/s]
 90%|████████▉ | 1819/2028 [00:37<00:04, 49.05it/s]
 90%|████████▉ | 1824/2028 [00:37<00:04, 49.07it/s]
 90%|█████████ | 1829/2028 [00:37<00:04, 48.99it/s]
 90%|█████████ | 1834/2028 [00:37<00:03, 49.04it/s]
 91%|█████████ | 1839/2028 [00:37<00:03, 49.14it/s]
 91%|█████████ | 1844/2028 [00:38<00:03, 49.17it/s]
 91%|█████████ | 1849/2028 [00:38<00:03, 49.26it/s]
 91%|█████████▏| 1854/2028 [00:38<00:03, 49.10it/s]
 92%|█████████▏| 1859/2028 [00:38<00:03, 49.36it/s]
 92%|█████████▏| 1864/2028 [00:38<00:03, 49.34it/s]
 92%|█████████▏| 1869/2028 [00:38<00:03, 49.35it/s]
 92%|█████████▏| 1874/2028 [00:38<00:03, 49.26it/s]
 93%|█████████▎| 1879/2028 [00:38<00:03, 49.23it/s]
 93%|█████████▎| 1884/2028 [00:38<00:02, 49.09it/s]
 93%|█████████▎| 1889/2028 [00:39<00:02, 49.13it/s]
 93%|█████████▎| 1894/2028 [00:39<00:02, 49.20it/s]
 94%|█████████▎| 1899/2028 [00:39<00:02, 49.29it/s]
 94%|█████████▍| 1904/2028 [00:39<00:02, 49.17it/s]
 94%|█████████▍| 1909/2028 [00:39<00:02, 49.15it/s]
 94%|█████████▍| 1914/2028 [00:39<00:02, 49.20it/s]
 95%|█████████▍| 1919/2028 [00:39<00:02, 49.21it/s]
 95%|█████████▍| 1924/2028 [00:39<00:02, 49.21it/s]
 95%|█████████▌| 1929/2028 [00:39<00:02, 49.17it/s]
 95%|█████████▌| 1934/2028 [00:39<00:01, 49.15it/s]
 96%|█████████▌| 1939/2028 [00:40<00:01, 49.20it/s]
 96%|█████████▌| 1944/2028 [00:40<00:01, 49.22it/s]
 96%|█████████▌| 1949/2028 [00:40<00:01, 49.09it/s]
 96%|█████████▋| 1954/2028 [00:40<00:01, 48.73it/s]
 97%|█████████▋| 1959/2028 [00:40<00:01, 48.90it/s]
 97%|█████████▋| 1964/2028 [00:40<00:01, 48.99it/s]
 97%|█████████▋| 1969/2028 [00:40<00:01, 49.08it/s]
 97%|█████████▋| 1974/2028 [00:40<00:01, 49.13it/s]
 98%|█████████▊| 1979/2028 [00:40<00:00, 49.03it/s]
 98%|█████████▊| 1984/2028 [00:40<00:00, 49.08it/s]
 98%|█████████▊| 1989/2028 [00:41<00:00, 49.19it/s]
 98%|█████████▊| 1994/2028 [00:41<00:00, 49.24it/s]
 99%|█████████▊| 1999/2028 [00:41<00:00, 49.13it/s]
 99%|█████████▉| 2004/2028 [00:41<00:00, 49.09it/s]
 99%|█████████▉| 2009/2028 [00:41<00:00, 49.08it/s]
 99%|█████████▉| 2014/2028 [00:41<00:00, 49.05it/s]
100%|█████████▉| 2019/2028 [00:41<00:00, 49.11it/s]
100%|█████████▉| 2024/2028 [00:41<00:00, 48.97it/s]
100%|██████████| 2028/2028 [00:41<00:00, 48.47it/s]

=== SUCCESS | attempt_time: 0:06:34.682944 ===
