
=== FINE_TUNE_EPOCHS=10-FIT_ONE_CYCLE_EPOCHS=10-MODEL=mobilenet_v3_small-NUM_SAMPLES=5000-FILE_SIZE=35-LOSS=ELSE-retries=0 | attempt 1 | start: 2026-01-26 13:06:47.954554 ===
CACHE: finding existing file count
CACHE: existing count: 5018
samples already exist in cache, will copy to /Users/hariomnarang/.mtrain_synth_cache/extract_all_taco_ca57f852052e6772 -> ../../datasets/T006-morphed/FINE_TUNE_EPOCHS=10-FIT_ONE_CYCLE_EPOCHS=10-MODEL=mobilenet_v3_small-NUM_SAMPLES=5000-FILE_SIZE=35-LOSS=ELSE-retries=0/synth
copied files: 5000
DDG Dumping: samples=5000 size=35 out_dir=../../datasets/T006-morphed/FINE_TUNE_EPOCHS=10-FIT_ONE_CYCLE_EPOCHS=10-MODEL=mobilenet_v3_small-NUM_SAMPLES=5000-FILE_SIZE=35-LOSS=ELSE-retries=0/synth/pos
shuffled set size 158
after samples size 158
10% done
20% done
30% done
40% done
50% done
60% done
70% done
80% done
90% done
100% done
[0, 0.8472256064414978, 0.6555998921394348, '00:10']
[0, 0.607022762298584, 0.5027956366539001, '00:09']
[1, 0.5555908679962158, 0.4188173711299896, '00:09']
[2, 0.5070899128913879, 0.39728033542633057, '00:08']
[3, 0.4901392161846161, 0.3731057643890381, '00:09']
[4, 0.4468036890029907, 0.37697234749794006, '00:08']
[5, 0.4318975806236267, 0.3871431052684784, '00:09']
[6, 0.4110753834247589, 0.357597678899765, '00:08']
[7, 0.40329453349113464, 0.34741678833961487, '00:08']
[8, 0.3852648437023163, 0.34240150451660156, '00:08']
[9, 0.3725059926509857, 0.34289488196372986, '00:09']
[0, 0.39192652702331543, 0.34069591760635376, '00:08']
[1, 0.39470669627189636, 0.33777284622192383, '00:09']
[2, 0.3861002027988434, 0.33823367953300476, '00:08']
[3, 0.3722032308578491, 0.3358326852321625, '00:08']
[4, 0.37604406476020813, 0.3324631154537201, '00:08']
[5, 0.376962810754776, 0.33252382278442383, '00:09']
[6, 0.36971592903137207, 0.33339715003967285, '00:08']
[7, 0.3724866509437561, 0.332900732755661, '00:08']
[8, 0.37410110235214233, 0.33133018016815186, '00:08']
[9, 0.3739253580570221, 0.33255478739738464, '00:08']
/Users/hariomnarang/Desktop/personal/roads/mtrain/.venv/lib/python3.12/site-packages/torchvision/models/_utils.py:208: UserWarning: The parameter 'pretrained' is deprecated since 0.13 and may be removed in the future, please use 'weights' instead.
  warnings.warn(
/Users/hariomnarang/Desktop/personal/roads/mtrain/.venv/lib/python3.12/site-packages/torchvision/models/_utils.py:223: UserWarning: Arguments other than a weight enum or `None` for 'weights' are deprecated since 0.13 and may be removed in the future. The current behavior is equivalent to passing `weights=MobileNet_V3_Small_Weights.IMAGENET1K_V1`. You can also use `weights=MobileNet_V3_Small_Weights.DEFAULT` to get the most up-to-date weights.
  warnings.warn(msg)

  0%|          | 0/660 [00:00<?, ?it/s]
  0%|          | 1/660 [00:00<05:56,  1.85it/s]
  1%|          | 6/660 [00:00<00:56, 11.58it/s]
  2%|▏         | 11/660 [00:00<00:32, 20.20it/s]
  2%|▏         | 16/660 [00:00<00:23, 27.30it/s]
  3%|▎         | 21/660 [00:00<00:19, 33.00it/s]
  4%|▍         | 26/660 [00:01<00:17, 36.96it/s]
  5%|▍         | 31/660 [00:01<00:15, 40.06it/s]
  5%|▌         | 36/660 [00:01<00:14, 42.70it/s]
  6%|▌         | 41/660 [00:01<00:13, 44.65it/s]
  7%|▋         | 46/660 [00:01<00:13, 46.01it/s]
  8%|▊         | 51/660 [00:01<00:12, 47.08it/s]
  8%|▊         | 56/660 [00:01<00:12, 47.76it/s]
  9%|▉         | 61/660 [00:01<00:12, 48.29it/s]
 10%|█         | 67/660 [00:01<00:12, 48.81it/s]
 11%|█         | 72/660 [00:01<00:11, 49.10it/s]
 12%|█▏        | 77/660 [00:02<00:11, 49.15it/s]
 12%|█▏        | 82/660 [00:02<00:11, 48.98it/s]
 13%|█▎        | 87/660 [00:02<00:11, 49.12it/s]
 14%|█▍        | 92/660 [00:02<00:11, 49.33it/s]
 15%|█▍        | 97/660 [00:02<00:11, 49.35it/s]
 15%|█▌        | 102/660 [00:02<00:11, 49.45it/s]
 16%|█▌        | 107/660 [00:02<00:11, 49.08it/s]
 17%|█▋        | 112/660 [00:02<00:11, 49.01it/s]
 18%|█▊        | 117/660 [00:02<00:11, 48.77it/s]
 18%|█▊        | 122/660 [00:03<00:10, 48.92it/s]
 19%|█▉        | 127/660 [00:03<00:10, 49.14it/s]
 20%|██        | 132/660 [00:03<00:10, 49.22it/s]
 21%|██        | 137/660 [00:03<00:10, 49.28it/s]
 22%|██▏       | 142/660 [00:03<00:10, 49.36it/s]
 22%|██▏       | 147/660 [00:03<00:10, 49.45it/s]
 23%|██▎       | 152/660 [00:03<00:10, 49.41it/s]
 24%|██▍       | 157/660 [00:03<00:10, 49.22it/s]
 25%|██▍       | 162/660 [00:03<00:10, 49.45it/s]
 25%|██▌       | 167/660 [00:03<00:09, 49.53it/s]
 26%|██▌       | 172/660 [00:04<00:09, 49.49it/s]
 27%|██▋       | 177/660 [00:04<00:09, 49.58it/s]
 28%|██▊       | 182/660 [00:04<00:09, 49.52it/s]
 28%|██▊       | 187/660 [00:04<00:09, 49.64it/s]
 29%|██▉       | 193/660 [00:04<00:09, 49.81it/s]
 30%|███       | 199/660 [00:04<00:09, 49.82it/s]
 31%|███       | 204/660 [00:04<00:09, 49.81it/s]
 32%|███▏      | 210/660 [00:04<00:09, 49.86it/s]
 33%|███▎      | 215/660 [00:04<00:08, 49.85it/s]
 33%|███▎      | 220/660 [00:04<00:08, 49.63it/s]
 34%|███▍      | 225/660 [00:05<00:08, 49.09it/s]
 35%|███▍      | 230/660 [00:05<00:08, 49.21it/s]
 36%|███▌      | 235/660 [00:05<00:08, 49.24it/s]
 37%|███▋      | 241/660 [00:05<00:08, 49.65it/s]
 37%|███▋      | 246/660 [00:05<00:08, 49.66it/s]
 38%|███▊      | 252/660 [00:05<00:08, 49.78it/s]
 39%|███▉      | 257/660 [00:05<00:08, 49.52it/s]
 40%|███▉      | 262/660 [00:05<00:08, 49.62it/s]
 40%|████      | 267/660 [00:05<00:07, 49.65it/s]
 41%|████      | 272/660 [00:06<00:07, 49.50it/s]
 42%|████▏     | 277/660 [00:06<00:07, 49.36it/s]
 43%|████▎     | 282/660 [00:06<00:07, 49.37it/s]
 43%|████▎     | 287/660 [00:06<00:07, 49.54it/s]
 44%|████▍     | 292/660 [00:06<00:07, 49.59it/s]
 45%|████▌     | 297/660 [00:06<00:07, 49.52it/s]
 46%|████▌     | 302/660 [00:06<00:07, 49.59it/s]
 47%|████▋     | 307/660 [00:06<00:07, 49.58it/s]
 47%|████▋     | 313/660 [00:06<00:06, 49.59it/s]
 48%|████▊     | 318/660 [00:06<00:06, 49.53it/s]
 49%|████▉     | 323/660 [00:07<00:06, 49.60it/s]
 50%|████▉     | 328/660 [00:07<00:06, 49.54it/s]
 50%|█████     | 333/660 [00:07<00:06, 49.51it/s]
 51%|█████     | 338/660 [00:07<00:06, 49.49it/s]
 52%|█████▏    | 343/660 [00:07<00:06, 49.47it/s]
 53%|█████▎    | 349/660 [00:07<00:06, 49.74it/s]
 54%|█████▎    | 354/660 [00:07<00:06, 49.76it/s]
 54%|█████▍    | 359/660 [00:07<00:06, 49.78it/s]
 55%|█████▌    | 364/660 [00:07<00:05, 49.83it/s]
 56%|█████▌    | 369/660 [00:07<00:05, 49.67it/s]
 57%|█████▋    | 374/660 [00:08<00:05, 49.72it/s]
 57%|█████▋    | 379/660 [00:08<00:05, 49.68it/s]
 58%|█████▊    | 385/660 [00:08<00:05, 49.82it/s]
 59%|█████▉    | 391/660 [00:08<00:05, 49.95it/s]
 60%|██████    | 397/660 [00:08<00:05, 49.93it/s]
 61%|██████    | 402/660 [00:08<00:05, 49.93it/s]
 62%|██████▏   | 407/660 [00:08<00:05, 49.86it/s]
 62%|██████▏   | 412/660 [00:08<00:04, 49.69it/s]
 63%|██████▎   | 417/660 [00:08<00:04, 49.49it/s]
 64%|██████▍   | 422/660 [00:09<00:04, 49.28it/s]
 65%|██████▍   | 427/660 [00:09<00:04, 49.12it/s]
 66%|██████▌   | 433/660 [00:09<00:04, 49.41it/s]
 66%|██████▋   | 438/660 [00:09<00:04, 49.49it/s]
 67%|██████▋   | 443/660 [00:09<00:04, 49.42it/s]
 68%|██████▊   | 448/660 [00:09<00:04, 49.47it/s]
 69%|██████▊   | 453/660 [00:09<00:04, 49.48it/s]
 69%|██████▉   | 458/660 [00:09<00:04, 49.55it/s]
 70%|███████   | 464/660 [00:09<00:03, 49.73it/s]
 71%|███████   | 469/660 [00:10<00:03, 49.66it/s]
 72%|███████▏  | 474/660 [00:10<00:03, 49.70it/s]
 73%|███████▎  | 479/660 [00:10<00:03, 49.68it/s]
 73%|███████▎  | 484/660 [00:10<00:03, 49.68it/s]
 74%|███████▍  | 489/660 [00:10<00:03, 49.55it/s]
 75%|███████▌  | 495/660 [00:10<00:03, 49.76it/s]
 76%|███████▌  | 501/660 [00:10<00:03, 49.95it/s]
 77%|███████▋  | 506/660 [00:10<00:03, 49.83it/s]
 77%|███████▋  | 511/660 [00:10<00:03, 49.63it/s]
 78%|███████▊  | 516/660 [00:10<00:02, 49.71it/s]
 79%|███████▉  | 522/660 [00:11<00:02, 49.81it/s]
 80%|███████▉  | 527/660 [00:11<00:02, 49.82it/s]
 81%|████████  | 532/660 [00:11<00:02, 49.78it/s]
 81%|████████▏ | 537/660 [00:11<00:02, 49.76it/s]
 82%|████████▏ | 542/660 [00:11<00:02, 49.78it/s]
 83%|████████▎ | 548/660 [00:11<00:02, 49.92it/s]
 84%|████████▍ | 553/660 [00:11<00:02, 49.88it/s]
 85%|████████▍ | 559/660 [00:11<00:02, 49.84it/s]
 86%|████████▌ | 565/660 [00:11<00:01, 49.94it/s]
 87%|████████▋ | 571/660 [00:12<00:01, 49.93it/s]
 87%|████████▋ | 577/660 [00:12<00:01, 50.04it/s]
 88%|████████▊ | 583/660 [00:12<00:01, 49.88it/s]
 89%|████████▉ | 589/660 [00:12<00:01, 49.90it/s]
 90%|█████████ | 595/660 [00:12<00:01, 49.92it/s]
 91%|█████████ | 601/660 [00:12<00:01, 49.79it/s]
 92%|█████████▏| 607/660 [00:12<00:01, 49.82it/s]
 93%|█████████▎| 612/660 [00:12<00:00, 49.83it/s]
 93%|█████████▎| 617/660 [00:12<00:00, 49.77it/s]
 94%|█████████▍| 623/660 [00:13<00:00, 49.86it/s]
 95%|█████████▌| 628/660 [00:13<00:00, 49.76it/s]
 96%|█████████▌| 634/660 [00:13<00:00, 49.82it/s]
 97%|█████████▋| 639/660 [00:13<00:00, 49.74it/s]
 98%|█████████▊| 644/660 [00:13<00:00, 49.67it/s]
 98%|█████████▊| 650/660 [00:13<00:00, 49.82it/s]
 99%|█████████▉| 655/660 [00:13<00:00, 49.66it/s]
100%|██████████| 660/660 [00:13<00:00, 49.44it/s]
100%|██████████| 660/660 [00:13<00:00, 47.66it/s]

=== SUCCESS | attempt_time: 0:03:35.000149 ===
