
=== FINE_TUNE_EPOCHS=20-FIT_ONE_CYCLE_EPOCHS=10-MODEL=mobilenet_v3_small-NUM_SAMPLES=5000-FILE_SIZE=45-LOSS=ELSE-retries=0 | attempt 1 | start: 2026-01-25 15:29:10.129395 ===
CACHE: finding existing file count
CACHE: existing count: 0
TACO Extraction: samples=5000 size=45 out_dir=/Users/hariomnarang/.mtrain_synth_cache/extract_all_taco_61e76b730499c132
existing samples: 0
remaining (will generate): 5000
loading annotations into memory...
Done (t=0.02s)
creating index...
index created!
total cycles: 2
copied files: 5000
DDG Dumping: samples=5000 size=45 out_dir=../../datasets/T005-with-taco-and-ddg/FINE_TUNE_EPOCHS=20-FIT_ONE_CYCLE_EPOCHS=10-MODEL=mobilenet_v3_small-NUM_SAMPLES=5000-FILE_SIZE=45-LOSS=ELSE-retries=0/synth/pos
shuffled set size 158
after samples size 158
10% done
20% done
30% done
40% done
50% done
60% done
70% done
80% done
90% done
100% done
[0, 0.7969540953636169, 0.8655703067779541, '00:07']
[0, 0.6290233135223389, 0.8922057747840881, '00:07']
[1, 0.5742204189300537, 0.5956296324729919, '00:07']
[2, 0.5384562611579895, 0.4978628158569336, '00:06']
[3, 0.5090987682342529, 0.337259441614151, '00:07']
[4, 0.4781794548034668, 0.3168090283870697, '00:06']
[5, 0.4495602250099182, 0.3219074606895447, '00:07']
[6, 0.41262781620025635, 0.3084356486797333, '00:06']
[7, 0.39374983310699463, 0.32747721672058105, '00:07']
[8, 0.38781535625457764, 0.30797821283340454, '00:06']
[9, 0.3884311020374298, 0.30163517594337463, '00:06']
[10, 0.37416914105415344, 0.2942902445793152, '00:06']
[11, 0.358426570892334, 0.2861332595348358, '00:07']
[12, 0.36008456349372864, 0.2888920307159424, '00:06']
[13, 0.35278135538101196, 0.28819823265075684, '00:06']
[14, 0.3456689417362213, 0.27394840121269226, '00:06']
[15, 0.3400792181491852, 0.27523913979530334, '00:06']
[16, 0.33726170659065247, 0.27629968523979187, '00:06']
[17, 0.34597885608673096, 0.27455803751945496, '00:07']
[18, 0.34889253973960876, 0.27285972237586975, '00:06']
[19, 0.3422849774360657, 0.27357786893844604, '00:06']
[0, 0.32169485092163086, 0.2729951739311218, '00:07']
[1, 0.34158122539520264, 0.2719014883041382, '00:06']
[2, 0.3371303081512451, 0.272373229265213, '00:06']
[3, 0.33432406187057495, 0.2697560787200928, '00:06']
[4, 0.3382759094238281, 0.26827186346054077, '00:07']
[5, 0.3367055058479309, 0.27122974395751953, '00:06']
[6, 0.3334832489490509, 0.2716310918331146, '00:06']
[7, 0.3316118121147156, 0.2690806984901428, '00:06']
[8, 0.33502787351608276, 0.2707023620605469, '00:07']
[9, 0.33495569229125977, 0.26810383796691895, '00:06']
/Users/hariomnarang/Desktop/personal/roads/mtrain/.venv/lib/python3.12/site-packages/torchvision/models/_utils.py:208: UserWarning: The parameter 'pretrained' is deprecated since 0.13 and may be removed in the future, please use 'weights' instead.
  warnings.warn(
/Users/hariomnarang/Desktop/personal/roads/mtrain/.venv/lib/python3.12/site-packages/torchvision/models/_utils.py:223: UserWarning: Arguments other than a weight enum or `None` for 'weights' are deprecated since 0.13 and may be removed in the future. The current behavior is equivalent to passing `weights=MobileNet_V3_Small_Weights.IMAGENET1K_V1`. You can also use `weights=MobileNet_V3_Small_Weights.DEFAULT` to get the most up-to-date weights.
  warnings.warn(msg)

  0%|          | 0/414 [00:00<?, ?it/s]
  0%|          | 1/414 [00:00<02:10,  3.16it/s]
  2%|▏         | 8/414 [00:00<00:17, 23.73it/s]
  4%|▍         | 16/414 [00:00<00:10, 39.27it/s]
  6%|▌         | 24/414 [00:00<00:07, 49.51it/s]
  8%|▊         | 32/414 [00:00<00:06, 56.30it/s]
 10%|▉         | 40/414 [00:00<00:06, 61.00it/s]
 11%|█▏        | 47/414 [00:00<00:05, 63.48it/s]
 13%|█▎        | 55/414 [00:01<00:05, 65.31it/s]
 15%|█▌        | 63/414 [00:01<00:05, 66.94it/s]
 17%|█▋        | 71/414 [00:01<00:04, 68.99it/s]
 19%|█▉        | 79/414 [00:01<00:04, 69.67it/s]
 21%|██        | 87/414 [00:01<00:04, 69.79it/s]
 23%|██▎       | 95/414 [00:01<00:04, 70.11it/s]
 25%|██▍       | 103/414 [00:01<00:04, 70.29it/s]
 27%|██▋       | 111/414 [00:01<00:04, 70.43it/s]
 29%|██▊       | 119/414 [00:01<00:04, 70.41it/s]
 31%|███       | 127/414 [00:02<00:04, 70.49it/s]
 33%|███▎      | 135/414 [00:02<00:03, 70.67it/s]
 35%|███▍      | 143/414 [00:02<00:03, 70.54it/s]
 36%|███▋      | 151/414 [00:02<00:03, 70.50it/s]
 38%|███▊      | 159/414 [00:02<00:03, 70.33it/s]
 40%|████      | 167/414 [00:02<00:03, 70.41it/s]
 42%|████▏     | 175/414 [00:02<00:03, 70.82it/s]
 44%|████▍     | 183/414 [00:02<00:03, 70.89it/s]
 46%|████▌     | 191/414 [00:03<00:03, 70.60it/s]
 48%|████▊     | 199/414 [00:03<00:03, 70.66it/s]
 50%|█████     | 207/414 [00:03<00:02, 70.71it/s]
 52%|█████▏    | 215/414 [00:03<00:02, 70.67it/s]
 54%|█████▍    | 223/414 [00:03<00:02, 70.49it/s]
 56%|█████▌    | 231/414 [00:03<00:02, 70.43it/s]
 58%|█████▊    | 239/414 [00:03<00:02, 70.12it/s]
 60%|█████▉    | 247/414 [00:03<00:02, 70.05it/s]
 62%|██████▏   | 255/414 [00:03<00:02, 69.81it/s]
 63%|██████▎   | 262/414 [00:04<00:02, 69.78it/s]
 65%|██████▍   | 269/414 [00:04<00:02, 69.66it/s]
 67%|██████▋   | 277/414 [00:04<00:01, 70.00it/s]
 69%|██████▉   | 285/414 [00:04<00:01, 70.37it/s]
 71%|███████   | 293/414 [00:04<00:01, 70.27it/s]
 73%|███████▎  | 301/414 [00:04<00:01, 70.49it/s]
 75%|███████▍  | 309/414 [00:04<00:01, 70.57it/s]
 77%|███████▋  | 317/414 [00:04<00:01, 70.30it/s]
 79%|███████▊  | 325/414 [00:04<00:01, 70.39it/s]
 80%|████████  | 333/414 [00:05<00:01, 70.20it/s]
 82%|████████▏ | 341/414 [00:05<00:01, 70.41it/s]
 84%|████████▍ | 349/414 [00:05<00:00, 70.62it/s]
 86%|████████▌ | 357/414 [00:05<00:00, 70.63it/s]
 88%|████████▊ | 365/414 [00:05<00:00, 70.33it/s]
 90%|█████████ | 373/414 [00:05<00:00, 70.45it/s]
 92%|█████████▏| 381/414 [00:05<00:00, 70.77it/s]
 94%|█████████▍| 389/414 [00:05<00:00, 70.65it/s]
 96%|█████████▌| 397/414 [00:05<00:00, 70.53it/s]
 98%|█████████▊| 405/414 [00:06<00:00, 70.44it/s]
100%|█████████▉| 413/414 [00:06<00:00, 70.76it/s]
100%|██████████| 414/414 [00:06<00:00, 67.06it/s]

=== SUCCESS | attempt_time: 0:04:40.535242 ===
